        -:    0:Source:C:/Users/aniru/Desktop/code/src/private/cs6015/msdscript/catch.hpp
        -:    0:Graph:C:\Users\aniru\Desktop\code\src\private\cs6015\msdscript\cmake-build-debug-coverage\CMakeFiles\msdscript.dir\Expr.cpp.gcno
        -:    0:Data:C:\Users\aniru\Desktop\code\src\private\cs6015\msdscript\cmake-build-debug-coverage\CMakeFiles\msdscript.dir\Expr.cpp.gcda
        -:    0:Runs:1
        -:    1:/*
        -:    2: *  Catch v2.13.8
        -:    3: *  Generated: 2022-01-03 21:20:09.589503
        -:    4: *  ----------------------------------------------------------
        -:    5: *  This file has been merged from multiple headers. Please don't edit it directly
        -:    6: *  Copyright (c) 2022 Two Blue Cubes Ltd. All rights reserved.
        -:    7: *
        -:    8: *  Distributed under the Boost Software License, Version 1.0. (See accompanying
        -:    9: *  file LICENSE_1_0.txt or copy at http://www.boost.org/LICENSE_1_0.txt)
        -:   10: */
        -:   11:#ifndef TWOBLUECUBES_SINGLE_INCLUDE_CATCH_HPP_INCLUDED
        -:   12:#define TWOBLUECUBES_SINGLE_INCLUDE_CATCH_HPP_INCLUDED
        -:   13:// start catch.hpp
        -:   14:
        -:   15:
        -:   16:#define CATCH_VERSION_MAJOR 2
        -:   17:#define CATCH_VERSION_MINOR 13
        -:   18:#define CATCH_VERSION_PATCH 8
        -:   19:
        -:   20:#ifdef __clang__
        -:   21:#    pragma clang system_header
        -:   22:#elif defined __GNUC__
        -:   23:#    pragma GCC system_header
        -:   24:#endif
        -:   25:
        -:   26:// start catch_suppress_warnings.h
        -:   27:
        -:   28:#ifdef __clang__
        -:   29:#   ifdef __ICC // icpc defines the __clang__ macro
        -:   30:#       pragma warning(push)
        -:   31:#       pragma warning(disable: 161 1682)
        -:   32:#   else // __ICC
        -:   33:#       pragma clang diagnostic push
        -:   34:#       pragma clang diagnostic ignored "-Wpadded"
        -:   35:#       pragma clang diagnostic ignored "-Wswitch-enum"
        -:   36:#       pragma clang diagnostic ignored "-Wcovered-switch-default"
        -:   37:#    endif
        -:   38:#elif defined __GNUC__
        -:   39:     // Because REQUIREs trigger GCC's -Wparentheses, and because still
        -:   40:     // supported version of g++ have only buggy support for _Pragmas,
        -:   41:     // Wparentheses have to be suppressed globally.
        -:   42:#    pragma GCC diagnostic ignored "-Wparentheses" // See #674 for details
        -:   43:
        -:   44:#    pragma GCC diagnostic push
        -:   45:#    pragma GCC diagnostic ignored "-Wunused-variable"
        -:   46:#    pragma GCC diagnostic ignored "-Wpadded"
        -:   47:#endif
        -:   48:// end catch_suppress_warnings.h
        -:   49:#if defined(CATCH_CONFIG_MAIN) || defined(CATCH_CONFIG_RUNNER)
        -:   50:#  define CATCH_IMPL
        -:   51:#  define CATCH_CONFIG_ALL_PARTS
        -:   52:#endif
        -:   53:
        -:   54:// In the impl file, we want to have access to all parts of the headers
        -:   55:// Can also be used to sanely support PCHs
        -:   56:#if defined(CATCH_CONFIG_ALL_PARTS)
        -:   57:#  define CATCH_CONFIG_EXTERNAL_INTERFACES
        -:   58:#  if defined(CATCH_CONFIG_DISABLE_MATCHERS)
        -:   59:#    undef CATCH_CONFIG_DISABLE_MATCHERS
        -:   60:#  endif
        -:   61:#  if !defined(CATCH_CONFIG_ENABLE_CHRONO_STRINGMAKER)
        -:   62:#    define CATCH_CONFIG_ENABLE_CHRONO_STRINGMAKER
        -:   63:#  endif
        -:   64:#endif
        -:   65:
        -:   66:#if !defined(CATCH_CONFIG_IMPL_ONLY)
        -:   67:// start catch_platform.h
        -:   68:
        -:   69:// See e.g.:
        -:   70:// https://opensource.apple.com/source/CarbonHeaders/CarbonHeaders-18.1/TargetConditionals.h.auto.html
        -:   71:#ifdef __APPLE__
        -:   72:#  include <TargetConditionals.h>
        -:   73:#  if (defined(TARGET_OS_OSX) && TARGET_OS_OSX == 1) || \
        -:   74:      (defined(TARGET_OS_MAC) && TARGET_OS_MAC == 1)
        -:   75:#    define CATCH_PLATFORM_MAC
        -:   76:#  elif (defined(TARGET_OS_IPHONE) && TARGET_OS_IPHONE == 1)
        -:   77:#    define CATCH_PLATFORM_IPHONE
        -:   78:#  endif
        -:   79:
        -:   80:#elif defined(linux) || defined(__linux) || defined(__linux__)
        -:   81:#  define CATCH_PLATFORM_LINUX
        -:   82:
        -:   83:#elif defined(WIN32) || defined(__WIN32__) || defined(_WIN32) || defined(_MSC_VER) || defined(__MINGW32__)
        -:   84:#  define CATCH_PLATFORM_WINDOWS
        -:   85:#endif
        -:   86:
        -:   87:// end catch_platform.h
        -:   88:
        -:   89:#ifdef CATCH_IMPL
        -:   90:#  ifndef CLARA_CONFIG_MAIN
        -:   91:#    define CLARA_CONFIG_MAIN_NOT_DEFINED
        -:   92:#    define CLARA_CONFIG_MAIN
        -:   93:#  endif
        -:   94:#endif
        -:   95:
        -:   96:// start catch_user_interfaces.h
        -:   97:
        -:   98:namespace Catch {
        -:   99:    unsigned int rngSeed();
        -:  100:}
        -:  101:
        -:  102:// end catch_user_interfaces.h
        -:  103:// start catch_tag_alias_autoregistrar.h
        -:  104:
        -:  105:// start catch_common.h
        -:  106:
        -:  107:// start catch_compiler_capabilities.h
        -:  108:
        -:  109:// Detect a number of compiler features - by compiler
        -:  110:// The following features are defined:
        -:  111://
        -:  112:// CATCH_CONFIG_COUNTER : is the __COUNTER__ macro supported?
        -:  113:// CATCH_CONFIG_WINDOWS_SEH : is Windows SEH supported?
        -:  114:// CATCH_CONFIG_POSIX_SIGNALS : are POSIX signals supported?
        -:  115:// CATCH_CONFIG_DISABLE_EXCEPTIONS : Are exceptions enabled?
        -:  116:// ****************
        -:  117:// Note to maintainers: if new toggles are added please document them
        -:  118:// in configuration.md, too
        -:  119:// ****************
        -:  120:
        -:  121:// In general each macro has a _NO_<feature name> form
        -:  122:// (e.g. CATCH_CONFIG_NO_POSIX_SIGNALS) which disables the feature.
        -:  123:// Many features, at point of detection, define an _INTERNAL_ macro, so they
        -:  124:// can be combined, en-mass, with the _NO_ forms later.
        -:  125:
        -:  126:#ifdef __cplusplus
        -:  127:
        -:  128:#  if (__cplusplus >= 201402L) || (defined(_MSVC_LANG) && _MSVC_LANG >= 201402L)
        -:  129:#    define CATCH_CPP14_OR_GREATER
        -:  130:#  endif
        -:  131:
        -:  132:#  if (__cplusplus >= 201703L) || (defined(_MSVC_LANG) && _MSVC_LANG >= 201703L)
        -:  133:#    define CATCH_CPP17_OR_GREATER
        -:  134:#  endif
        -:  135:
        -:  136:#endif
        -:  137:
        -:  138:// Only GCC compiler should be used in this block, so other compilers trying to
        -:  139:// mask themselves as GCC should be ignored.
        -:  140:#if defined(__GNUC__) && !defined(__clang__) && !defined(__ICC) && !defined(__CUDACC__) && !defined(__LCC__)
        -:  141:#    define CATCH_INTERNAL_START_WARNINGS_SUPPRESSION _Pragma( "GCC diagnostic push" )
        -:  142:#    define CATCH_INTERNAL_STOP_WARNINGS_SUPPRESSION  _Pragma( "GCC diagnostic pop" )
        -:  143:
        -:  144:#    define CATCH_INTERNAL_IGNORE_BUT_WARN(...) (void)__builtin_constant_p(__VA_ARGS__)
        -:  145:
        -:  146:#endif
        -:  147:
        -:  148:#if defined(__clang__)
        -:  149:
        -:  150:#    define CATCH_INTERNAL_START_WARNINGS_SUPPRESSION _Pragma( "clang diagnostic push" )
        -:  151:#    define CATCH_INTERNAL_STOP_WARNINGS_SUPPRESSION  _Pragma( "clang diagnostic pop" )
        -:  152:
        -:  153:// As of this writing, IBM XL's implementation of __builtin_constant_p has a bug
        -:  154:// which results in calls to destructors being emitted for each temporary,
        -:  155:// without a matching initialization. In practice, this can result in something
        -:  156:// like `std::string::~string` being called on an uninitialized value.
        -:  157://
        -:  158:// For example, this code will likely segfault under IBM XL:
        -:  159:// ```
        -:  160:// REQUIRE(std::string("12") + "34" == "1234")
        -:  161:// ```
        -:  162://
        -:  163:// Therefore, `CATCH_INTERNAL_IGNORE_BUT_WARN` is not implemented.
        -:  164:#  if !defined(__ibmxl__) && !defined(__CUDACC__)
        -:  165:#    define CATCH_INTERNAL_IGNORE_BUT_WARN(...) (void)__builtin_constant_p(__VA_ARGS__) /* NOLINT(cppcoreguidelines-pro-type-vararg, hicpp-vararg) */
        -:  166:#  endif
        -:  167:
        -:  168:#    define CATCH_INTERNAL_SUPPRESS_GLOBALS_WARNINGS \
        -:  169:         _Pragma( "clang diagnostic ignored \"-Wexit-time-destructors\"" ) \
        -:  170:         _Pragma( "clang diagnostic ignored \"-Wglobal-constructors\"")
        -:  171:
        -:  172:#    define CATCH_INTERNAL_SUPPRESS_PARENTHESES_WARNINGS \
        -:  173:         _Pragma( "clang diagnostic ignored \"-Wparentheses\"" )
        -:  174:
        -:  175:#    define CATCH_INTERNAL_SUPPRESS_UNUSED_WARNINGS \
        -:  176:         _Pragma( "clang diagnostic ignored \"-Wunused-variable\"" )
        -:  177:
        -:  178:#    define CATCH_INTERNAL_SUPPRESS_ZERO_VARIADIC_WARNINGS \
        -:  179:         _Pragma( "clang diagnostic ignored \"-Wgnu-zero-variadic-macro-arguments\"" )
        -:  180:
        -:  181:#    define CATCH_INTERNAL_SUPPRESS_UNUSED_TEMPLATE_WARNINGS \
        -:  182:         _Pragma( "clang diagnostic ignored \"-Wunused-template\"" )
        -:  183:
        -:  184:#endif // __clang__
        -:  185:
        -:  186:////////////////////////////////////////////////////////////////////////////////
        -:  187:// Assume that non-Windows platforms support posix signals by default
        -:  188:#if !defined(CATCH_PLATFORM_WINDOWS)
        -:  189:    #define CATCH_INTERNAL_CONFIG_POSIX_SIGNALS
        -:  190:#endif
        -:  191:
        -:  192:////////////////////////////////////////////////////////////////////////////////
        -:  193:// We know some environments not to support full POSIX signals
        -:  194:#if defined(__CYGWIN__) || defined(__QNX__) || defined(__EMSCRIPTEN__) || defined(__DJGPP__)
        -:  195:    #define CATCH_INTERNAL_CONFIG_NO_POSIX_SIGNALS
        -:  196:#endif
        -:  197:
        -:  198:#ifdef __OS400__
        -:  199:#       define CATCH_INTERNAL_CONFIG_NO_POSIX_SIGNALS
        -:  200:#       define CATCH_CONFIG_COLOUR_NONE
        -:  201:#endif
        -:  202:
        -:  203:////////////////////////////////////////////////////////////////////////////////
        -:  204:// Android somehow still does not support std::to_string
        -:  205:#if defined(__ANDROID__)
        -:  206:#    define CATCH_INTERNAL_CONFIG_NO_CPP11_TO_STRING
        -:  207:#    define CATCH_INTERNAL_CONFIG_ANDROID_LOGWRITE
        -:  208:#endif
        -:  209:
        -:  210:////////////////////////////////////////////////////////////////////////////////
        -:  211:// Not all Windows environments support SEH properly
        -:  212:#if defined(__MINGW32__)
        -:  213:#    define CATCH_INTERNAL_CONFIG_NO_WINDOWS_SEH
        -:  214:#endif
        -:  215:
        -:  216:////////////////////////////////////////////////////////////////////////////////
        -:  217:// PS4
        -:  218:#if defined(__ORBIS__)
        -:  219:#    define CATCH_INTERNAL_CONFIG_NO_NEW_CAPTURE
        -:  220:#endif
        -:  221:
        -:  222:////////////////////////////////////////////////////////////////////////////////
        -:  223:// Cygwin
        -:  224:#ifdef __CYGWIN__
        -:  225:
        -:  226:// Required for some versions of Cygwin to declare gettimeofday
        -:  227:// see: http://stackoverflow.com/questions/36901803/gettimeofday-not-declared-in-this-scope-cygwin
        -:  228:#   define _BSD_SOURCE
        -:  229:// some versions of cygwin (most) do not support std::to_string. Use the libstd check.
        -:  230:// https://gcc.gnu.org/onlinedocs/gcc-4.8.2/libstdc++/api/a01053_source.html line 2812-2813
        -:  231:# if !((__cplusplus >= 201103L) && defined(_GLIBCXX_USE_C99) \
        -:  232:           && !defined(_GLIBCXX_HAVE_BROKEN_VSWPRINTF))
        -:  233:
        -:  234:#    define CATCH_INTERNAL_CONFIG_NO_CPP11_TO_STRING
        -:  235:
        -:  236:# endif
        -:  237:#endif // __CYGWIN__
        -:  238:
        -:  239:////////////////////////////////////////////////////////////////////////////////
        -:  240:// Visual C++
        -:  241:#if defined(_MSC_VER)
        -:  242:
        -:  243:// Universal Windows platform does not support SEH
        -:  244:// Or console colours (or console at all...)
        -:  245:#  if defined(WINAPI_FAMILY) && (WINAPI_FAMILY == WINAPI_FAMILY_APP)
        -:  246:#    define CATCH_CONFIG_COLOUR_NONE
        -:  247:#  else
        -:  248:#    define CATCH_INTERNAL_CONFIG_WINDOWS_SEH
        -:  249:#  endif
        -:  250:
        -:  251:#  if !defined(__clang__) // Handle Clang masquerading for msvc
        -:  252:
        -:  253:// MSVC traditional preprocessor needs some workaround for __VA_ARGS__
        -:  254:// _MSVC_TRADITIONAL == 0 means new conformant preprocessor
        -:  255:// _MSVC_TRADITIONAL == 1 means old traditional non-conformant preprocessor
        -:  256:#    if !defined(_MSVC_TRADITIONAL) || (defined(_MSVC_TRADITIONAL) && _MSVC_TRADITIONAL)
        -:  257:#      define CATCH_INTERNAL_CONFIG_TRADITIONAL_MSVC_PREPROCESSOR
        -:  258:#    endif // MSVC_TRADITIONAL
        -:  259:
        -:  260:// Only do this if we're not using clang on Windows, which uses `diagnostic push` & `diagnostic pop`
        -:  261:#    define CATCH_INTERNAL_START_WARNINGS_SUPPRESSION __pragma( warning(push) )
        -:  262:#    define CATCH_INTERNAL_STOP_WARNINGS_SUPPRESSION  __pragma( warning(pop) )
        -:  263:#  endif // __clang__
        -:  264:
        -:  265:#endif // _MSC_VER
        -:  266:
        -:  267:#if defined(_REENTRANT) || defined(_MSC_VER)
        -:  268:// Enable async processing, as -pthread is specified or no additional linking is required
        -:  269:# define CATCH_INTERNAL_CONFIG_USE_ASYNC
        -:  270:#endif // _MSC_VER
        -:  271:
        -:  272:////////////////////////////////////////////////////////////////////////////////
        -:  273:// Check if we are compiled with -fno-exceptions or equivalent
        -:  274:#if defined(__EXCEPTIONS) || defined(__cpp_exceptions) || defined(_CPPUNWIND)
        -:  275:#  define CATCH_INTERNAL_CONFIG_EXCEPTIONS_ENABLED
        -:  276:#endif
        -:  277:
        -:  278:////////////////////////////////////////////////////////////////////////////////
        -:  279:// DJGPP
        -:  280:#ifdef __DJGPP__
        -:  281:#  define CATCH_INTERNAL_CONFIG_NO_WCHAR
        -:  282:#endif // __DJGPP__
        -:  283:
        -:  284:////////////////////////////////////////////////////////////////////////////////
        -:  285:// Embarcadero C++Build
        -:  286:#if defined(__BORLANDC__)
        -:  287:    #define CATCH_INTERNAL_CONFIG_POLYFILL_ISNAN
        -:  288:#endif
        -:  289:
        -:  290:////////////////////////////////////////////////////////////////////////////////
        -:  291:
        -:  292:// Use of __COUNTER__ is suppressed during code analysis in
        -:  293:// CLion/AppCode 2017.2.x and former, because __COUNTER__ is not properly
        -:  294:// handled by it.
        -:  295:// Otherwise all supported compilers support COUNTER macro,
        -:  296:// but user still might want to turn it off
        -:  297:#if ( !defined(__JETBRAINS_IDE__) || __JETBRAINS_IDE__ >= 20170300L )
        -:  298:    #define CATCH_INTERNAL_CONFIG_COUNTER
        -:  299:#endif
        -:  300:
        -:  301:////////////////////////////////////////////////////////////////////////////////
        -:  302:
        -:  303:// RTX is a special version of Windows that is real time.
        -:  304:// This means that it is detected as Windows, but does not provide
        -:  305:// the same set of capabilities as real Windows does.
        -:  306:#if defined(UNDER_RTSS) || defined(RTX64_BUILD)
        -:  307:    #define CATCH_INTERNAL_CONFIG_NO_WINDOWS_SEH
        -:  308:    #define CATCH_INTERNAL_CONFIG_NO_ASYNC
        -:  309:    #define CATCH_CONFIG_COLOUR_NONE
        -:  310:#endif
        -:  311:
        -:  312:#if !defined(_GLIBCXX_USE_C99_MATH_TR1)
        -:  313:#define CATCH_INTERNAL_CONFIG_GLOBAL_NEXTAFTER
        -:  314:#endif
        -:  315:
        -:  316:// Various stdlib support checks that require __has_include
        -:  317:#if defined(__has_include)
        -:  318:  // Check if string_view is available and usable
        -:  319:  #if __has_include(<string_view>) && defined(CATCH_CPP17_OR_GREATER)
        -:  320:  #    define CATCH_INTERNAL_CONFIG_CPP17_STRING_VIEW
        -:  321:  #endif
        -:  322:
        -:  323:  // Check if optional is available and usable
        -:  324:  #  if __has_include(<optional>) && defined(CATCH_CPP17_OR_GREATER)
        -:  325:  #    define CATCH_INTERNAL_CONFIG_CPP17_OPTIONAL
        -:  326:  #  endif // __has_include(<optional>) && defined(CATCH_CPP17_OR_GREATER)
        -:  327:
        -:  328:  // Check if byte is available and usable
        -:  329:  #  if __has_include(<cstddef>) && defined(CATCH_CPP17_OR_GREATER)
        -:  330:  #    include <cstddef>
        -:  331:  #    if defined(__cpp_lib_byte) && (__cpp_lib_byte > 0)
        -:  332:  #      define CATCH_INTERNAL_CONFIG_CPP17_BYTE
        -:  333:  #    endif
        -:  334:  #  endif // __has_include(<cstddef>) && defined(CATCH_CPP17_OR_GREATER)
        -:  335:
        -:  336:  // Check if variant is available and usable
        -:  337:  #  if __has_include(<variant>) && defined(CATCH_CPP17_OR_GREATER)
        -:  338:  #    if defined(__clang__) && (__clang_major__ < 8)
        -:  339:         // work around clang bug with libstdc++ https://bugs.llvm.org/show_bug.cgi?id=31852
        -:  340:         // fix should be in clang 8, workaround in libstdc++ 8.2
        -:  341:  #      include <ciso646>
        -:  342:  #      if defined(__GLIBCXX__) && defined(_GLIBCXX_RELEASE) && (_GLIBCXX_RELEASE < 9)
        -:  343:  #        define CATCH_CONFIG_NO_CPP17_VARIANT
        -:  344:  #      else
        -:  345:  #        define CATCH_INTERNAL_CONFIG_CPP17_VARIANT
        -:  346:  #      endif // defined(__GLIBCXX__) && defined(_GLIBCXX_RELEASE) && (_GLIBCXX_RELEASE < 9)
        -:  347:  #    else
        -:  348:  #      define CATCH_INTERNAL_CONFIG_CPP17_VARIANT
        -:  349:  #    endif // defined(__clang__) && (__clang_major__ < 8)
        -:  350:  #  endif // __has_include(<variant>) && defined(CATCH_CPP17_OR_GREATER)
        -:  351:#endif // defined(__has_include)
        -:  352:
        -:  353:#if defined(CATCH_INTERNAL_CONFIG_COUNTER) && !defined(CATCH_CONFIG_NO_COUNTER) && !defined(CATCH_CONFIG_COUNTER)
        -:  354:#   define CATCH_CONFIG_COUNTER
        -:  355:#endif
        -:  356:#if defined(CATCH_INTERNAL_CONFIG_WINDOWS_SEH) && !defined(CATCH_CONFIG_NO_WINDOWS_SEH) && !defined(CATCH_CONFIG_WINDOWS_SEH) && !defined(CATCH_INTERNAL_CONFIG_NO_WINDOWS_SEH)
        -:  357:#   define CATCH_CONFIG_WINDOWS_SEH
        -:  358:#endif
        -:  359:// This is set by default, because we assume that unix compilers are posix-signal-compatible by default.
        -:  360:#if defined(CATCH_INTERNAL_CONFIG_POSIX_SIGNALS) && !defined(CATCH_INTERNAL_CONFIG_NO_POSIX_SIGNALS) && !defined(CATCH_CONFIG_NO_POSIX_SIGNALS) && !defined(CATCH_CONFIG_POSIX_SIGNALS)
        -:  361:#   define CATCH_CONFIG_POSIX_SIGNALS
        -:  362:#endif
        -:  363:// This is set by default, because we assume that compilers with no wchar_t support are just rare exceptions.
        -:  364:#if !defined(CATCH_INTERNAL_CONFIG_NO_WCHAR) && !defined(CATCH_CONFIG_NO_WCHAR) && !defined(CATCH_CONFIG_WCHAR)
        -:  365:#   define CATCH_CONFIG_WCHAR
        -:  366:#endif
        -:  367:
        -:  368:#if !defined(CATCH_INTERNAL_CONFIG_NO_CPP11_TO_STRING) && !defined(CATCH_CONFIG_NO_CPP11_TO_STRING) && !defined(CATCH_CONFIG_CPP11_TO_STRING)
        -:  369:#    define CATCH_CONFIG_CPP11_TO_STRING
        -:  370:#endif
        -:  371:
        -:  372:#if defined(CATCH_INTERNAL_CONFIG_CPP17_OPTIONAL) && !defined(CATCH_CONFIG_NO_CPP17_OPTIONAL) && !defined(CATCH_CONFIG_CPP17_OPTIONAL)
        -:  373:#  define CATCH_CONFIG_CPP17_OPTIONAL
        -:  374:#endif
        -:  375:
        -:  376:#if defined(CATCH_INTERNAL_CONFIG_CPP17_STRING_VIEW) && !defined(CATCH_CONFIG_NO_CPP17_STRING_VIEW) && !defined(CATCH_CONFIG_CPP17_STRING_VIEW)
        -:  377:#  define CATCH_CONFIG_CPP17_STRING_VIEW
        -:  378:#endif
        -:  379:
        -:  380:#if defined(CATCH_INTERNAL_CONFIG_CPP17_VARIANT) && !defined(CATCH_CONFIG_NO_CPP17_VARIANT) && !defined(CATCH_CONFIG_CPP17_VARIANT)
        -:  381:#  define CATCH_CONFIG_CPP17_VARIANT
        -:  382:#endif
        -:  383:
        -:  384:#if defined(CATCH_INTERNAL_CONFIG_CPP17_BYTE) && !defined(CATCH_CONFIG_NO_CPP17_BYTE) && !defined(CATCH_CONFIG_CPP17_BYTE)
        -:  385:#  define CATCH_CONFIG_CPP17_BYTE
        -:  386:#endif
        -:  387:
        -:  388:#if defined(CATCH_CONFIG_EXPERIMENTAL_REDIRECT)
        -:  389:#  define CATCH_INTERNAL_CONFIG_NEW_CAPTURE
        -:  390:#endif
        -:  391:
        -:  392:#if defined(CATCH_INTERNAL_CONFIG_NEW_CAPTURE) && !defined(CATCH_INTERNAL_CONFIG_NO_NEW_CAPTURE) && !defined(CATCH_CONFIG_NO_NEW_CAPTURE) && !defined(CATCH_CONFIG_NEW_CAPTURE)
        -:  393:#  define CATCH_CONFIG_NEW_CAPTURE
        -:  394:#endif
        -:  395:
        -:  396:#if !defined(CATCH_INTERNAL_CONFIG_EXCEPTIONS_ENABLED) && !defined(CATCH_CONFIG_DISABLE_EXCEPTIONS)
        -:  397:#  define CATCH_CONFIG_DISABLE_EXCEPTIONS
        -:  398:#endif
        -:  399:
        -:  400:#if defined(CATCH_INTERNAL_CONFIG_POLYFILL_ISNAN) && !defined(CATCH_CONFIG_NO_POLYFILL_ISNAN) && !defined(CATCH_CONFIG_POLYFILL_ISNAN)
        -:  401:#  define CATCH_CONFIG_POLYFILL_ISNAN
        -:  402:#endif
        -:  403:
        -:  404:#if defined(CATCH_INTERNAL_CONFIG_USE_ASYNC)  && !defined(CATCH_INTERNAL_CONFIG_NO_ASYNC) && !defined(CATCH_CONFIG_NO_USE_ASYNC) && !defined(CATCH_CONFIG_USE_ASYNC)
        -:  405:#  define CATCH_CONFIG_USE_ASYNC
        -:  406:#endif
        -:  407:
        -:  408:#if defined(CATCH_INTERNAL_CONFIG_ANDROID_LOGWRITE) && !defined(CATCH_CONFIG_NO_ANDROID_LOGWRITE) && !defined(CATCH_CONFIG_ANDROID_LOGWRITE)
        -:  409:#  define CATCH_CONFIG_ANDROID_LOGWRITE
        -:  410:#endif
        -:  411:
        -:  412:#if defined(CATCH_INTERNAL_CONFIG_GLOBAL_NEXTAFTER) && !defined(CATCH_CONFIG_NO_GLOBAL_NEXTAFTER) && !defined(CATCH_CONFIG_GLOBAL_NEXTAFTER)
        -:  413:#  define CATCH_CONFIG_GLOBAL_NEXTAFTER
        -:  414:#endif
        -:  415:
        -:  416:// Even if we do not think the compiler has that warning, we still have
        -:  417:// to provide a macro that can be used by the code.
        -:  418:#if !defined(CATCH_INTERNAL_START_WARNINGS_SUPPRESSION)
        -:  419:#   define CATCH_INTERNAL_START_WARNINGS_SUPPRESSION
        -:  420:#endif
        -:  421:#if !defined(CATCH_INTERNAL_STOP_WARNINGS_SUPPRESSION)
        -:  422:#   define CATCH_INTERNAL_STOP_WARNINGS_SUPPRESSION
        -:  423:#endif
        -:  424:#if !defined(CATCH_INTERNAL_SUPPRESS_PARENTHESES_WARNINGS)
        -:  425:#   define CATCH_INTERNAL_SUPPRESS_PARENTHESES_WARNINGS
        -:  426:#endif
        -:  427:#if !defined(CATCH_INTERNAL_SUPPRESS_GLOBALS_WARNINGS)
        -:  428:#   define CATCH_INTERNAL_SUPPRESS_GLOBALS_WARNINGS
        -:  429:#endif
        -:  430:#if !defined(CATCH_INTERNAL_SUPPRESS_UNUSED_WARNINGS)
        -:  431:#   define CATCH_INTERNAL_SUPPRESS_UNUSED_WARNINGS
        -:  432:#endif
        -:  433:#if !defined(CATCH_INTERNAL_SUPPRESS_ZERO_VARIADIC_WARNINGS)
        -:  434:#   define CATCH_INTERNAL_SUPPRESS_ZERO_VARIADIC_WARNINGS
        -:  435:#endif
        -:  436:
        -:  437:// The goal of this macro is to avoid evaluation of the arguments, but
        -:  438:// still have the compiler warn on problems inside...
        -:  439:#if !defined(CATCH_INTERNAL_IGNORE_BUT_WARN)
        -:  440:#   define CATCH_INTERNAL_IGNORE_BUT_WARN(...)
        -:  441:#endif
        -:  442:
        -:  443:#if defined(__APPLE__) && defined(__apple_build_version__) && (__clang_major__ < 10)
        -:  444:#   undef CATCH_INTERNAL_SUPPRESS_UNUSED_TEMPLATE_WARNINGS
        -:  445:#elif defined(__clang__) && (__clang_major__ < 5)
        -:  446:#   undef CATCH_INTERNAL_SUPPRESS_UNUSED_TEMPLATE_WARNINGS
        -:  447:#endif
        -:  448:
        -:  449:#if !defined(CATCH_INTERNAL_SUPPRESS_UNUSED_TEMPLATE_WARNINGS)
        -:  450:#   define CATCH_INTERNAL_SUPPRESS_UNUSED_TEMPLATE_WARNINGS
        -:  451:#endif
        -:  452:
        -:  453:#if defined(CATCH_CONFIG_DISABLE_EXCEPTIONS)
        -:  454:#define CATCH_TRY if ((true))
        -:  455:#define CATCH_CATCH_ALL if ((false))
        -:  456:#define CATCH_CATCH_ANON(type) if ((false))
        -:  457:#else
        -:  458:#define CATCH_TRY try
        -:  459:#define CATCH_CATCH_ALL catch (...)
        -:  460:#define CATCH_CATCH_ANON(type) catch (type)
        -:  461:#endif
        -:  462:
        -:  463:#if defined(CATCH_INTERNAL_CONFIG_TRADITIONAL_MSVC_PREPROCESSOR) && !defined(CATCH_CONFIG_NO_TRADITIONAL_MSVC_PREPROCESSOR) && !defined(CATCH_CONFIG_TRADITIONAL_MSVC_PREPROCESSOR)
        -:  464:#define CATCH_CONFIG_TRADITIONAL_MSVC_PREPROCESSOR
        -:  465:#endif
        -:  466:
        -:  467:// end catch_compiler_capabilities.h
        -:  468:#define INTERNAL_CATCH_UNIQUE_NAME_LINE2( name, line ) name##line
        -:  469:#define INTERNAL_CATCH_UNIQUE_NAME_LINE( name, line ) INTERNAL_CATCH_UNIQUE_NAME_LINE2( name, line )
        -:  470:#ifdef CATCH_CONFIG_COUNTER
        -:  471:#  define INTERNAL_CATCH_UNIQUE_NAME( name ) INTERNAL_CATCH_UNIQUE_NAME_LINE( name, __COUNTER__ )
        -:  472:#else
        -:  473:#  define INTERNAL_CATCH_UNIQUE_NAME( name ) INTERNAL_CATCH_UNIQUE_NAME_LINE( name, __LINE__ )
        -:  474:#endif
        -:  475:
        -:  476:#include <iosfwd>
        -:  477:#include <string>
        -:  478:#include <cstdint>
        -:  479:
        -:  480:// We need a dummy global operator<< so we can bring it into Catch namespace later
        -:  481:struct Catch_global_namespace_dummy {};
        -:  482:std::ostream& operator<<(std::ostream&, Catch_global_namespace_dummy);
        -:  483:
        -:  484:namespace Catch {
        -:  485:
        -:  486:    struct CaseSensitive { enum Choice {
        -:  487:        Yes,
        -:  488:        No
        -:  489:    }; };
        -:  490:
        -:  491:    class NonCopyable {
        -:  492:        NonCopyable( NonCopyable const& )              = delete;
        -:  493:        NonCopyable( NonCopyable && )                  = delete;
        -:  494:        NonCopyable& operator = ( NonCopyable const& ) = delete;
        -:  495:        NonCopyable& operator = ( NonCopyable && )     = delete;
        -:  496:
        -:  497:    protected:
        -:  498:        NonCopyable();
        -:  499:        virtual ~NonCopyable();
        -:  500:    };
        -:  501:
        -:  502:    struct SourceLineInfo {
        -:  503:
        -:  504:        SourceLineInfo() = delete;
function _ZN5Catch14SourceLineInfoC1EPKcy called 49 returned 100% blocks executed 100%
       49:  505:        SourceLineInfo( char const* _file, std::size_t _line ) noexcept
       49:  506:        :   file( _file ),
       49:  507:            line( _line )
       49:  508:        {}
        -:  509:
        -:  510:        SourceLineInfo( SourceLineInfo const& other )            = default;
        -:  511:        SourceLineInfo& operator = ( SourceLineInfo const& )     = default;
        -:  512:        SourceLineInfo( SourceLineInfo&& )              noexcept = default;
        -:  513:        SourceLineInfo& operator = ( SourceLineInfo&& ) noexcept = default;
        -:  514:
        -:  515:        bool empty() const noexcept { return file[0] == '\0'; }
        -:  516:        bool operator == ( SourceLineInfo const& other ) const noexcept;
        -:  517:        bool operator < ( SourceLineInfo const& other ) const noexcept;
        -:  518:
        -:  519:        char const* file;
        -:  520:        std::size_t line;
        -:  521:    };
        -:  522:
        -:  523:    std::ostream& operator << ( std::ostream& os, SourceLineInfo const& info );
        -:  524:
        -:  525:    // Bring in operator<< from global namespace into Catch namespace
        -:  526:    // This is necessary because the overload of operator<< above makes
        -:  527:    // lookup stop at namespace Catch
        -:  528:    using ::operator<<;
        -:  529:
        -:  530:    // Use this in variadic streaming macros to allow
        -:  531:    //    >> +StreamEndStop
        -:  532:    // as well as
        -:  533:    //    >> stuff +StreamEndStop
        -:  534:    struct StreamEndStop {
        -:  535:        std::string operator+() const;
        -:  536:    };
        -:  537:    template<typename T>
        -:  538:    T const& operator + ( T const& value, StreamEndStop ) {
        -:  539:        return value;
        -:  540:    }
        -:  541:}
        -:  542:
        -:  543:#define CATCH_INTERNAL_LINEINFO \
        -:  544:    ::Catch::SourceLineInfo( __FILE__, static_cast<std::size_t>( __LINE__ ) )
        -:  545:
        -:  546:// end catch_common.h
        -:  547:namespace Catch {
        -:  548:
        -:  549:    struct RegistrarForTagAliases {
        -:  550:        RegistrarForTagAliases( char const* alias, char const* tag, SourceLineInfo const& lineInfo );
        -:  551:    };
        -:  552:
        -:  553:} // end namespace Catch
        -:  554:
        -:  555:#define CATCH_REGISTER_TAG_ALIAS( alias, spec ) \
        -:  556:    CATCH_INTERNAL_START_WARNINGS_SUPPRESSION \
        -:  557:    CATCH_INTERNAL_SUPPRESS_GLOBALS_WARNINGS \
        -:  558:    namespace{ Catch::RegistrarForTagAliases INTERNAL_CATCH_UNIQUE_NAME( AutoRegisterTagAlias )( alias, spec, CATCH_INTERNAL_LINEINFO ); } \
        -:  559:    CATCH_INTERNAL_STOP_WARNINGS_SUPPRESSION
        -:  560:
        -:  561:// end catch_tag_alias_autoregistrar.h
        -:  562:// start catch_test_registry.h
        -:  563:
        -:  564:// start catch_interfaces_testcase.h
        -:  565:
        -:  566:#include <vector>
        -:  567:
        -:  568:namespace Catch {
        -:  569:
        -:  570:    class TestSpec;
        -:  571:
        -:  572:    struct ITestInvoker {
        -:  573:        virtual void invoke () const = 0;
        -:  574:        virtual ~ITestInvoker();
        -:  575:    };
        -:  576:
        -:  577:    class TestCase;
        -:  578:    struct IConfig;
        -:  579:
        -:  580:    struct ITestCaseRegistry {
        -:  581:        virtual ~ITestCaseRegistry();
        -:  582:        virtual std::vector<TestCase> const& getAllTests() const = 0;
        -:  583:        virtual std::vector<TestCase> const& getAllTestsSorted( IConfig const& config ) const = 0;
        -:  584:    };
        -:  585:
        -:  586:    bool isThrowSafe( TestCase const& testCase, IConfig const& config );
        -:  587:    bool matchTest( TestCase const& testCase, TestSpec const& testSpec, IConfig const& config );
        -:  588:    std::vector<TestCase> filterTests( std::vector<TestCase> const& testCases, TestSpec const& testSpec, IConfig const& config );
        -:  589:    std::vector<TestCase> const& getAllTestCasesSorted( IConfig const& config );
        -:  590:
        -:  591:}
        -:  592:
        -:  593:// end catch_interfaces_testcase.h
        -:  594:// start catch_stringref.h
        -:  595:
        -:  596:#include <cstddef>
        -:  597:#include <string>
        -:  598:#include <iosfwd>
        -:  599:#include <cassert>
        -:  600:
        -:  601:namespace Catch {
        -:  602:
        -:  603:    /// A non-owning string class (similar to the forthcoming std::string_view)
        -:  604:    /// Note that, because a StringRef may be a substring of another string,
        -:  605:    /// it may not be null terminated.
        -:  606:    class StringRef {
        -:  607:    public:
        -:  608:        using size_type = std::size_t;
        -:  609:        using const_iterator = const char*;
        -:  610:
        -:  611:    private:
        -:  612:        static constexpr char const* const s_empty = "";
        -:  613:
        -:  614:        char const* m_start = s_empty;
        -:  615:        size_type m_size = 0;
        -:  616:
        -:  617:    public: // construction
function _ZN5Catch9StringRefC1Ev called 48 returned 100% blocks executed 100%
       48:  618:        constexpr StringRef() noexcept = default;
        -:  619:
        -:  620:        StringRef( char const* rawChars ) noexcept;
        -:  621:
function _ZN5Catch9StringRefC1EPKcy called 180 returned 100% blocks executed 100%
      180:  622:        constexpr StringRef( char const* rawChars, size_type size ) noexcept
      180:  623:        :   m_start( rawChars ),
      180:  624:            m_size( size )
      180:  625:        {}
        -:  626:
        -:  627:        StringRef( std::string const& stdString ) noexcept
        -:  628:        :   m_start( stdString.c_str() ),
        -:  629:            m_size( stdString.size() )
        -:  630:        {}
        -:  631:
        -:  632:        explicit operator std::string() const {
        -:  633:            return std::string(m_start, m_size);
        -:  634:        }
        -:  635:
        -:  636:    public: // operators
        -:  637:        auto operator == ( StringRef const& other ) const noexcept -> bool;
        -:  638:        auto operator != (StringRef const& other) const noexcept -> bool {
        -:  639:            return !(*this == other);
        -:  640:        }
        -:  641:
        -:  642:        auto operator[] ( size_type index ) const noexcept -> char {
        -:  643:            assert(index < m_size);
        -:  644:            return m_start[index];
        -:  645:        }
        -:  646:
        -:  647:    public: // named queries
        -:  648:        constexpr auto empty() const noexcept -> bool {
        -:  649:            return m_size == 0;
        -:  650:        }
        -:  651:        constexpr auto size() const noexcept -> size_type {
        -:  652:            return m_size;
        -:  653:        }
        -:  654:
        -:  655:        // Returns the current start pointer. If the StringRef is not
        -:  656:        // null-terminated, throws std::domain_exception
        -:  657:        auto c_str() const -> char const*;
        -:  658:
        -:  659:    public: // substrings and searches
        -:  660:        // Returns a substring of [start, start + length).
        -:  661:        // If start + length > size(), then the substring is [start, size()).
        -:  662:        // If start > size(), then the substring is empty.
        -:  663:        auto substr( size_type start, size_type length ) const noexcept -> StringRef;
        -:  664:
        -:  665:        // Returns the current start pointer. May not be null-terminated.
        -:  666:        auto data() const noexcept -> char const*;
        -:  667:
        -:  668:        constexpr auto isNullTerminated() const noexcept -> bool {
        -:  669:            return m_start[m_size] == '\0';
        -:  670:        }
        -:  671:
        -:  672:    public: // iterators
        -:  673:        constexpr const_iterator begin() const { return m_start; }
        -:  674:        constexpr const_iterator end() const { return m_start + m_size; }
        -:  675:    };
        -:  676:
        -:  677:    auto operator += ( std::string& lhs, StringRef const& sr ) -> std::string&;
        -:  678:    auto operator << ( std::ostream& os, StringRef const& sr ) -> std::ostream&;
        -:  679:
        -:  680:    constexpr auto operator "" _sr( char const* rawChars, std::size_t size ) noexcept -> StringRef {
        -:  681:        return StringRef( rawChars, size );
        -:  682:    }
        -:  683:} // namespace Catch
        -:  684:
function _Zli9_catch_srPKcy called 47 returned 100% blocks executed 100%
       47:  685:constexpr auto operator "" _catch_sr( char const* rawChars, std::size_t size ) noexcept -> Catch::StringRef {
       47:  686:    return Catch::StringRef( rawChars, size );
       47:  686-block  0
call    0 returned 47
        -:  687:}
        -:  688:
        -:  689:// end catch_stringref.h
        -:  690:// start catch_preprocessor.hpp
        -:  691:
        -:  692:
        -:  693:#define CATCH_RECURSION_LEVEL0(...) __VA_ARGS__
        -:  694:#define CATCH_RECURSION_LEVEL1(...) CATCH_RECURSION_LEVEL0(CATCH_RECURSION_LEVEL0(CATCH_RECURSION_LEVEL0(__VA_ARGS__)))
        -:  695:#define CATCH_RECURSION_LEVEL2(...) CATCH_RECURSION_LEVEL1(CATCH_RECURSION_LEVEL1(CATCH_RECURSION_LEVEL1(__VA_ARGS__)))
        -:  696:#define CATCH_RECURSION_LEVEL3(...) CATCH_RECURSION_LEVEL2(CATCH_RECURSION_LEVEL2(CATCH_RECURSION_LEVEL2(__VA_ARGS__)))
        -:  697:#define CATCH_RECURSION_LEVEL4(...) CATCH_RECURSION_LEVEL3(CATCH_RECURSION_LEVEL3(CATCH_RECURSION_LEVEL3(__VA_ARGS__)))
        -:  698:#define CATCH_RECURSION_LEVEL5(...) CATCH_RECURSION_LEVEL4(CATCH_RECURSION_LEVEL4(CATCH_RECURSION_LEVEL4(__VA_ARGS__)))
        -:  699:
        -:  700:#ifdef CATCH_CONFIG_TRADITIONAL_MSVC_PREPROCESSOR
        -:  701:#define INTERNAL_CATCH_EXPAND_VARGS(...) __VA_ARGS__
        -:  702:// MSVC needs more evaluations
        -:  703:#define CATCH_RECURSION_LEVEL6(...) CATCH_RECURSION_LEVEL5(CATCH_RECURSION_LEVEL5(CATCH_RECURSION_LEVEL5(__VA_ARGS__)))
        -:  704:#define CATCH_RECURSE(...)  CATCH_RECURSION_LEVEL6(CATCH_RECURSION_LEVEL6(__VA_ARGS__))
        -:  705:#else
        -:  706:#define CATCH_RECURSE(...)  CATCH_RECURSION_LEVEL5(__VA_ARGS__)
        -:  707:#endif
        -:  708:
        -:  709:#define CATCH_REC_END(...)
        -:  710:#define CATCH_REC_OUT
        -:  711:
        -:  712:#define CATCH_EMPTY()
        -:  713:#define CATCH_DEFER(id) id CATCH_EMPTY()
        -:  714:
        -:  715:#define CATCH_REC_GET_END2() 0, CATCH_REC_END
        -:  716:#define CATCH_REC_GET_END1(...) CATCH_REC_GET_END2
        -:  717:#define CATCH_REC_GET_END(...) CATCH_REC_GET_END1
        -:  718:#define CATCH_REC_NEXT0(test, next, ...) next CATCH_REC_OUT
        -:  719:#define CATCH_REC_NEXT1(test, next) CATCH_DEFER ( CATCH_REC_NEXT0 ) ( test, next, 0)
        -:  720:#define CATCH_REC_NEXT(test, next)  CATCH_REC_NEXT1(CATCH_REC_GET_END test, next)
        -:  721:
        -:  722:#define CATCH_REC_LIST0(f, x, peek, ...) , f(x) CATCH_DEFER ( CATCH_REC_NEXT(peek, CATCH_REC_LIST1) ) ( f, peek, __VA_ARGS__ )
        -:  723:#define CATCH_REC_LIST1(f, x, peek, ...) , f(x) CATCH_DEFER ( CATCH_REC_NEXT(peek, CATCH_REC_LIST0) ) ( f, peek, __VA_ARGS__ )
        -:  724:#define CATCH_REC_LIST2(f, x, peek, ...)   f(x) CATCH_DEFER ( CATCH_REC_NEXT(peek, CATCH_REC_LIST1) ) ( f, peek, __VA_ARGS__ )
        -:  725:
        -:  726:#define CATCH_REC_LIST0_UD(f, userdata, x, peek, ...) , f(userdata, x) CATCH_DEFER ( CATCH_REC_NEXT(peek, CATCH_REC_LIST1_UD) ) ( f, userdata, peek, __VA_ARGS__ )
        -:  727:#define CATCH_REC_LIST1_UD(f, userdata, x, peek, ...) , f(userdata, x) CATCH_DEFER ( CATCH_REC_NEXT(peek, CATCH_REC_LIST0_UD) ) ( f, userdata, peek, __VA_ARGS__ )
        -:  728:#define CATCH_REC_LIST2_UD(f, userdata, x, peek, ...)   f(userdata, x) CATCH_DEFER ( CATCH_REC_NEXT(peek, CATCH_REC_LIST1_UD) ) ( f, userdata, peek, __VA_ARGS__ )
        -:  729:
        -:  730:// Applies the function macro `f` to each of the remaining parameters, inserts commas between the results,
        -:  731:// and passes userdata as the first parameter to each invocation,
        -:  732:// e.g. CATCH_REC_LIST_UD(f, x, a, b, c) evaluates to f(x, a), f(x, b), f(x, c)
        -:  733:#define CATCH_REC_LIST_UD(f, userdata, ...) CATCH_RECURSE(CATCH_REC_LIST2_UD(f, userdata, __VA_ARGS__, ()()(), ()()(), ()()(), 0))
        -:  734:
        -:  735:#define CATCH_REC_LIST(f, ...) CATCH_RECURSE(CATCH_REC_LIST2(f, __VA_ARGS__, ()()(), ()()(), ()()(), 0))
        -:  736:
        -:  737:#define INTERNAL_CATCH_EXPAND1(param) INTERNAL_CATCH_EXPAND2(param)
        -:  738:#define INTERNAL_CATCH_EXPAND2(...) INTERNAL_CATCH_NO## __VA_ARGS__
        -:  739:#define INTERNAL_CATCH_DEF(...) INTERNAL_CATCH_DEF __VA_ARGS__
        -:  740:#define INTERNAL_CATCH_NOINTERNAL_CATCH_DEF
        -:  741:#define INTERNAL_CATCH_STRINGIZE(...) INTERNAL_CATCH_STRINGIZE2(__VA_ARGS__)
        -:  742:#ifndef CATCH_CONFIG_TRADITIONAL_MSVC_PREPROCESSOR
        -:  743:#define INTERNAL_CATCH_STRINGIZE2(...) #__VA_ARGS__
        -:  744:#define INTERNAL_CATCH_STRINGIZE_WITHOUT_PARENS(param) INTERNAL_CATCH_STRINGIZE(INTERNAL_CATCH_REMOVE_PARENS(param))
        -:  745:#else
        -:  746:// MSVC is adding extra space and needs another indirection to expand INTERNAL_CATCH_NOINTERNAL_CATCH_DEF
        -:  747:#define INTERNAL_CATCH_STRINGIZE2(...) INTERNAL_CATCH_STRINGIZE3(__VA_ARGS__)
        -:  748:#define INTERNAL_CATCH_STRINGIZE3(...) #__VA_ARGS__
        -:  749:#define INTERNAL_CATCH_STRINGIZE_WITHOUT_PARENS(param) (INTERNAL_CATCH_STRINGIZE(INTERNAL_CATCH_REMOVE_PARENS(param)) + 1)
        -:  750:#endif
        -:  751:
        -:  752:#define INTERNAL_CATCH_MAKE_NAMESPACE2(...) ns_##__VA_ARGS__
        -:  753:#define INTERNAL_CATCH_MAKE_NAMESPACE(name) INTERNAL_CATCH_MAKE_NAMESPACE2(name)
        -:  754:
        -:  755:#define INTERNAL_CATCH_REMOVE_PARENS(...) INTERNAL_CATCH_EXPAND1(INTERNAL_CATCH_DEF __VA_ARGS__)
        -:  756:
        -:  757:#ifndef CATCH_CONFIG_TRADITIONAL_MSVC_PREPROCESSOR
        -:  758:#define INTERNAL_CATCH_MAKE_TYPE_LIST2(...) decltype(get_wrapper<INTERNAL_CATCH_REMOVE_PARENS_GEN(__VA_ARGS__)>())
        -:  759:#define INTERNAL_CATCH_MAKE_TYPE_LIST(...) INTERNAL_CATCH_MAKE_TYPE_LIST2(INTERNAL_CATCH_REMOVE_PARENS(__VA_ARGS__))
        -:  760:#else
        -:  761:#define INTERNAL_CATCH_MAKE_TYPE_LIST2(...) INTERNAL_CATCH_EXPAND_VARGS(decltype(get_wrapper<INTERNAL_CATCH_REMOVE_PARENS_GEN(__VA_ARGS__)>()))
        -:  762:#define INTERNAL_CATCH_MAKE_TYPE_LIST(...) INTERNAL_CATCH_EXPAND_VARGS(INTERNAL_CATCH_MAKE_TYPE_LIST2(INTERNAL_CATCH_REMOVE_PARENS(__VA_ARGS__)))
        -:  763:#endif
        -:  764:
        -:  765:#define INTERNAL_CATCH_MAKE_TYPE_LISTS_FROM_TYPES(...)\
        -:  766:    CATCH_REC_LIST(INTERNAL_CATCH_MAKE_TYPE_LIST,__VA_ARGS__)
        -:  767:
        -:  768:#define INTERNAL_CATCH_REMOVE_PARENS_1_ARG(_0) INTERNAL_CATCH_REMOVE_PARENS(_0)
        -:  769:#define INTERNAL_CATCH_REMOVE_PARENS_2_ARG(_0, _1) INTERNAL_CATCH_REMOVE_PARENS(_0), INTERNAL_CATCH_REMOVE_PARENS_1_ARG(_1)
        -:  770:#define INTERNAL_CATCH_REMOVE_PARENS_3_ARG(_0, _1, _2) INTERNAL_CATCH_REMOVE_PARENS(_0), INTERNAL_CATCH_REMOVE_PARENS_2_ARG(_1, _2)
        -:  771:#define INTERNAL_CATCH_REMOVE_PARENS_4_ARG(_0, _1, _2, _3) INTERNAL_CATCH_REMOVE_PARENS(_0), INTERNAL_CATCH_REMOVE_PARENS_3_ARG(_1, _2, _3)
        -:  772:#define INTERNAL_CATCH_REMOVE_PARENS_5_ARG(_0, _1, _2, _3, _4) INTERNAL_CATCH_REMOVE_PARENS(_0), INTERNAL_CATCH_REMOVE_PARENS_4_ARG(_1, _2, _3, _4)
        -:  773:#define INTERNAL_CATCH_REMOVE_PARENS_6_ARG(_0, _1, _2, _3, _4, _5) INTERNAL_CATCH_REMOVE_PARENS(_0), INTERNAL_CATCH_REMOVE_PARENS_5_ARG(_1, _2, _3, _4, _5)
        -:  774:#define INTERNAL_CATCH_REMOVE_PARENS_7_ARG(_0, _1, _2, _3, _4, _5, _6) INTERNAL_CATCH_REMOVE_PARENS(_0), INTERNAL_CATCH_REMOVE_PARENS_6_ARG(_1, _2, _3, _4, _5, _6)
        -:  775:#define INTERNAL_CATCH_REMOVE_PARENS_8_ARG(_0, _1, _2, _3, _4, _5, _6, _7) INTERNAL_CATCH_REMOVE_PARENS(_0), INTERNAL_CATCH_REMOVE_PARENS_7_ARG(_1, _2, _3, _4, _5, _6, _7)
        -:  776:#define INTERNAL_CATCH_REMOVE_PARENS_9_ARG(_0, _1, _2, _3, _4, _5, _6, _7, _8) INTERNAL_CATCH_REMOVE_PARENS(_0), INTERNAL_CATCH_REMOVE_PARENS_8_ARG(_1, _2, _3, _4, _5, _6, _7, _8)
        -:  777:#define INTERNAL_CATCH_REMOVE_PARENS_10_ARG(_0, _1, _2, _3, _4, _5, _6, _7, _8, _9) INTERNAL_CATCH_REMOVE_PARENS(_0), INTERNAL_CATCH_REMOVE_PARENS_9_ARG(_1, _2, _3, _4, _5, _6, _7, _8, _9)
        -:  778:#define INTERNAL_CATCH_REMOVE_PARENS_11_ARG(_0, _1, _2, _3, _4, _5, _6, _7, _8, _9, _10) INTERNAL_CATCH_REMOVE_PARENS(_0), INTERNAL_CATCH_REMOVE_PARENS_10_ARG(_1, _2, _3, _4, _5, _6, _7, _8, _9, _10)
        -:  779:
        -:  780:#define INTERNAL_CATCH_VA_NARGS_IMPL(_0, _1, _2, _3, _4, _5, _6, _7, _8, _9, _10, N, ...) N
        -:  781:
        -:  782:#define INTERNAL_CATCH_TYPE_GEN\
        -:  783:    template<typename...> struct TypeList {};\
        -:  784:    template<typename...Ts>\
        -:  785:    constexpr auto get_wrapper() noexcept -> TypeList<Ts...> { return {}; }\
        -:  786:    template<template<typename...> class...> struct TemplateTypeList{};\
        -:  787:    template<template<typename...> class...Cs>\
        -:  788:    constexpr auto get_wrapper() noexcept -> TemplateTypeList<Cs...> { return {}; }\
        -:  789:    template<typename...>\
        -:  790:    struct append;\
        -:  791:    template<typename...>\
        -:  792:    struct rewrap;\
        -:  793:    template<template<typename...> class, typename...>\
        -:  794:    struct create;\
        -:  795:    template<template<typename...> class, typename>\
        -:  796:    struct convert;\
        -:  797:    \
        -:  798:    template<typename T> \
        -:  799:    struct append<T> { using type = T; };\
        -:  800:    template< template<typename...> class L1, typename...E1, template<typename...> class L2, typename...E2, typename...Rest>\
        -:  801:    struct append<L1<E1...>, L2<E2...>, Rest...> { using type = typename append<L1<E1...,E2...>, Rest...>::type; };\
        -:  802:    template< template<typename...> class L1, typename...E1, typename...Rest>\
        -:  803:    struct append<L1<E1...>, TypeList<mpl_::na>, Rest...> { using type = L1<E1...>; };\
        -:  804:    \
        -:  805:    template< template<typename...> class Container, template<typename...> class List, typename...elems>\
        -:  806:    struct rewrap<TemplateTypeList<Container>, List<elems...>> { using type = TypeList<Container<elems...>>; };\
        -:  807:    template< template<typename...> class Container, template<typename...> class List, class...Elems, typename...Elements>\
        -:  808:    struct rewrap<TemplateTypeList<Container>, List<Elems...>, Elements...> { using type = typename append<TypeList<Container<Elems...>>, typename rewrap<TemplateTypeList<Container>, Elements...>::type>::type; };\
        -:  809:    \
        -:  810:    template<template <typename...> class Final, template< typename...> class...Containers, typename...Types>\
        -:  811:    struct create<Final, TemplateTypeList<Containers...>, TypeList<Types...>> { using type = typename append<Final<>, typename rewrap<TemplateTypeList<Containers>, Types...>::type...>::type; };\
        -:  812:    template<template <typename...> class Final, template <typename...> class List, typename...Ts>\
        -:  813:    struct convert<Final, List<Ts...>> { using type = typename append<Final<>,TypeList<Ts>...>::type; };
        -:  814:
        -:  815:#define INTERNAL_CATCH_NTTP_1(signature, ...)\
        -:  816:    template<INTERNAL_CATCH_REMOVE_PARENS(signature)> struct Nttp{};\
        -:  817:    template<INTERNAL_CATCH_REMOVE_PARENS(signature)>\
        -:  818:    constexpr auto get_wrapper() noexcept -> Nttp<__VA_ARGS__> { return {}; } \
        -:  819:    template<template<INTERNAL_CATCH_REMOVE_PARENS(signature)> class...> struct NttpTemplateTypeList{};\
        -:  820:    template<template<INTERNAL_CATCH_REMOVE_PARENS(signature)> class...Cs>\
        -:  821:    constexpr auto get_wrapper() noexcept -> NttpTemplateTypeList<Cs...> { return {}; } \
        -:  822:    \
        -:  823:    template< template<INTERNAL_CATCH_REMOVE_PARENS(signature)> class Container, template<INTERNAL_CATCH_REMOVE_PARENS(signature)> class List, INTERNAL_CATCH_REMOVE_PARENS(signature)>\
        -:  824:    struct rewrap<NttpTemplateTypeList<Container>, List<__VA_ARGS__>> { using type = TypeList<Container<__VA_ARGS__>>; };\
        -:  825:    template< template<INTERNAL_CATCH_REMOVE_PARENS(signature)> class Container, template<INTERNAL_CATCH_REMOVE_PARENS(signature)> class List, INTERNAL_CATCH_REMOVE_PARENS(signature), typename...Elements>\
        -:  826:    struct rewrap<NttpTemplateTypeList<Container>, List<__VA_ARGS__>, Elements...> { using type = typename append<TypeList<Container<__VA_ARGS__>>, typename rewrap<NttpTemplateTypeList<Container>, Elements...>::type>::type; };\
        -:  827:    template<template <typename...> class Final, template<INTERNAL_CATCH_REMOVE_PARENS(signature)> class...Containers, typename...Types>\
        -:  828:    struct create<Final, NttpTemplateTypeList<Containers...>, TypeList<Types...>> { using type = typename append<Final<>, typename rewrap<NttpTemplateTypeList<Containers>, Types...>::type...>::type; };
        -:  829:
        -:  830:#define INTERNAL_CATCH_DECLARE_SIG_TEST0(TestName)
        -:  831:#define INTERNAL_CATCH_DECLARE_SIG_TEST1(TestName, signature)\
        -:  832:    template<INTERNAL_CATCH_REMOVE_PARENS(signature)>\
        -:  833:    static void TestName()
        -:  834:#define INTERNAL_CATCH_DECLARE_SIG_TEST_X(TestName, signature, ...)\
        -:  835:    template<INTERNAL_CATCH_REMOVE_PARENS(signature)>\
        -:  836:    static void TestName()
        -:  837:
        -:  838:#define INTERNAL_CATCH_DEFINE_SIG_TEST0(TestName)
        -:  839:#define INTERNAL_CATCH_DEFINE_SIG_TEST1(TestName, signature)\
        -:  840:    template<INTERNAL_CATCH_REMOVE_PARENS(signature)>\
        -:  841:    static void TestName()
        -:  842:#define INTERNAL_CATCH_DEFINE_SIG_TEST_X(TestName, signature,...)\
        -:  843:    template<INTERNAL_CATCH_REMOVE_PARENS(signature)>\
        -:  844:    static void TestName()
        -:  845:
        -:  846:#define INTERNAL_CATCH_NTTP_REGISTER0(TestFunc, signature)\
        -:  847:    template<typename Type>\
        -:  848:    void reg_test(TypeList<Type>, Catch::NameAndTags nameAndTags)\
        -:  849:    {\
        -:  850:        Catch::AutoReg( Catch::makeTestInvoker(&TestFunc<Type>), CATCH_INTERNAL_LINEINFO, Catch::StringRef(), nameAndTags);\
        -:  851:    }
        -:  852:
        -:  853:#define INTERNAL_CATCH_NTTP_REGISTER(TestFunc, signature, ...)\
        -:  854:    template<INTERNAL_CATCH_REMOVE_PARENS(signature)>\
        -:  855:    void reg_test(Nttp<__VA_ARGS__>, Catch::NameAndTags nameAndTags)\
        -:  856:    {\
        -:  857:        Catch::AutoReg( Catch::makeTestInvoker(&TestFunc<__VA_ARGS__>), CATCH_INTERNAL_LINEINFO, Catch::StringRef(), nameAndTags);\
        -:  858:    }
        -:  859:
        -:  860:#define INTERNAL_CATCH_NTTP_REGISTER_METHOD0(TestName, signature, ...)\
        -:  861:    template<typename Type>\
        -:  862:    void reg_test(TypeList<Type>, Catch::StringRef className, Catch::NameAndTags nameAndTags)\
        -:  863:    {\
        -:  864:        Catch::AutoReg( Catch::makeTestInvoker(&TestName<Type>::test), CATCH_INTERNAL_LINEINFO, className, nameAndTags);\
        -:  865:    }
        -:  866:
        -:  867:#define INTERNAL_CATCH_NTTP_REGISTER_METHOD(TestName, signature, ...)\
        -:  868:    template<INTERNAL_CATCH_REMOVE_PARENS(signature)>\
        -:  869:    void reg_test(Nttp<__VA_ARGS__>, Catch::StringRef className, Catch::NameAndTags nameAndTags)\
        -:  870:    {\
        -:  871:        Catch::AutoReg( Catch::makeTestInvoker(&TestName<__VA_ARGS__>::test), CATCH_INTERNAL_LINEINFO, className, nameAndTags);\
        -:  872:    }
        -:  873:
        -:  874:#define INTERNAL_CATCH_DECLARE_SIG_TEST_METHOD0(TestName, ClassName)
        -:  875:#define INTERNAL_CATCH_DECLARE_SIG_TEST_METHOD1(TestName, ClassName, signature)\
        -:  876:    template<typename TestType> \
        -:  877:    struct TestName : INTERNAL_CATCH_REMOVE_PARENS(ClassName)<TestType> { \
        -:  878:        void test();\
        -:  879:    }
        -:  880:
        -:  881:#define INTERNAL_CATCH_DECLARE_SIG_TEST_METHOD_X(TestName, ClassName, signature, ...)\
        -:  882:    template<INTERNAL_CATCH_REMOVE_PARENS(signature)> \
        -:  883:    struct TestName : INTERNAL_CATCH_REMOVE_PARENS(ClassName)<__VA_ARGS__> { \
        -:  884:        void test();\
        -:  885:    }
        -:  886:
        -:  887:#define INTERNAL_CATCH_DEFINE_SIG_TEST_METHOD0(TestName)
        -:  888:#define INTERNAL_CATCH_DEFINE_SIG_TEST_METHOD1(TestName, signature)\
        -:  889:    template<typename TestType> \
        -:  890:    void INTERNAL_CATCH_MAKE_NAMESPACE(TestName)::TestName<TestType>::test()
        -:  891:#define INTERNAL_CATCH_DEFINE_SIG_TEST_METHOD_X(TestName, signature, ...)\
        -:  892:    template<INTERNAL_CATCH_REMOVE_PARENS(signature)> \
        -:  893:    void INTERNAL_CATCH_MAKE_NAMESPACE(TestName)::TestName<__VA_ARGS__>::test()
        -:  894:
        -:  895:#ifndef CATCH_CONFIG_TRADITIONAL_MSVC_PREPROCESSOR
        -:  896:#define INTERNAL_CATCH_NTTP_0
        -:  897:#define INTERNAL_CATCH_NTTP_GEN(...) INTERNAL_CATCH_VA_NARGS_IMPL(__VA_ARGS__, INTERNAL_CATCH_NTTP_1(__VA_ARGS__), INTERNAL_CATCH_NTTP_1(__VA_ARGS__), INTERNAL_CATCH_NTTP_1(__VA_ARGS__), INTERNAL_CATCH_NTTP_1(__VA_ARGS__), INTERNAL_CATCH_NTTP_1(__VA_ARGS__), INTERNAL_CATCH_NTTP_1( __VA_ARGS__), INTERNAL_CATCH_NTTP_1( __VA_ARGS__), INTERNAL_CATCH_NTTP_1( __VA_ARGS__), INTERNAL_CATCH_NTTP_1( __VA_ARGS__),INTERNAL_CATCH_NTTP_1( __VA_ARGS__), INTERNAL_CATCH_NTTP_0)
        -:  898:#define INTERNAL_CATCH_DEFINE_SIG_TEST_METHOD(TestName, ...) INTERNAL_CATCH_VA_NARGS_IMPL( "dummy", __VA_ARGS__, INTERNAL_CATCH_DEFINE_SIG_TEST_METHOD_X,INTERNAL_CATCH_DEFINE_SIG_TEST_METHOD_X, INTERNAL_CATCH_DEFINE_SIG_TEST_METHOD_X, INTERNAL_CATCH_DEFINE_SIG_TEST_METHOD_X, INTERNAL_CATCH_DEFINE_SIG_TEST_METHOD_X, INTERNAL_CATCH_DEFINE_SIG_TEST_METHOD_X, INTERNAL_CATCH_DEFINE_SIG_TEST_METHOD_X,INTERNAL_CATCH_DEFINE_SIG_TEST_METHOD_X,INTERNAL_CATCH_DEFINE_SIG_TEST_METHOD_X, INTERNAL_CATCH_DEFINE_SIG_TEST_METHOD1, INTERNAL_CATCH_DEFINE_SIG_TEST_METHOD0)(TestName, __VA_ARGS__)
        -:  899:#define INTERNAL_CATCH_DECLARE_SIG_TEST_METHOD(TestName, ClassName, ...) INTERNAL_CATCH_VA_NARGS_IMPL( "dummy", __VA_ARGS__, INTERNAL_CATCH_DECLARE_SIG_TEST_METHOD_X,INTERNAL_CATCH_DECLARE_SIG_TEST_METHOD_X, INTERNAL_CATCH_DECLARE_SIG_TEST_METHOD_X, INTERNAL_CATCH_DECLARE_SIG_TEST_METHOD_X, INTERNAL_CATCH_DECLARE_SIG_TEST_METHOD_X, INTERNAL_CATCH_DECLARE_SIG_TEST_METHOD_X, INTERNAL_CATCH_DECLARE_SIG_TEST_METHOD_X,INTERNAL_CATCH_DECLARE_SIG_TEST_METHOD_X,INTERNAL_CATCH_DECLARE_SIG_TEST_METHOD_X, INTERNAL_CATCH_DECLARE_SIG_TEST_METHOD1, INTERNAL_CATCH_DECLARE_SIG_TEST_METHOD0)(TestName, ClassName, __VA_ARGS__)
        -:  900:#define INTERNAL_CATCH_NTTP_REG_METHOD_GEN(TestName, ...) INTERNAL_CATCH_VA_NARGS_IMPL( "dummy", __VA_ARGS__, INTERNAL_CATCH_NTTP_REGISTER_METHOD, INTERNAL_CATCH_NTTP_REGISTER_METHOD, INTERNAL_CATCH_NTTP_REGISTER_METHOD, INTERNAL_CATCH_NTTP_REGISTER_METHOD, INTERNAL_CATCH_NTTP_REGISTER_METHOD, INTERNAL_CATCH_NTTP_REGISTER_METHOD, INTERNAL_CATCH_NTTP_REGISTER_METHOD, INTERNAL_CATCH_NTTP_REGISTER_METHOD, INTERNAL_CATCH_NTTP_REGISTER_METHOD, INTERNAL_CATCH_NTTP_REGISTER_METHOD0, INTERNAL_CATCH_NTTP_REGISTER_METHOD0)(TestName, __VA_ARGS__)
        -:  901:#define INTERNAL_CATCH_NTTP_REG_GEN(TestFunc, ...) INTERNAL_CATCH_VA_NARGS_IMPL( "dummy", __VA_ARGS__, INTERNAL_CATCH_NTTP_REGISTER, INTERNAL_CATCH_NTTP_REGISTER, INTERNAL_CATCH_NTTP_REGISTER, INTERNAL_CATCH_NTTP_REGISTER, INTERNAL_CATCH_NTTP_REGISTER, INTERNAL_CATCH_NTTP_REGISTER, INTERNAL_CATCH_NTTP_REGISTER, INTERNAL_CATCH_NTTP_REGISTER, INTERNAL_CATCH_NTTP_REGISTER, INTERNAL_CATCH_NTTP_REGISTER0, INTERNAL_CATCH_NTTP_REGISTER0)(TestFunc, __VA_ARGS__)
        -:  902:#define INTERNAL_CATCH_DEFINE_SIG_TEST(TestName, ...) INTERNAL_CATCH_VA_NARGS_IMPL( "dummy", __VA_ARGS__, INTERNAL_CATCH_DEFINE_SIG_TEST_X, INTERNAL_CATCH_DEFINE_SIG_TEST_X, INTERNAL_CATCH_DEFINE_SIG_TEST_X, INTERNAL_CATCH_DEFINE_SIG_TEST_X, INTERNAL_CATCH_DEFINE_SIG_TEST_X, INTERNAL_CATCH_DEFINE_SIG_TEST_X, INTERNAL_CATCH_DEFINE_SIG_TEST_X, INTERNAL_CATCH_DEFINE_SIG_TEST_X,INTERNAL_CATCH_DEFINE_SIG_TEST_X,INTERNAL_CATCH_DEFINE_SIG_TEST1, INTERNAL_CATCH_DEFINE_SIG_TEST0)(TestName, __VA_ARGS__)
        -:  903:#define INTERNAL_CATCH_DECLARE_SIG_TEST(TestName, ...) INTERNAL_CATCH_VA_NARGS_IMPL( "dummy", __VA_ARGS__, INTERNAL_CATCH_DECLARE_SIG_TEST_X,INTERNAL_CATCH_DECLARE_SIG_TEST_X, INTERNAL_CATCH_DECLARE_SIG_TEST_X, INTERNAL_CATCH_DECLARE_SIG_TEST_X, INTERNAL_CATCH_DECLARE_SIG_TEST_X, INTERNAL_CATCH_DECLARE_SIG_TEST_X, INTERNAL_CATCH_DEFINE_SIG_TEST_X,INTERNAL_CATCH_DECLARE_SIG_TEST_X,INTERNAL_CATCH_DECLARE_SIG_TEST_X, INTERNAL_CATCH_DECLARE_SIG_TEST1, INTERNAL_CATCH_DECLARE_SIG_TEST0)(TestName, __VA_ARGS__)
        -:  904:#define INTERNAL_CATCH_REMOVE_PARENS_GEN(...) INTERNAL_CATCH_VA_NARGS_IMPL(__VA_ARGS__, INTERNAL_CATCH_REMOVE_PARENS_11_ARG,INTERNAL_CATCH_REMOVE_PARENS_10_ARG,INTERNAL_CATCH_REMOVE_PARENS_9_ARG,INTERNAL_CATCH_REMOVE_PARENS_8_ARG,INTERNAL_CATCH_REMOVE_PARENS_7_ARG,INTERNAL_CATCH_REMOVE_PARENS_6_ARG,INTERNAL_CATCH_REMOVE_PARENS_5_ARG,INTERNAL_CATCH_REMOVE_PARENS_4_ARG,INTERNAL_CATCH_REMOVE_PARENS_3_ARG,INTERNAL_CATCH_REMOVE_PARENS_2_ARG,INTERNAL_CATCH_REMOVE_PARENS_1_ARG)(__VA_ARGS__)
        -:  905:#else
        -:  906:#define INTERNAL_CATCH_NTTP_0(signature)
        -:  907:#define INTERNAL_CATCH_NTTP_GEN(...) INTERNAL_CATCH_EXPAND_VARGS(INTERNAL_CATCH_VA_NARGS_IMPL(__VA_ARGS__, INTERNAL_CATCH_NTTP_1, INTERNAL_CATCH_NTTP_1, INTERNAL_CATCH_NTTP_1, INTERNAL_CATCH_NTTP_1, INTERNAL_CATCH_NTTP_1, INTERNAL_CATCH_NTTP_1, INTERNAL_CATCH_NTTP_1, INTERNAL_CATCH_NTTP_1, INTERNAL_CATCH_NTTP_1,INTERNAL_CATCH_NTTP_1, INTERNAL_CATCH_NTTP_0)( __VA_ARGS__))
        -:  908:#define INTERNAL_CATCH_DEFINE_SIG_TEST_METHOD(TestName, ...) INTERNAL_CATCH_EXPAND_VARGS(INTERNAL_CATCH_VA_NARGS_IMPL( "dummy", __VA_ARGS__, INTERNAL_CATCH_DEFINE_SIG_TEST_METHOD_X,INTERNAL_CATCH_DEFINE_SIG_TEST_METHOD_X, INTERNAL_CATCH_DEFINE_SIG_TEST_METHOD_X, INTERNAL_CATCH_DEFINE_SIG_TEST_METHOD_X, INTERNAL_CATCH_DEFINE_SIG_TEST_METHOD_X, INTERNAL_CATCH_DEFINE_SIG_TEST_METHOD_X, INTERNAL_CATCH_DEFINE_SIG_TEST_METHOD_X,INTERNAL_CATCH_DEFINE_SIG_TEST_METHOD_X,INTERNAL_CATCH_DEFINE_SIG_TEST_METHOD_X, INTERNAL_CATCH_DEFINE_SIG_TEST_METHOD1, INTERNAL_CATCH_DEFINE_SIG_TEST_METHOD0)(TestName, __VA_ARGS__))
        -:  909:#define INTERNAL_CATCH_DECLARE_SIG_TEST_METHOD(TestName, ClassName, ...) INTERNAL_CATCH_EXPAND_VARGS(INTERNAL_CATCH_VA_NARGS_IMPL( "dummy", __VA_ARGS__, INTERNAL_CATCH_DECLARE_SIG_TEST_METHOD_X,INTERNAL_CATCH_DECLARE_SIG_TEST_METHOD_X, INTERNAL_CATCH_DECLARE_SIG_TEST_METHOD_X, INTERNAL_CATCH_DECLARE_SIG_TEST_METHOD_X, INTERNAL_CATCH_DECLARE_SIG_TEST_METHOD_X, INTERNAL_CATCH_DECLARE_SIG_TEST_METHOD_X, INTERNAL_CATCH_DECLARE_SIG_TEST_METHOD_X,INTERNAL_CATCH_DECLARE_SIG_TEST_METHOD_X,INTERNAL_CATCH_DECLARE_SIG_TEST_METHOD_X, INTERNAL_CATCH_DECLARE_SIG_TEST_METHOD1, INTERNAL_CATCH_DECLARE_SIG_TEST_METHOD0)(TestName, ClassName, __VA_ARGS__))
        -:  910:#define INTERNAL_CATCH_NTTP_REG_METHOD_GEN(TestName, ...) INTERNAL_CATCH_EXPAND_VARGS(INTERNAL_CATCH_VA_NARGS_IMPL( "dummy", __VA_ARGS__, INTERNAL_CATCH_NTTP_REGISTER_METHOD, INTERNAL_CATCH_NTTP_REGISTER_METHOD, INTERNAL_CATCH_NTTP_REGISTER_METHOD, INTERNAL_CATCH_NTTP_REGISTER_METHOD, INTERNAL_CATCH_NTTP_REGISTER_METHOD, INTERNAL_CATCH_NTTP_REGISTER_METHOD, INTERNAL_CATCH_NTTP_REGISTER_METHOD, INTERNAL_CATCH_NTTP_REGISTER_METHOD, INTERNAL_CATCH_NTTP_REGISTER_METHOD, INTERNAL_CATCH_NTTP_REGISTER_METHOD0, INTERNAL_CATCH_NTTP_REGISTER_METHOD0)(TestName, __VA_ARGS__))
        -:  911:#define INTERNAL_CATCH_NTTP_REG_GEN(TestFunc, ...) INTERNAL_CATCH_EXPAND_VARGS(INTERNAL_CATCH_VA_NARGS_IMPL( "dummy", __VA_ARGS__, INTERNAL_CATCH_NTTP_REGISTER, INTERNAL_CATCH_NTTP_REGISTER, INTERNAL_CATCH_NTTP_REGISTER, INTERNAL_CATCH_NTTP_REGISTER, INTERNAL_CATCH_NTTP_REGISTER, INTERNAL_CATCH_NTTP_REGISTER, INTERNAL_CATCH_NTTP_REGISTER, INTERNAL_CATCH_NTTP_REGISTER, INTERNAL_CATCH_NTTP_REGISTER, INTERNAL_CATCH_NTTP_REGISTER0, INTERNAL_CATCH_NTTP_REGISTER0)(TestFunc, __VA_ARGS__))
        -:  912:#define INTERNAL_CATCH_DEFINE_SIG_TEST(TestName, ...) INTERNAL_CATCH_EXPAND_VARGS(INTERNAL_CATCH_VA_NARGS_IMPL( "dummy", __VA_ARGS__, INTERNAL_CATCH_DEFINE_SIG_TEST_X, INTERNAL_CATCH_DEFINE_SIG_TEST_X, INTERNAL_CATCH_DEFINE_SIG_TEST_X, INTERNAL_CATCH_DEFINE_SIG_TEST_X, INTERNAL_CATCH_DEFINE_SIG_TEST_X, INTERNAL_CATCH_DEFINE_SIG_TEST_X, INTERNAL_CATCH_DEFINE_SIG_TEST_X, INTERNAL_CATCH_DEFINE_SIG_TEST_X,INTERNAL_CATCH_DEFINE_SIG_TEST_X,INTERNAL_CATCH_DEFINE_SIG_TEST1, INTERNAL_CATCH_DEFINE_SIG_TEST0)(TestName, __VA_ARGS__))
        -:  913:#define INTERNAL_CATCH_DECLARE_SIG_TEST(TestName, ...) INTERNAL_CATCH_EXPAND_VARGS(INTERNAL_CATCH_VA_NARGS_IMPL( "dummy", __VA_ARGS__, INTERNAL_CATCH_DECLARE_SIG_TEST_X,INTERNAL_CATCH_DECLARE_SIG_TEST_X, INTERNAL_CATCH_DECLARE_SIG_TEST_X, INTERNAL_CATCH_DECLARE_SIG_TEST_X, INTERNAL_CATCH_DECLARE_SIG_TEST_X, INTERNAL_CATCH_DECLARE_SIG_TEST_X, INTERNAL_CATCH_DEFINE_SIG_TEST_X,INTERNAL_CATCH_DECLARE_SIG_TEST_X,INTERNAL_CATCH_DECLARE_SIG_TEST_X, INTERNAL_CATCH_DECLARE_SIG_TEST1, INTERNAL_CATCH_DECLARE_SIG_TEST0)(TestName, __VA_ARGS__))
        -:  914:#define INTERNAL_CATCH_REMOVE_PARENS_GEN(...) INTERNAL_CATCH_EXPAND_VARGS(INTERNAL_CATCH_VA_NARGS_IMPL(__VA_ARGS__, INTERNAL_CATCH_REMOVE_PARENS_11_ARG,INTERNAL_CATCH_REMOVE_PARENS_10_ARG,INTERNAL_CATCH_REMOVE_PARENS_9_ARG,INTERNAL_CATCH_REMOVE_PARENS_8_ARG,INTERNAL_CATCH_REMOVE_PARENS_7_ARG,INTERNAL_CATCH_REMOVE_PARENS_6_ARG,INTERNAL_CATCH_REMOVE_PARENS_5_ARG,INTERNAL_CATCH_REMOVE_PARENS_4_ARG,INTERNAL_CATCH_REMOVE_PARENS_3_ARG,INTERNAL_CATCH_REMOVE_PARENS_2_ARG,INTERNAL_CATCH_REMOVE_PARENS_1_ARG)(__VA_ARGS__))
        -:  915:#endif
        -:  916:
        -:  917:// end catch_preprocessor.hpp
        -:  918:// start catch_meta.hpp
        -:  919:
        -:  920:
        -:  921:#include <type_traits>
        -:  922:
        -:  923:namespace Catch {
        -:  924:    template<typename T>
        -:  925:    struct always_false : std::false_type {};
        -:  926:
        -:  927:    template <typename> struct true_given : std::true_type {};
        -:  928:    struct is_callable_tester {
        -:  929:        template <typename Fun, typename... Args>
        -:  930:        true_given<decltype(std::declval<Fun>()(std::declval<Args>()...))> static test(int);
        -:  931:        template <typename...>
        -:  932:        std::false_type static test(...);
        -:  933:    };
        -:  934:
        -:  935:    template <typename T>
        -:  936:    struct is_callable;
        -:  937:
        -:  938:    template <typename Fun, typename... Args>
        -:  939:    struct is_callable<Fun(Args...)> : decltype(is_callable_tester::test<Fun, Args...>(0)) {};
        -:  940:
        -:  941:#if defined(__cpp_lib_is_invocable) && __cpp_lib_is_invocable >= 201703
        -:  942:    // std::result_of is deprecated in C++17 and removed in C++20. Hence, it is
        -:  943:    // replaced with std::invoke_result here.
        -:  944:    template <typename Func, typename... U>
        -:  945:    using FunctionReturnType = std::remove_reference_t<std::remove_cv_t<std::invoke_result_t<Func, U...>>>;
        -:  946:#else
        -:  947:    // Keep ::type here because we still support C++11
        -:  948:    template <typename Func, typename... U>
        -:  949:    using FunctionReturnType = typename std::remove_reference<typename std::remove_cv<typename std::result_of<Func(U...)>::type>::type>::type;
        -:  950:#endif
        -:  951:
        -:  952:} // namespace Catch
        -:  953:
        -:  954:namespace mpl_{
        -:  955:    struct na;
        -:  956:}
        -:  957:
        -:  958:// end catch_meta.hpp
        -:  959:namespace Catch {
        -:  960:
        -:  961:template<typename C>
        -:  962:class TestInvokerAsMethod : public ITestInvoker {
        -:  963:    void (C::*m_testAsMethod)();
        -:  964:public:
        -:  965:    TestInvokerAsMethod( void (C::*testAsMethod)() ) noexcept : m_testAsMethod( testAsMethod ) {}
        -:  966:
        -:  967:    void invoke() const override {
        -:  968:        C obj;
        -:  969:        (obj.*m_testAsMethod)();
        -:  970:    }
        -:  971:};
        -:  972:
        -:  973:auto makeTestInvoker( void(*testAsFunction)() ) noexcept -> ITestInvoker*;
        -:  974:
        -:  975:template<typename C>
        -:  976:auto makeTestInvoker( void (C::*testAsMethod)() ) noexcept -> ITestInvoker* {
        -:  977:    return new(std::nothrow) TestInvokerAsMethod<C>( testAsMethod );
        -:  978:}
        -:  979:
        -:  980:struct NameAndTags {
        -:  981:    NameAndTags( StringRef const& name_ = StringRef(), StringRef const& tags_ = StringRef() ) noexcept;
        -:  982:    StringRef name;
        -:  983:    StringRef tags;
        -:  984:};
        -:  985:
        -:  986:struct AutoReg : NonCopyable {
        -:  987:    AutoReg( ITestInvoker* invoker, SourceLineInfo const& lineInfo, StringRef const& classOrMethod, NameAndTags const& nameAndTags ) noexcept;
        -:  988:    ~AutoReg();
        -:  989:};
        -:  990:
        -:  991:} // end namespace Catch
        -:  992:
        -:  993:#if defined(CATCH_CONFIG_DISABLE)
        -:  994:    #define INTERNAL_CATCH_TESTCASE_NO_REGISTRATION( TestName, ... ) \
        -:  995:        static void TestName()
        -:  996:    #define INTERNAL_CATCH_TESTCASE_METHOD_NO_REGISTRATION( TestName, ClassName, ... ) \
        -:  997:        namespace{                        \
        -:  998:            struct TestName : INTERNAL_CATCH_REMOVE_PARENS(ClassName) { \
        -:  999:                void test();              \
        -: 1000:            };                            \
        -: 1001:        }                                 \
        -: 1002:        void TestName::test()
        -: 1003:    #define INTERNAL_CATCH_TEMPLATE_TEST_CASE_NO_REGISTRATION_2( TestName, TestFunc, Name, Tags, Signature, ... )  \
        -: 1004:        INTERNAL_CATCH_DEFINE_SIG_TEST(TestFunc, INTERNAL_CATCH_REMOVE_PARENS(Signature))
        -: 1005:    #define INTERNAL_CATCH_TEMPLATE_TEST_CASE_METHOD_NO_REGISTRATION_2( TestNameClass, TestName, ClassName, Name, Tags, Signature, ... )    \
        -: 1006:        namespace{                                                                                  \
        -: 1007:            namespace INTERNAL_CATCH_MAKE_NAMESPACE(TestName) {                                      \
        -: 1008:            INTERNAL_CATCH_DECLARE_SIG_TEST_METHOD(TestName, ClassName, INTERNAL_CATCH_REMOVE_PARENS(Signature));\
        -: 1009:        }                                                                                           \
        -: 1010:        }                                                                                           \
        -: 1011:        INTERNAL_CATCH_DEFINE_SIG_TEST_METHOD(TestName, INTERNAL_CATCH_REMOVE_PARENS(Signature))
        -: 1012:
        -: 1013:    #ifndef CATCH_CONFIG_TRADITIONAL_MSVC_PREPROCESSOR
        -: 1014:        #define INTERNAL_CATCH_TEMPLATE_TEST_CASE_NO_REGISTRATION(Name, Tags, ...) \
        -: 1015:            INTERNAL_CATCH_TEMPLATE_TEST_CASE_NO_REGISTRATION_2( INTERNAL_CATCH_UNIQUE_NAME( C_A_T_C_H_T_E_M_P_L_A_T_E_T_E_S_T_ ), INTERNAL_CATCH_UNIQUE_NAME( C_A_T_C_H_T_E_M_P_L_A_T_E_T_E_S_T_F_U_N_C_ ), Name, Tags, typename TestType, __VA_ARGS__ )
        -: 1016:    #else
        -: 1017:        #define INTERNAL_CATCH_TEMPLATE_TEST_CASE_NO_REGISTRATION(Name, Tags, ...) \
        -: 1018:            INTERNAL_CATCH_EXPAND_VARGS( INTERNAL_CATCH_TEMPLATE_TEST_CASE_NO_REGISTRATION_2( INTERNAL_CATCH_UNIQUE_NAME( C_A_T_C_H_T_E_M_P_L_A_T_E_T_E_S_T_ ), INTERNAL_CATCH_UNIQUE_NAME( C_A_T_C_H_T_E_M_P_L_A_T_E_T_E_S_T_F_U_N_C_ ), Name, Tags, typename TestType, __VA_ARGS__ ) )
        -: 1019:    #endif
        -: 1020:
        -: 1021:    #ifndef CATCH_CONFIG_TRADITIONAL_MSVC_PREPROCESSOR
        -: 1022:        #define INTERNAL_CATCH_TEMPLATE_TEST_CASE_SIG_NO_REGISTRATION(Name, Tags, Signature, ...) \
        -: 1023:            INTERNAL_CATCH_TEMPLATE_TEST_CASE_NO_REGISTRATION_2( INTERNAL_CATCH_UNIQUE_NAME( C_A_T_C_H_T_E_M_P_L_A_T_E_T_E_S_T_ ), INTERNAL_CATCH_UNIQUE_NAME( C_A_T_C_H_T_E_M_P_L_A_T_E_T_E_S_T_F_U_N_C_ ), Name, Tags, Signature, __VA_ARGS__ )
        -: 1024:    #else
        -: 1025:        #define INTERNAL_CATCH_TEMPLATE_TEST_CASE_SIG_NO_REGISTRATION(Name, Tags, Signature, ...) \
        -: 1026:            INTERNAL_CATCH_EXPAND_VARGS( INTERNAL_CATCH_TEMPLATE_TEST_CASE_NO_REGISTRATION_2( INTERNAL_CATCH_UNIQUE_NAME( C_A_T_C_H_T_E_M_P_L_A_T_E_T_E_S_T_ ), INTERNAL_CATCH_UNIQUE_NAME( C_A_T_C_H_T_E_M_P_L_A_T_E_T_E_S_T_F_U_N_C_ ), Name, Tags, Signature, __VA_ARGS__ ) )
        -: 1027:    #endif
        -: 1028:
        -: 1029:    #ifndef CATCH_CONFIG_TRADITIONAL_MSVC_PREPROCESSOR
        -: 1030:        #define INTERNAL_CATCH_TEMPLATE_TEST_CASE_METHOD_NO_REGISTRATION( ClassName, Name, Tags,... ) \
        -: 1031:            INTERNAL_CATCH_TEMPLATE_TEST_CASE_METHOD_NO_REGISTRATION_2( INTERNAL_CATCH_UNIQUE_NAME( C_A_T_C_H_T_E_M_P_L_A_T_E_T_E_S_T_C_L_A_S_S_ ), INTERNAL_CATCH_UNIQUE_NAME( C_A_T_C_H_T_E_M_P_L_A_T_E_T_E_S_T_ ) , ClassName, Name, Tags, typename T, __VA_ARGS__ )
        -: 1032:    #else
        -: 1033:        #define INTERNAL_CATCH_TEMPLATE_TEST_CASE_METHOD_NO_REGISTRATION( ClassName, Name, Tags,... ) \
        -: 1034:            INTERNAL_CATCH_EXPAND_VARGS( INTERNAL_CATCH_TEMPLATE_TEST_CASE_METHOD_NO_REGISTRATION_2( INTERNAL_CATCH_UNIQUE_NAME( C_A_T_C_H_T_E_M_P_L_A_T_E_T_E_S_T_C_L_A_S_S_ ), INTERNAL_CATCH_UNIQUE_NAME( C_A_T_C_H_T_E_M_P_L_A_T_E_T_E_S_T_ ) , ClassName, Name, Tags, typename T, __VA_ARGS__ ) )
        -: 1035:    #endif
        -: 1036:
        -: 1037:    #ifndef CATCH_CONFIG_TRADITIONAL_MSVC_PREPROCESSOR
        -: 1038:        #define INTERNAL_CATCH_TEMPLATE_TEST_CASE_METHOD_SIG_NO_REGISTRATION( ClassName, Name, Tags, Signature, ... ) \
        -: 1039:            INTERNAL_CATCH_TEMPLATE_TEST_CASE_METHOD_NO_REGISTRATION_2( INTERNAL_CATCH_UNIQUE_NAME( C_A_T_C_H_T_E_M_P_L_A_T_E_T_E_S_T_C_L_A_S_S_ ), INTERNAL_CATCH_UNIQUE_NAME( C_A_T_C_H_T_E_M_P_L_A_T_E_T_E_S_T_ ) , ClassName, Name, Tags, Signature, __VA_ARGS__ )
        -: 1040:    #else
        -: 1041:        #define INTERNAL_CATCH_TEMPLATE_TEST_CASE_METHOD_SIG_NO_REGISTRATION( ClassName, Name, Tags, Signature, ... ) \
        -: 1042:            INTERNAL_CATCH_EXPAND_VARGS( INTERNAL_CATCH_TEMPLATE_TEST_CASE_METHOD_NO_REGISTRATION_2( INTERNAL_CATCH_UNIQUE_NAME( C_A_T_C_H_T_E_M_P_L_A_T_E_T_E_S_T_C_L_A_S_S_ ), INTERNAL_CATCH_UNIQUE_NAME( C_A_T_C_H_T_E_M_P_L_A_T_E_T_E_S_T_ ) , ClassName, Name, Tags, Signature, __VA_ARGS__ ) )
        -: 1043:    #endif
        -: 1044:#endif
        -: 1045:
        -: 1046:    ///////////////////////////////////////////////////////////////////////////////
        -: 1047:    #define INTERNAL_CATCH_TESTCASE2( TestName, ... ) \
        -: 1048:        static void TestName(); \
        -: 1049:        CATCH_INTERNAL_START_WARNINGS_SUPPRESSION \
        -: 1050:        CATCH_INTERNAL_SUPPRESS_GLOBALS_WARNINGS \
        -: 1051:        namespace{ Catch::AutoReg INTERNAL_CATCH_UNIQUE_NAME( autoRegistrar )( Catch::makeTestInvoker( &TestName ), CATCH_INTERNAL_LINEINFO, Catch::StringRef(), Catch::NameAndTags{ __VA_ARGS__ } ); } /* NOLINT */ \
        -: 1052:        CATCH_INTERNAL_STOP_WARNINGS_SUPPRESSION \
        -: 1053:        static void TestName()
        -: 1054:    #define INTERNAL_CATCH_TESTCASE( ... ) \
        -: 1055:        INTERNAL_CATCH_TESTCASE2( INTERNAL_CATCH_UNIQUE_NAME( C_A_T_C_H_T_E_S_T_ ), __VA_ARGS__ )
        -: 1056:
        -: 1057:    ///////////////////////////////////////////////////////////////////////////////
        -: 1058:    #define INTERNAL_CATCH_METHOD_AS_TEST_CASE( QualifiedMethod, ... ) \
        -: 1059:        CATCH_INTERNAL_START_WARNINGS_SUPPRESSION \
        -: 1060:        CATCH_INTERNAL_SUPPRESS_GLOBALS_WARNINGS \
        -: 1061:        namespace{ Catch::AutoReg INTERNAL_CATCH_UNIQUE_NAME( autoRegistrar )( Catch::makeTestInvoker( &QualifiedMethod ), CATCH_INTERNAL_LINEINFO, "&" #QualifiedMethod, Catch::NameAndTags{ __VA_ARGS__ } ); } /* NOLINT */ \
        -: 1062:        CATCH_INTERNAL_STOP_WARNINGS_SUPPRESSION
        -: 1063:
        -: 1064:    ///////////////////////////////////////////////////////////////////////////////
        -: 1065:    #define INTERNAL_CATCH_TEST_CASE_METHOD2( TestName, ClassName, ... )\
        -: 1066:        CATCH_INTERNAL_START_WARNINGS_SUPPRESSION \
        -: 1067:        CATCH_INTERNAL_SUPPRESS_GLOBALS_WARNINGS \
        -: 1068:        namespace{ \
        -: 1069:            struct TestName : INTERNAL_CATCH_REMOVE_PARENS(ClassName) { \
        -: 1070:                void test(); \
        -: 1071:            }; \
        -: 1072:            Catch::AutoReg INTERNAL_CATCH_UNIQUE_NAME( autoRegistrar ) ( Catch::makeTestInvoker( &TestName::test ), CATCH_INTERNAL_LINEINFO, #ClassName, Catch::NameAndTags{ __VA_ARGS__ } ); /* NOLINT */ \
        -: 1073:        } \
        -: 1074:        CATCH_INTERNAL_STOP_WARNINGS_SUPPRESSION \
        -: 1075:        void TestName::test()
        -: 1076:    #define INTERNAL_CATCH_TEST_CASE_METHOD( ClassName, ... ) \
        -: 1077:        INTERNAL_CATCH_TEST_CASE_METHOD2( INTERNAL_CATCH_UNIQUE_NAME( C_A_T_C_H_T_E_S_T_ ), ClassName, __VA_ARGS__ )
        -: 1078:
        -: 1079:    ///////////////////////////////////////////////////////////////////////////////
        -: 1080:    #define INTERNAL_CATCH_REGISTER_TESTCASE( Function, ... ) \
        -: 1081:        CATCH_INTERNAL_START_WARNINGS_SUPPRESSION \
        -: 1082:        CATCH_INTERNAL_SUPPRESS_GLOBALS_WARNINGS \
        -: 1083:        Catch::AutoReg INTERNAL_CATCH_UNIQUE_NAME( autoRegistrar )( Catch::makeTestInvoker( Function ), CATCH_INTERNAL_LINEINFO, Catch::StringRef(), Catch::NameAndTags{ __VA_ARGS__ } ); /* NOLINT */ \
        -: 1084:        CATCH_INTERNAL_STOP_WARNINGS_SUPPRESSION
        -: 1085:
        -: 1086:    ///////////////////////////////////////////////////////////////////////////////
        -: 1087:    #define INTERNAL_CATCH_TEMPLATE_TEST_CASE_2(TestName, TestFunc, Name, Tags, Signature, ... )\
        -: 1088:        CATCH_INTERNAL_START_WARNINGS_SUPPRESSION \
        -: 1089:        CATCH_INTERNAL_SUPPRESS_GLOBALS_WARNINGS \
        -: 1090:        CATCH_INTERNAL_SUPPRESS_ZERO_VARIADIC_WARNINGS \
        -: 1091:        CATCH_INTERNAL_SUPPRESS_UNUSED_TEMPLATE_WARNINGS \
        -: 1092:        INTERNAL_CATCH_DECLARE_SIG_TEST(TestFunc, INTERNAL_CATCH_REMOVE_PARENS(Signature));\
        -: 1093:        namespace {\
        -: 1094:        namespace INTERNAL_CATCH_MAKE_NAMESPACE(TestName){\
        -: 1095:            INTERNAL_CATCH_TYPE_GEN\
        -: 1096:            INTERNAL_CATCH_NTTP_GEN(INTERNAL_CATCH_REMOVE_PARENS(Signature))\
        -: 1097:            INTERNAL_CATCH_NTTP_REG_GEN(TestFunc,INTERNAL_CATCH_REMOVE_PARENS(Signature))\
        -: 1098:            template<typename...Types> \
        -: 1099:            struct TestName{\
        -: 1100:                TestName(){\
        -: 1101:                    int index = 0;                                    \
        -: 1102:                    constexpr char const* tmpl_types[] = {CATCH_REC_LIST(INTERNAL_CATCH_STRINGIZE_WITHOUT_PARENS, __VA_ARGS__)};\
        -: 1103:                    using expander = int[];\
        -: 1104:                    (void)expander{(reg_test(Types{}, Catch::NameAndTags{ Name " - " + std::string(tmpl_types[index]), Tags } ), index++)... };/* NOLINT */ \
        -: 1105:                }\
        -: 1106:            };\
        -: 1107:            static int INTERNAL_CATCH_UNIQUE_NAME( globalRegistrar ) = [](){\
        -: 1108:            TestName<INTERNAL_CATCH_MAKE_TYPE_LISTS_FROM_TYPES(__VA_ARGS__)>();\
        -: 1109:            return 0;\
        -: 1110:        }();\
        -: 1111:        }\
        -: 1112:        }\
        -: 1113:        CATCH_INTERNAL_STOP_WARNINGS_SUPPRESSION \
        -: 1114:        INTERNAL_CATCH_DEFINE_SIG_TEST(TestFunc,INTERNAL_CATCH_REMOVE_PARENS(Signature))
        -: 1115:
        -: 1116:#ifndef CATCH_CONFIG_TRADITIONAL_MSVC_PREPROCESSOR
        -: 1117:    #define INTERNAL_CATCH_TEMPLATE_TEST_CASE(Name, Tags, ...) \
        -: 1118:        INTERNAL_CATCH_TEMPLATE_TEST_CASE_2( INTERNAL_CATCH_UNIQUE_NAME( C_A_T_C_H_T_E_M_P_L_A_T_E_T_E_S_T_ ), INTERNAL_CATCH_UNIQUE_NAME( C_A_T_C_H_T_E_M_P_L_A_T_E_T_E_S_T_F_U_N_C_ ), Name, Tags, typename TestType, __VA_ARGS__ )
        -: 1119:#else
        -: 1120:    #define INTERNAL_CATCH_TEMPLATE_TEST_CASE(Name, Tags, ...) \
        -: 1121:        INTERNAL_CATCH_EXPAND_VARGS( INTERNAL_CATCH_TEMPLATE_TEST_CASE_2( INTERNAL_CATCH_UNIQUE_NAME( C_A_T_C_H_T_E_M_P_L_A_T_E_T_E_S_T_ ), INTERNAL_CATCH_UNIQUE_NAME( C_A_T_C_H_T_E_M_P_L_A_T_E_T_E_S_T_F_U_N_C_ ), Name, Tags, typename TestType, __VA_ARGS__ ) )
        -: 1122:#endif
        -: 1123:
        -: 1124:#ifndef CATCH_CONFIG_TRADITIONAL_MSVC_PREPROCESSOR
        -: 1125:    #define INTERNAL_CATCH_TEMPLATE_TEST_CASE_SIG(Name, Tags, Signature, ...) \
        -: 1126:        INTERNAL_CATCH_TEMPLATE_TEST_CASE_2( INTERNAL_CATCH_UNIQUE_NAME( C_A_T_C_H_T_E_M_P_L_A_T_E_T_E_S_T_ ), INTERNAL_CATCH_UNIQUE_NAME( C_A_T_C_H_T_E_M_P_L_A_T_E_T_E_S_T_F_U_N_C_ ), Name, Tags, Signature, __VA_ARGS__ )
        -: 1127:#else
        -: 1128:    #define INTERNAL_CATCH_TEMPLATE_TEST_CASE_SIG(Name, Tags, Signature, ...) \
        -: 1129:        INTERNAL_CATCH_EXPAND_VARGS( INTERNAL_CATCH_TEMPLATE_TEST_CASE_2( INTERNAL_CATCH_UNIQUE_NAME( C_A_T_C_H_T_E_M_P_L_A_T_E_T_E_S_T_ ), INTERNAL_CATCH_UNIQUE_NAME( C_A_T_C_H_T_E_M_P_L_A_T_E_T_E_S_T_F_U_N_C_ ), Name, Tags, Signature, __VA_ARGS__ ) )
        -: 1130:#endif
        -: 1131:
        -: 1132:    #define INTERNAL_CATCH_TEMPLATE_PRODUCT_TEST_CASE2(TestName, TestFuncName, Name, Tags, Signature, TmplTypes, TypesList) \
        -: 1133:        CATCH_INTERNAL_START_WARNINGS_SUPPRESSION                      \
        -: 1134:        CATCH_INTERNAL_SUPPRESS_GLOBALS_WARNINGS                      \
        -: 1135:        CATCH_INTERNAL_SUPPRESS_ZERO_VARIADIC_WARNINGS                \
        -: 1136:        CATCH_INTERNAL_SUPPRESS_UNUSED_TEMPLATE_WARNINGS              \
        -: 1137:        template<typename TestType> static void TestFuncName();       \
        -: 1138:        namespace {\
        -: 1139:        namespace INTERNAL_CATCH_MAKE_NAMESPACE(TestName) {                                     \
[...]
        -:17696:
        -:17697:#define INFO( msg ) INTERNAL_CATCH_INFO( "INFO", msg )
        -:17698:#define UNSCOPED_INFO( msg ) INTERNAL_CATCH_UNSCOPED_INFO( "UNSCOPED_INFO", msg )
        -:17699:#define WARN( msg ) INTERNAL_CATCH_MSG( "WARN", Catch::ResultWas::Warning, Catch::ResultDisposition::ContinueOnFailure, msg )
        -:17700:#define CAPTURE( ... ) INTERNAL_CATCH_CAPTURE( INTERNAL_CATCH_UNIQUE_NAME(capturer), "CAPTURE",__VA_ARGS__ )
        -:17701:
        -:17702:#define TEST_CASE( ... ) INTERNAL_CATCH_TESTCASE( __VA_ARGS__ )
        -:17703:#define TEST_CASE_METHOD( className, ... ) INTERNAL_CATCH_TEST_CASE_METHOD( className, __VA_ARGS__ )
        -:17704:#define METHOD_AS_TEST_CASE( method, ... ) INTERNAL_CATCH_METHOD_AS_TEST_CASE( method, __VA_ARGS__ )
        -:17705:#define REGISTER_TEST_CASE( Function, ... ) INTERNAL_CATCH_REGISTER_TESTCASE( Function, __VA_ARGS__ )
        -:17706:#define SECTION( ... ) INTERNAL_CATCH_SECTION( __VA_ARGS__ )
        -:17707:#define DYNAMIC_SECTION( ... ) INTERNAL_CATCH_DYNAMIC_SECTION( __VA_ARGS__ )
        -:17708:#define FAIL( ... ) INTERNAL_CATCH_MSG( "FAIL", Catch::ResultWas::ExplicitFailure, Catch::ResultDisposition::Normal, __VA_ARGS__ )
        -:17709:#define FAIL_CHECK( ... ) INTERNAL_CATCH_MSG( "FAIL_CHECK", Catch::ResultWas::ExplicitFailure, Catch::ResultDisposition::ContinueOnFailure, __VA_ARGS__ )
        -:17710:#define SUCCEED( ... ) INTERNAL_CATCH_MSG( "SUCCEED", Catch::ResultWas::Ok, Catch::ResultDisposition::ContinueOnFailure, __VA_ARGS__ )
        -:17711:#define ANON_TEST_CASE() INTERNAL_CATCH_TESTCASE()
        -:17712:
        -:17713:#ifndef CATCH_CONFIG_TRADITIONAL_MSVC_PREPROCESSOR
        -:17714:#define TEMPLATE_TEST_CASE( ... ) INTERNAL_CATCH_TEMPLATE_TEST_CASE( __VA_ARGS__ )
        -:17715:#define TEMPLATE_TEST_CASE_SIG( ... ) INTERNAL_CATCH_TEMPLATE_TEST_CASE_SIG( __VA_ARGS__ )
        -:17716:#define TEMPLATE_TEST_CASE_METHOD( className, ... ) INTERNAL_CATCH_TEMPLATE_TEST_CASE_METHOD( className, __VA_ARGS__ )
        -:17717:#define TEMPLATE_TEST_CASE_METHOD_SIG( className, ... ) INTERNAL_CATCH_TEMPLATE_TEST_CASE_METHOD_SIG( className, __VA_ARGS__ )
        -:17718:#define TEMPLATE_PRODUCT_TEST_CASE( ... ) INTERNAL_CATCH_TEMPLATE_PRODUCT_TEST_CASE( __VA_ARGS__ )
        -:17719:#define TEMPLATE_PRODUCT_TEST_CASE_SIG( ... ) INTERNAL_CATCH_TEMPLATE_PRODUCT_TEST_CASE_SIG( __VA_ARGS__ )
        -:17720:#define TEMPLATE_PRODUCT_TEST_CASE_METHOD( className, ... ) INTERNAL_CATCH_TEMPLATE_PRODUCT_TEST_CASE_METHOD( className, __VA_ARGS__ )
        -:17721:#define TEMPLATE_PRODUCT_TEST_CASE_METHOD_SIG( className, ... ) INTERNAL_CATCH_TEMPLATE_PRODUCT_TEST_CASE_METHOD_SIG( className, __VA_ARGS__ )
        -:17722:#define TEMPLATE_LIST_TEST_CASE( ... ) INTERNAL_CATCH_TEMPLATE_LIST_TEST_CASE(__VA_ARGS__)
        -:17723:#define TEMPLATE_LIST_TEST_CASE_METHOD( className, ... ) INTERNAL_CATCH_TEMPLATE_LIST_TEST_CASE_METHOD( className, __VA_ARGS__ )
        -:17724:#else
        -:17725:#define TEMPLATE_TEST_CASE( ... ) INTERNAL_CATCH_EXPAND_VARGS( INTERNAL_CATCH_TEMPLATE_TEST_CASE( __VA_ARGS__ ) )
        -:17726:#define TEMPLATE_TEST_CASE_SIG( ... ) INTERNAL_CATCH_EXPAND_VARGS( INTERNAL_CATCH_TEMPLATE_TEST_CASE_SIG( __VA_ARGS__ ) )
        -:17727:#define TEMPLATE_TEST_CASE_METHOD( className, ... ) INTERNAL_CATCH_EXPAND_VARGS( INTERNAL_CATCH_TEMPLATE_TEST_CASE_METHOD( className, __VA_ARGS__ ) )
        -:17728:#define TEMPLATE_TEST_CASE_METHOD_SIG( className, ... ) INTERNAL_CATCH_EXPAND_VARGS( INTERNAL_CATCH_TEMPLATE_TEST_CASE_METHOD_SIG( className, __VA_ARGS__ ) )
        -:17729:#define TEMPLATE_PRODUCT_TEST_CASE( ... ) INTERNAL_CATCH_EXPAND_VARGS( INTERNAL_CATCH_TEMPLATE_PRODUCT_TEST_CASE( __VA_ARGS__ ) )
        -:17730:#define TEMPLATE_PRODUCT_TEST_CASE_SIG( ... ) INTERNAL_CATCH_EXPAND_VARGS( INTERNAL_CATCH_TEMPLATE_PRODUCT_TEST_CASE_SIG( __VA_ARGS__ ) )
        -:17731:#define TEMPLATE_PRODUCT_TEST_CASE_METHOD( className, ... ) INTERNAL_CATCH_EXPAND_VARGS( INTERNAL_CATCH_TEMPLATE_PRODUCT_TEST_CASE_METHOD( className, __VA_ARGS__ ) )
        -:17732:#define TEMPLATE_PRODUCT_TEST_CASE_METHOD_SIG( className, ... ) INTERNAL_CATCH_EXPAND_VARGS( INTERNAL_CATCH_TEMPLATE_PRODUCT_TEST_CASE_METHOD_SIG( className, __VA_ARGS__ ) )
        -:17733:#define TEMPLATE_LIST_TEST_CASE( ... ) INTERNAL_CATCH_EXPAND_VARGS( INTERNAL_CATCH_TEMPLATE_LIST_TEST_CASE( __VA_ARGS__ ) )
        -:17734:#define TEMPLATE_LIST_TEST_CASE_METHOD( className, ... ) INTERNAL_CATCH_EXPAND_VARGS( INTERNAL_CATCH_TEMPLATE_LIST_TEST_CASE_METHOD( className, __VA_ARGS__ ) )
        -:17735:#endif
        -:17736:
        -:17737:#if !defined(CATCH_CONFIG_RUNTIME_STATIC_REQUIRE)
        -:17738:#define STATIC_REQUIRE( ... )       static_assert(   __VA_ARGS__,  #__VA_ARGS__ ); SUCCEED( #__VA_ARGS__ )
        -:17739:#define STATIC_REQUIRE_FALSE( ... ) static_assert( !(__VA_ARGS__), "!(" #__VA_ARGS__ ")" ); SUCCEED( "!(" #__VA_ARGS__ ")" )
        -:17740:#else
        -:17741:#define STATIC_REQUIRE( ... )       REQUIRE( __VA_ARGS__ )
        -:17742:#define STATIC_REQUIRE_FALSE( ... ) REQUIRE_FALSE( __VA_ARGS__ )
        -:17743:#endif
        -:17744:
        -:17745:#endif
        -:17746:
        -:17747:#define CATCH_TRANSLATE_EXCEPTION( signature ) INTERNAL_CATCH_TRANSLATE_EXCEPTION( signature )
        -:17748:
        -:17749:// "BDD-style" convenience wrappers
        -:17750:#define SCENARIO( ... ) TEST_CASE( "Scenario: " __VA_ARGS__ )
        -:17751:#define SCENARIO_METHOD( className, ... ) INTERNAL_CATCH_TEST_CASE_METHOD( className, "Scenario: " __VA_ARGS__ )
        -:17752:
        -:17753:#define GIVEN( desc )     INTERNAL_CATCH_DYNAMIC_SECTION( "    Given: " << desc )
        -:17754:#define AND_GIVEN( desc ) INTERNAL_CATCH_DYNAMIC_SECTION( "And given: " << desc )
        -:17755:#define WHEN( desc )      INTERNAL_CATCH_DYNAMIC_SECTION( "     When: " << desc )
        -:17756:#define AND_WHEN( desc )  INTERNAL_CATCH_DYNAMIC_SECTION( " And when: " << desc )
        -:17757:#define THEN( desc )      INTERNAL_CATCH_DYNAMIC_SECTION( "     Then: " << desc )
        -:17758:#define AND_THEN( desc )  INTERNAL_CATCH_DYNAMIC_SECTION( "      And: " << desc )
        -:17759:
        -:17760:#if defined(CATCH_CONFIG_ENABLE_BENCHMARKING)
        -:17761:#define BENCHMARK(...) \
        -:17762:    INTERNAL_CATCH_BENCHMARK(INTERNAL_CATCH_UNIQUE_NAME(C_A_T_C_H_B_E_N_C_H_), INTERNAL_CATCH_GET_1_ARG(__VA_ARGS__,,), INTERNAL_CATCH_GET_2_ARG(__VA_ARGS__,,))
        -:17763:#define BENCHMARK_ADVANCED(name) \
        -:17764:    INTERNAL_CATCH_BENCHMARK_ADVANCED(INTERNAL_CATCH_UNIQUE_NAME(C_A_T_C_H_B_E_N_C_H_), name)
        -:17765:#endif // CATCH_CONFIG_ENABLE_BENCHMARKING
        -:17766:
        -:17767:using Catch::Detail::Approx;
        -:17768:
        -:17769:#else // CATCH_CONFIG_DISABLE
        -:17770:
        -:17771://////
        -:17772:// If this config identifier is defined then all CATCH macros are prefixed with CATCH_
        -:17773:#ifdef CATCH_CONFIG_PREFIX_ALL
        -:17774:
        -:17775:#define CATCH_REQUIRE( ... )        (void)(0)
        -:17776:#define CATCH_REQUIRE_FALSE( ... )  (void)(0)
        -:17777:
        -:17778:#define CATCH_REQUIRE_THROWS( ... ) (void)(0)
        -:17779:#define CATCH_REQUIRE_THROWS_AS( expr, exceptionType ) (void)(0)
        -:17780:#define CATCH_REQUIRE_THROWS_WITH( expr, matcher )     (void)(0)
        -:17781:#if !defined(CATCH_CONFIG_DISABLE_MATCHERS)
        -:17782:#define CATCH_REQUIRE_THROWS_MATCHES( expr, exceptionType, matcher ) (void)(0)
        -:17783:#endif// CATCH_CONFIG_DISABLE_MATCHERS
        -:17784:#define CATCH_REQUIRE_NOTHROW( ... ) (void)(0)
        -:17785:
        -:17786:#define CATCH_CHECK( ... )         (void)(0)
        -:17787:#define CATCH_CHECK_FALSE( ... )   (void)(0)
        -:17788:#define CATCH_CHECKED_IF( ... )    if (__VA_ARGS__)
        -:17789:#define CATCH_CHECKED_ELSE( ... )  if (!(__VA_ARGS__))
        -:17790:#define CATCH_CHECK_NOFAIL( ... )  (void)(0)
        -:17791:
        -:17792:#define CATCH_CHECK_THROWS( ... )  (void)(0)
        -:17793:#define CATCH_CHECK_THROWS_AS( expr, exceptionType ) (void)(0)
        -:17794:#define CATCH_CHECK_THROWS_WITH( expr, matcher )     (void)(0)
        -:17795:#if !defined(CATCH_CONFIG_DISABLE_MATCHERS)
        -:17796:#define CATCH_CHECK_THROWS_MATCHES( expr, exceptionType, matcher ) (void)(0)
        -:17797:#endif // CATCH_CONFIG_DISABLE_MATCHERS
        -:17798:#define CATCH_CHECK_NOTHROW( ... ) (void)(0)
        -:17799:
        -:17800:#if !defined(CATCH_CONFIG_DISABLE_MATCHERS)
        -:17801:#define CATCH_CHECK_THAT( arg, matcher )   (void)(0)
        -:17802:
        -:17803:#define CATCH_REQUIRE_THAT( arg, matcher ) (void)(0)
        -:17804:#endif // CATCH_CONFIG_DISABLE_MATCHERS
        -:17805:
        -:17806:#define CATCH_INFO( msg )          (void)(0)
        -:17807:#define CATCH_UNSCOPED_INFO( msg ) (void)(0)
        -:17808:#define CATCH_WARN( msg )          (void)(0)
        -:17809:#define CATCH_CAPTURE( msg )       (void)(0)
        -:17810:
        -:17811:#define CATCH_TEST_CASE( ... ) INTERNAL_CATCH_TESTCASE_NO_REGISTRATION(INTERNAL_CATCH_UNIQUE_NAME( C_A_T_C_H_T_E_S_T_ ))
        -:17812:#define CATCH_TEST_CASE_METHOD( className, ... ) INTERNAL_CATCH_TESTCASE_NO_REGISTRATION(INTERNAL_CATCH_UNIQUE_NAME( C_A_T_C_H_T_E_S_T_ ))
        -:17813:#define CATCH_METHOD_AS_TEST_CASE( method, ... )
        -:17814:#define CATCH_REGISTER_TEST_CASE( Function, ... ) (void)(0)
        -:17815:#define CATCH_SECTION( ... )
        -:17816:#define CATCH_DYNAMIC_SECTION( ... )
        -:17817:#define CATCH_FAIL( ... ) (void)(0)
        -:17818:#define CATCH_FAIL_CHECK( ... ) (void)(0)
        -:17819:#define CATCH_SUCCEED( ... ) (void)(0)
        -:17820:
        -:17821:#define CATCH_ANON_TEST_CASE() INTERNAL_CATCH_TESTCASE_NO_REGISTRATION(INTERNAL_CATCH_UNIQUE_NAME( C_A_T_C_H_T_E_S_T_ ))
        -:17822:
        -:17823:#ifndef CATCH_CONFIG_TRADITIONAL_MSVC_PREPROCESSOR
        -:17824:#define CATCH_TEMPLATE_TEST_CASE( ... ) INTERNAL_CATCH_TEMPLATE_TEST_CASE_NO_REGISTRATION(__VA_ARGS__)
        -:17825:#define CATCH_TEMPLATE_TEST_CASE_SIG( ... ) INTERNAL_CATCH_TEMPLATE_TEST_CASE_SIG_NO_REGISTRATION(__VA_ARGS__)
        -:17826:#define CATCH_TEMPLATE_TEST_CASE_METHOD( className, ... ) INTERNAL_CATCH_TEMPLATE_TEST_CASE_METHOD_NO_REGISTRATION(className, __VA_ARGS__)
        -:17827:#define CATCH_TEMPLATE_TEST_CASE_METHOD_SIG( className, ... ) INTERNAL_CATCH_TEMPLATE_TEST_CASE_METHOD_SIG_NO_REGISTRATION(className, __VA_ARGS__ )
        -:17828:#define CATCH_TEMPLATE_PRODUCT_TEST_CASE( ... ) CATCH_TEMPLATE_TEST_CASE( __VA_ARGS__ )
        -:17829:#define CATCH_TEMPLATE_PRODUCT_TEST_CASE_SIG( ... ) CATCH_TEMPLATE_TEST_CASE( __VA_ARGS__ )
        -:17830:#define CATCH_TEMPLATE_PRODUCT_TEST_CASE_METHOD( className, ... ) CATCH_TEMPLATE_TEST_CASE_METHOD( className, __VA_ARGS__ )
        -:17831:#define CATCH_TEMPLATE_PRODUCT_TEST_CASE_METHOD_SIG( className, ... ) CATCH_TEMPLATE_TEST_CASE_METHOD( className, __VA_ARGS__ )
        -:17832:#else
        -:17833:#define CATCH_TEMPLATE_TEST_CASE( ... ) INTERNAL_CATCH_EXPAND_VARGS( INTERNAL_CATCH_TEMPLATE_TEST_CASE_NO_REGISTRATION(__VA_ARGS__) )
        -:17834:#define CATCH_TEMPLATE_TEST_CASE_SIG( ... ) INTERNAL_CATCH_EXPAND_VARGS( INTERNAL_CATCH_TEMPLATE_TEST_CASE_SIG_NO_REGISTRATION(__VA_ARGS__) )
        -:17835:#define CATCH_TEMPLATE_TEST_CASE_METHOD( className, ... ) INTERNAL_CATCH_EXPAND_VARGS( INTERNAL_CATCH_TEMPLATE_TEST_CASE_METHOD_NO_REGISTRATION(className, __VA_ARGS__ ) )
        -:17836:#define CATCH_TEMPLATE_TEST_CASE_METHOD_SIG( className, ... ) INTERNAL_CATCH_EXPAND_VARGS( INTERNAL_CATCH_TEMPLATE_TEST_CASE_METHOD_SIG_NO_REGISTRATION(className, __VA_ARGS__ ) )
        -:17837:#define CATCH_TEMPLATE_PRODUCT_TEST_CASE( ... ) CATCH_TEMPLATE_TEST_CASE( __VA_ARGS__ )
        -:17838:#define CATCH_TEMPLATE_PRODUCT_TEST_CASE_SIG( ... ) CATCH_TEMPLATE_TEST_CASE( __VA_ARGS__ )
        -:17839:#define CATCH_TEMPLATE_PRODUCT_TEST_CASE_METHOD( className, ... ) CATCH_TEMPLATE_TEST_CASE_METHOD( className, __VA_ARGS__ )
        -:17840:#define CATCH_TEMPLATE_PRODUCT_TEST_CASE_METHOD_SIG( className, ... ) CATCH_TEMPLATE_TEST_CASE_METHOD( className, __VA_ARGS__ )
        -:17841:#endif
        -:17842:
        -:17843:// "BDD-style" convenience wrappers
        -:17844:#define CATCH_SCENARIO( ... ) INTERNAL_CATCH_TESTCASE_NO_REGISTRATION(INTERNAL_CATCH_UNIQUE_NAME( C_A_T_C_H_T_E_S_T_ ))
        -:17845:#define CATCH_SCENARIO_METHOD( className, ... ) INTERNAL_CATCH_TESTCASE_METHOD_NO_REGISTRATION(INTERNAL_CATCH_UNIQUE_NAME( C_A_T_C_H_T_E_S_T_ ), className )
        -:17846:#define CATCH_GIVEN( desc )
        -:17847:#define CATCH_AND_GIVEN( desc )
        -:17848:#define CATCH_WHEN( desc )
        -:17849:#define CATCH_AND_WHEN( desc )
        -:17850:#define CATCH_THEN( desc )
        -:17851:#define CATCH_AND_THEN( desc )
        -:17852:
        -:17853:#define CATCH_STATIC_REQUIRE( ... )       (void)(0)
        -:17854:#define CATCH_STATIC_REQUIRE_FALSE( ... ) (void)(0)
        -:17855:
        -:17856:// If CATCH_CONFIG_PREFIX_ALL is not defined then the CATCH_ prefix is not required
        -:17857:#else
        -:17858:
        -:17859:#define REQUIRE( ... )       (void)(0)
        -:17860:#define REQUIRE_FALSE( ... ) (void)(0)
        -:17861:
        -:17862:#define REQUIRE_THROWS( ... ) (void)(0)
        -:17863:#define REQUIRE_THROWS_AS( expr, exceptionType ) (void)(0)
        -:17864:#define REQUIRE_THROWS_WITH( expr, matcher ) (void)(0)
        -:17865:#if !defined(CATCH_CONFIG_DISABLE_MATCHERS)
        -:17866:#define REQUIRE_THROWS_MATCHES( expr, exceptionType, matcher ) (void)(0)
        -:17867:#endif // CATCH_CONFIG_DISABLE_MATCHERS
        -:17868:#define REQUIRE_NOTHROW( ... ) (void)(0)
        -:17869:
        -:17870:#define CHECK( ... ) (void)(0)
        -:17871:#define CHECK_FALSE( ... ) (void)(0)
        -:17872:#define CHECKED_IF( ... ) if (__VA_ARGS__)
        -:17873:#define CHECKED_ELSE( ... ) if (!(__VA_ARGS__))
        -:17874:#define CHECK_NOFAIL( ... ) (void)(0)
        -:17875:
        -:17876:#define CHECK_THROWS( ... )  (void)(0)
        -:17877:#define CHECK_THROWS_AS( expr, exceptionType ) (void)(0)
        -:17878:#define CHECK_THROWS_WITH( expr, matcher ) (void)(0)
        -:17879:#if !defined(CATCH_CONFIG_DISABLE_MATCHERS)
        -:17880:#define CHECK_THROWS_MATCHES( expr, exceptionType, matcher ) (void)(0)
        -:17881:#endif // CATCH_CONFIG_DISABLE_MATCHERS
        -:17882:#define CHECK_NOTHROW( ... ) (void)(0)
        -:17883:
        -:17884:#if !defined(CATCH_CONFIG_DISABLE_MATCHERS)
        -:17885:#define CHECK_THAT( arg, matcher ) (void)(0)
        -:17886:
        -:17887:#define REQUIRE_THAT( arg, matcher ) (void)(0)
        -:17888:#endif // CATCH_CONFIG_DISABLE_MATCHERS
        -:17889:
        -:17890:#define INFO( msg ) (void)(0)
        -:17891:#define UNSCOPED_INFO( msg ) (void)(0)
        -:17892:#define WARN( msg ) (void)(0)
        -:17893:#define CAPTURE( msg ) (void)(0)
        -:17894:
        -:17895:#define TEST_CASE( ... )  INTERNAL_CATCH_TESTCASE_NO_REGISTRATION(INTERNAL_CATCH_UNIQUE_NAME( C_A_T_C_H_T_E_S_T_ ))
        -:17896:#define TEST_CASE_METHOD( className, ... ) INTERNAL_CATCH_TESTCASE_NO_REGISTRATION(INTERNAL_CATCH_UNIQUE_NAME( C_A_T_C_H_T_E_S_T_ ))
        -:17897:#define METHOD_AS_TEST_CASE( method, ... )
        -:17898:#define REGISTER_TEST_CASE( Function, ... ) (void)(0)
        -:17899:#define SECTION( ... )
        -:17900:#define DYNAMIC_SECTION( ... )
        -:17901:#define FAIL( ... ) (void)(0)
        -:17902:#define FAIL_CHECK( ... ) (void)(0)
        -:17903:#define SUCCEED( ... ) (void)(0)
        -:17904:#define ANON_TEST_CASE() INTERNAL_CATCH_TESTCASE_NO_REGISTRATION(INTERNAL_CATCH_UNIQUE_NAME( C_A_T_C_H_T_E_S_T_ ))
        -:17905:
        -:17906:#ifndef CATCH_CONFIG_TRADITIONAL_MSVC_PREPROCESSOR
        -:17907:#define TEMPLATE_TEST_CASE( ... ) INTERNAL_CATCH_TEMPLATE_TEST_CASE_NO_REGISTRATION(__VA_ARGS__)
        -:17908:#define TEMPLATE_TEST_CASE_SIG( ... ) INTERNAL_CATCH_TEMPLATE_TEST_CASE_SIG_NO_REGISTRATION(__VA_ARGS__)
        -:17909:#define TEMPLATE_TEST_CASE_METHOD( className, ... ) INTERNAL_CATCH_TEMPLATE_TEST_CASE_METHOD_NO_REGISTRATION(className, __VA_ARGS__)
        -:17910:#define TEMPLATE_TEST_CASE_METHOD_SIG( className, ... ) INTERNAL_CATCH_TEMPLATE_TEST_CASE_METHOD_SIG_NO_REGISTRATION(className, __VA_ARGS__ )
        -:17911:#define TEMPLATE_PRODUCT_TEST_CASE( ... ) TEMPLATE_TEST_CASE( __VA_ARGS__ )
        -:17912:#define TEMPLATE_PRODUCT_TEST_CASE_SIG( ... ) TEMPLATE_TEST_CASE( __VA_ARGS__ )
        -:17913:#define TEMPLATE_PRODUCT_TEST_CASE_METHOD( className, ... ) TEMPLATE_TEST_CASE_METHOD( className, __VA_ARGS__ )
        -:17914:#define TEMPLATE_PRODUCT_TEST_CASE_METHOD_SIG( className, ... ) TEMPLATE_TEST_CASE_METHOD( className, __VA_ARGS__ )
        -:17915:#else
        -:17916:#define TEMPLATE_TEST_CASE( ... ) INTERNAL_CATCH_EXPAND_VARGS( INTERNAL_CATCH_TEMPLATE_TEST_CASE_NO_REGISTRATION(__VA_ARGS__) )
        -:17917:#define TEMPLATE_TEST_CASE_SIG( ... ) INTERNAL_CATCH_EXPAND_VARGS( INTERNAL_CATCH_TEMPLATE_TEST_CASE_SIG_NO_REGISTRATION(__VA_ARGS__) )
        -:17918:#define TEMPLATE_TEST_CASE_METHOD( className, ... ) INTERNAL_CATCH_EXPAND_VARGS( INTERNAL_CATCH_TEMPLATE_TEST_CASE_METHOD_NO_REGISTRATION(className, __VA_ARGS__ ) )
        -:17919:#define TEMPLATE_TEST_CASE_METHOD_SIG( className, ... ) INTERNAL_CATCH_EXPAND_VARGS( INTERNAL_CATCH_TEMPLATE_TEST_CASE_METHOD_SIG_NO_REGISTRATION(className, __VA_ARGS__ ) )
        -:17920:#define TEMPLATE_PRODUCT_TEST_CASE( ... ) TEMPLATE_TEST_CASE( __VA_ARGS__ )
        -:17921:#define TEMPLATE_PRODUCT_TEST_CASE_SIG( ... ) TEMPLATE_TEST_CASE( __VA_ARGS__ )
        -:17922:#define TEMPLATE_PRODUCT_TEST_CASE_METHOD( className, ... ) TEMPLATE_TEST_CASE_METHOD( className, __VA_ARGS__ )
        -:17923:#define TEMPLATE_PRODUCT_TEST_CASE_METHOD_SIG( className, ... ) TEMPLATE_TEST_CASE_METHOD( className, __VA_ARGS__ )
        -:17924:#endif
        -:17925:
        -:17926:#define STATIC_REQUIRE( ... )       (void)(0)
        -:17927:#define STATIC_REQUIRE_FALSE( ... ) (void)(0)
        -:17928:
        -:17929:#endif
        -:17930:
        -:17931:#define CATCH_TRANSLATE_EXCEPTION( signature ) INTERNAL_CATCH_TRANSLATE_EXCEPTION_NO_REG( INTERNAL_CATCH_UNIQUE_NAME( catch_internal_ExceptionTranslator ), signature )
        -:17932:
        -:17933:// "BDD-style" convenience wrappers
        -:17934:#define SCENARIO( ... ) INTERNAL_CATCH_TESTCASE_NO_REGISTRATION(INTERNAL_CATCH_UNIQUE_NAME( C_A_T_C_H_T_E_S_T_ ) )
        -:17935:#define SCENARIO_METHOD( className, ... ) INTERNAL_CATCH_TESTCASE_METHOD_NO_REGISTRATION(INTERNAL_CATCH_UNIQUE_NAME( C_A_T_C_H_T_E_S_T_ ), className )
        -:17936:
        -:17937:#define GIVEN( desc )
        -:17938:#define AND_GIVEN( desc )
        -:17939:#define WHEN( desc )
        -:17940:#define AND_WHEN( desc )
        -:17941:#define THEN( desc )
        -:17942:#define AND_THEN( desc )
        -:17943:
        -:17944:using Catch::Detail::Approx;
        -:17945:
        -:17946:#endif
        -:17947:
        -:17948:#endif // ! CATCH_CONFIG_IMPL_ONLY
        -:17949:
        -:17950:// start catch_reenable_warnings.h
        -:17951:
        -:17952:
        -:17953:#ifdef __clang__
        -:17954:#    ifdef __ICC // icpc defines the __clang__ macro
        -:17955:#        pragma warning(pop)
        -:17956:#    else
        -:17957:#        pragma clang diagnostic pop
        -:17958:#    endif
        -:17959:#elif defined __GNUC__
        -:17960:#    pragma GCC diagnostic pop
        -:17961:#endif
        -:17962:
        -:17963:// end catch_reenable_warnings.h
        -:17964:// end catch.hpp
        -:17965:#endif // TWOBLUECUBES_SINGLE_INCLUDE_CATCH_HPP_INCLUDED
        -:17966:
