        -:    0:Source:C:/Users/aniru/AppData/Local/JetBrains/Toolbox/apps/CLion/ch-0/213.6461.75/bin/mingw/lib/gcc/x86_64-w64-mingw32/11.2.0/include/c++/bits/std_function.h
        -:    0:Graph:C:\Users\aniru\Desktop\code\src\private\cs6015\msdscript\cmake-build-debug-coverage\CMakeFiles\msdscript.dir\main.cpp.gcno
        -:    0:Data:C:\Users\aniru\Desktop\code\src\private\cs6015\msdscript\cmake-build-debug-coverage\CMakeFiles\msdscript.dir\main.cpp.gcda
        -:    0:Runs:1
        -:    1:// Implementation of std::function -*- C++ -*-
        -:    2:
        -:    3:// Copyright (C) 2004-2021 Free Software Foundation, Inc.
        -:    4://
        -:    5:// This file is part of the GNU ISO C++ Library.  This library is free
        -:    6:// software; you can redistribute it and/or modify it under the
        -:    7:// terms of the GNU General Public License as published by the
        -:    8:// Free Software Foundation; either version 3, or (at your option)
        -:    9:// any later version.
        -:   10:
        -:   11:// This library is distributed in the hope that it will be useful,
        -:   12:// but WITHOUT ANY WARRANTY; without even the implied warranty of
        -:   13:// MERCHANTABILITY or FITNESS FOR A PARTICULAR PURPOSE.  See the
        -:   14:// GNU General Public License for more details.
        -:   15:
        -:   16:// Under Section 7 of GPL version 3, you are granted additional
        -:   17:// permissions described in the GCC Runtime Library Exception, version
        -:   18:// 3.1, as published by the Free Software Foundation.
        -:   19:
        -:   20:// You should have received a copy of the GNU General Public License and
        -:   21:// a copy of the GCC Runtime Library Exception along with this program;
        -:   22:// see the files COPYING3 and COPYING.RUNTIME respectively.  If not, see
        -:   23:// <http://www.gnu.org/licenses/>.
        -:   24:
        -:   25:/** @file include/bits/std_function.h
        -:   26: *  This is an internal header file, included by other library headers.
        -:   27: *  Do not attempt to use it directly. @headername{functional}
        -:   28: */
        -:   29:
        -:   30:#ifndef _GLIBCXX_STD_FUNCTION_H
        -:   31:#define _GLIBCXX_STD_FUNCTION_H 1
        -:   32:
        -:   33:#pragma GCC system_header
        -:   34:
        -:   35:#if __cplusplus < 201103L
        -:   36:# include <bits/c++0x_warning.h>
        -:   37:#else
        -:   38:
        -:   39:#include <typeinfo>
        -:   40:#include <bits/stl_function.h>
        -:   41:#include <bits/invoke.h>
        -:   42:#include <bits/refwrap.h>
        -:   43:#include <bits/functexcept.h>
        -:   44:
        -:   45:namespace std _GLIBCXX_VISIBILITY(default)
        -:   46:{
        -:   47:_GLIBCXX_BEGIN_NAMESPACE_VERSION
        -:   48:
        -:   49:  /**
        -:   50:   *  @brief Exception class thrown when class template function's
        -:   51:   *  operator() is called with an empty target.
        -:   52:   *  @ingroup exceptions
        -:   53:   */
        -:   54:  class bad_function_call : public std::exception
        -:   55:  {
        -:   56:  public:
        -:   57:    virtual ~bad_function_call() noexcept;
        -:   58:
        -:   59:    const char* what() const noexcept;
        -:   60:  };
        -:   61:
        -:   62:  /**
        -:   63:   *  Trait identifying "location-invariant" types, meaning that the
        -:   64:   *  address of the object (or any of its members) will not escape.
        -:   65:   *  Trivially copyable types are location-invariant and users can
        -:   66:   *  specialize this trait for other types.
        -:   67:   */
        -:   68:  template<typename _Tp>
        -:   69:    struct __is_location_invariant
        -:   70:    : is_trivially_copyable<_Tp>::type
        -:   71:    { };
        -:   72:
        -:   73:  class _Undefined_class;
        -:   74:
        -:   75:  union _Nocopy_types
        -:   76:  {
        -:   77:    void*       _M_object;
        -:   78:    const void* _M_const_object;
        -:   79:    void (*_M_function_pointer)();
        -:   80:    void (_Undefined_class::*_M_member_pointer)();
        -:   81:  };
        -:   82:
        -:   83:  union [[gnu::may_alias]] _Any_data
        -:   84:  {
function _ZNSt9_Any_data9_M_accessEv called 0 returned 0% blocks executed 0%
    #####:   85:    void*       _M_access()       { return &_M_pod_data[0]; }
    %%%%%:   85-block  0
function _ZNKSt9_Any_data9_M_accessEv called 0 returned 0% blocks executed 0%
    #####:   86:    const void* _M_access() const { return &_M_pod_data[0]; }
    %%%%%:   86-block  0
        -:   87:
        -:   88:    template<typename _Tp>
        -:   89:      _Tp&
    #####:   90:      _M_access()
    #####:   91:      { return *static_cast<_Tp*>(_M_access()); }
------------------
_ZNSt9_Any_data9_M_accessIPNSt8__detail15_BracketMatcherINSt7__cxx1112regex_traitsIcEELb0ELb1EEEEERT_v:
function _ZNSt9_Any_data9_M_accessIPNSt8__detail15_BracketMatcherINSt7__cxx1112regex_traitsIcEELb0ELb1EEEEERT_v called 0 returned 0% blocks executed 0%
    #####:   90:      _M_access()
    #####:   91:      { return *static_cast<_Tp*>(_M_access()); }
    %%%%%:   91-block  0
call    0 never executed
------------------
_ZNSt9_Any_data9_M_accessIPKSt9type_infoEERT_v:
function _ZNSt9_Any_data9_M_accessIPKSt9type_infoEERT_v called 0 returned 0% blocks executed 0%
    #####:   90:      _M_access()
    #####:   91:      { return *static_cast<_Tp*>(_M_access()); }
    %%%%%:   91-block  0
call    0 never executed
------------------
_ZNSt9_Any_data9_M_accessIPNSt8__detail11_AnyMatcherINSt7__cxx1112regex_traitsIcEELb0ELb0ELb0EEEEERT_v:
function _ZNSt9_Any_data9_M_accessIPNSt8__detail11_AnyMatcherINSt7__cxx1112regex_traitsIcEELb0ELb0ELb0EEEEERT_v called 0 returned 0% blocks executed 0%
    #####:   90:      _M_access()
    #####:   91:      { return *static_cast<_Tp*>(_M_access()); }
    %%%%%:   91-block  0
call    0 never executed
------------------
_ZNSt9_Any_data9_M_accessIPNSt8__detail11_AnyMatcherINSt7__cxx1112regex_traitsIcEELb0ELb0ELb1EEEEERT_v:
function _ZNSt9_Any_data9_M_accessIPNSt8__detail11_AnyMatcherINSt7__cxx1112regex_traitsIcEELb0ELb0ELb1EEEEERT_v called 0 returned 0% blocks executed 0%
    #####:   90:      _M_access()
    #####:   91:      { return *static_cast<_Tp*>(_M_access()); }
    %%%%%:   91-block  0
call    0 never executed
------------------
_ZNSt9_Any_data9_M_accessIPNSt8__detail11_AnyMatcherINSt7__cxx1112regex_traitsIcEELb0ELb1ELb0EEEEERT_v:
function _ZNSt9_Any_data9_M_accessIPNSt8__detail11_AnyMatcherINSt7__cxx1112regex_traitsIcEELb0ELb1ELb0EEEEERT_v called 0 returned 0% blocks executed 0%
    #####:   90:      _M_access()
    #####:   91:      { return *static_cast<_Tp*>(_M_access()); }
    %%%%%:   91-block  0
call    0 never executed
------------------
_ZNSt9_Any_data9_M_accessIPNSt8__detail11_AnyMatcherINSt7__cxx1112regex_traitsIcEELb0ELb1ELb1EEEEERT_v:
function _ZNSt9_Any_data9_M_accessIPNSt8__detail11_AnyMatcherINSt7__cxx1112regex_traitsIcEELb0ELb1ELb1EEEEERT_v called 0 returned 0% blocks executed 0%
    #####:   90:      _M_access()
    #####:   91:      { return *static_cast<_Tp*>(_M_access()); }
    %%%%%:   91-block  0
call    0 never executed
------------------
_ZNSt9_Any_data9_M_accessIPNSt8__detail11_AnyMatcherINSt7__cxx1112regex_traitsIcEELb1ELb0ELb0EEEEERT_v:
function _ZNSt9_Any_data9_M_accessIPNSt8__detail11_AnyMatcherINSt7__cxx1112regex_traitsIcEELb1ELb0ELb0EEEEERT_v called 0 returned 0% blocks executed 0%
    #####:   90:      _M_access()
    #####:   91:      { return *static_cast<_Tp*>(_M_access()); }
    %%%%%:   91-block  0
call    0 never executed
------------------
_ZNSt9_Any_data9_M_accessIPNSt8__detail11_AnyMatcherINSt7__cxx1112regex_traitsIcEELb1ELb0ELb1EEEEERT_v:
function _ZNSt9_Any_data9_M_accessIPNSt8__detail11_AnyMatcherINSt7__cxx1112regex_traitsIcEELb1ELb0ELb1EEEEERT_v called 0 returned 0% blocks executed 0%
    #####:   90:      _M_access()
    #####:   91:      { return *static_cast<_Tp*>(_M_access()); }
    %%%%%:   91-block  0
call    0 never executed
------------------
_ZNSt9_Any_data9_M_accessIPNSt8__detail11_AnyMatcherINSt7__cxx1112regex_traitsIcEELb1ELb1ELb0EEEEERT_v:
function _ZNSt9_Any_data9_M_accessIPNSt8__detail11_AnyMatcherINSt7__cxx1112regex_traitsIcEELb1ELb1ELb0EEEEERT_v called 0 returned 0% blocks executed 0%
    #####:   90:      _M_access()
    #####:   91:      { return *static_cast<_Tp*>(_M_access()); }
    %%%%%:   91-block  0
call    0 never executed
------------------
_ZNSt9_Any_data9_M_accessIPNSt8__detail11_AnyMatcherINSt7__cxx1112regex_traitsIcEELb1ELb1ELb1EEEEERT_v:
function _ZNSt9_Any_data9_M_accessIPNSt8__detail11_AnyMatcherINSt7__cxx1112regex_traitsIcEELb1ELb1ELb1EEEEERT_v called 0 returned 0% blocks executed 0%
    #####:   90:      _M_access()
    #####:   91:      { return *static_cast<_Tp*>(_M_access()); }
    %%%%%:   91-block  0
call    0 never executed
------------------
_ZNSt9_Any_data9_M_accessIPNSt8__detail12_CharMatcherINSt7__cxx1112regex_traitsIcEELb0ELb0EEEEERT_v:
function _ZNSt9_Any_data9_M_accessIPNSt8__detail12_CharMatcherINSt7__cxx1112regex_traitsIcEELb0ELb0EEEEERT_v called 0 returned 0% blocks executed 0%
    #####:   90:      _M_access()
    #####:   91:      { return *static_cast<_Tp*>(_M_access()); }
    %%%%%:   91-block  0
call    0 never executed
------------------
_ZNSt9_Any_data9_M_accessIPNSt8__detail12_CharMatcherINSt7__cxx1112regex_traitsIcEELb0ELb1EEEEERT_v:
function _ZNSt9_Any_data9_M_accessIPNSt8__detail12_CharMatcherINSt7__cxx1112regex_traitsIcEELb0ELb1EEEEERT_v called 0 returned 0% blocks executed 0%
    #####:   90:      _M_access()
    #####:   91:      { return *static_cast<_Tp*>(_M_access()); }
    %%%%%:   91-block  0
call    0 never executed
------------------
_ZNSt9_Any_data9_M_accessIPNSt8__detail12_CharMatcherINSt7__cxx1112regex_traitsIcEELb1ELb0EEEEERT_v:
function _ZNSt9_Any_data9_M_accessIPNSt8__detail12_CharMatcherINSt7__cxx1112regex_traitsIcEELb1ELb0EEEEERT_v called 0 returned 0% blocks executed 0%
    #####:   90:      _M_access()
    #####:   91:      { return *static_cast<_Tp*>(_M_access()); }
    %%%%%:   91-block  0
call    0 never executed
------------------
_ZNSt9_Any_data9_M_accessIPNSt8__detail12_CharMatcherINSt7__cxx1112regex_traitsIcEELb1ELb1EEEEERT_v:
function _ZNSt9_Any_data9_M_accessIPNSt8__detail12_CharMatcherINSt7__cxx1112regex_traitsIcEELb1ELb1EEEEERT_v called 0 returned 0% blocks executed 0%
    #####:   90:      _M_access()
    #####:   91:      { return *static_cast<_Tp*>(_M_access()); }
    %%%%%:   91-block  0
call    0 never executed
------------------
_ZNSt9_Any_data9_M_accessIPNSt8__detail15_BracketMatcherINSt7__cxx1112regex_traitsIcEELb0ELb0EEEEERT_v:
function _ZNSt9_Any_data9_M_accessIPNSt8__detail15_BracketMatcherINSt7__cxx1112regex_traitsIcEELb0ELb0EEEEERT_v called 0 returned 0% blocks executed 0%
    #####:   90:      _M_access()
    #####:   91:      { return *static_cast<_Tp*>(_M_access()); }
    %%%%%:   91-block  0
call    0 never executed
------------------
_ZNSt9_Any_data9_M_accessINSt8__detail12_CharMatcherINSt7__cxx1112regex_traitsIcEELb1ELb1EEEEERT_v:
function _ZNSt9_Any_data9_M_accessINSt8__detail12_CharMatcherINSt7__cxx1112regex_traitsIcEELb1ELb1EEEEERT_v called 0 returned 0% blocks executed 0%
    #####:   90:      _M_access()
    #####:   91:      { return *static_cast<_Tp*>(_M_access()); }
    %%%%%:   91-block  0
call    0 never executed
------------------
_ZNSt9_Any_data9_M_accessIPNSt8__detail15_BracketMatcherINSt7__cxx1112regex_traitsIcEELb1ELb0EEEEERT_v:
function _ZNSt9_Any_data9_M_accessIPNSt8__detail15_BracketMatcherINSt7__cxx1112regex_traitsIcEELb1ELb0EEEEERT_v called 0 returned 0% blocks executed 0%
    #####:   90:      _M_access()
    #####:   91:      { return *static_cast<_Tp*>(_M_access()); }
    %%%%%:   91-block  0
call    0 never executed
------------------
_ZNSt9_Any_data9_M_accessIPNSt8__detail15_BracketMatcherINSt7__cxx1112regex_traitsIcEELb1ELb1EEEEERT_v:
function _ZNSt9_Any_data9_M_accessIPNSt8__detail15_BracketMatcherINSt7__cxx1112regex_traitsIcEELb1ELb1EEEEERT_v called 0 returned 0% blocks executed 0%
    #####:   90:      _M_access()
    #####:   91:      { return *static_cast<_Tp*>(_M_access()); }
    %%%%%:   91-block  0
call    0 never executed
------------------
_ZNSt9_Any_data9_M_accessINSt8__detail11_AnyMatcherINSt7__cxx1112regex_traitsIcEELb0ELb0ELb0EEEEERT_v:
function _ZNSt9_Any_data9_M_accessINSt8__detail11_AnyMatcherINSt7__cxx1112regex_traitsIcEELb0ELb0ELb0EEEEERT_v called 0 returned 0% blocks executed 0%
    #####:   90:      _M_access()
    #####:   91:      { return *static_cast<_Tp*>(_M_access()); }
    %%%%%:   91-block  0
call    0 never executed
------------------
_ZNSt9_Any_data9_M_accessINSt8__detail11_AnyMatcherINSt7__cxx1112regex_traitsIcEELb0ELb0ELb1EEEEERT_v:
function _ZNSt9_Any_data9_M_accessINSt8__detail11_AnyMatcherINSt7__cxx1112regex_traitsIcEELb0ELb0ELb1EEEEERT_v called 0 returned 0% blocks executed 0%
    #####:   90:      _M_access()
    #####:   91:      { return *static_cast<_Tp*>(_M_access()); }
    %%%%%:   91-block  0
call    0 never executed
------------------
_ZNSt9_Any_data9_M_accessINSt8__detail11_AnyMatcherINSt7__cxx1112regex_traitsIcEELb0ELb1ELb0EEEEERT_v:
function _ZNSt9_Any_data9_M_accessINSt8__detail11_AnyMatcherINSt7__cxx1112regex_traitsIcEELb0ELb1ELb0EEEEERT_v called 0 returned 0% blocks executed 0%
    #####:   90:      _M_access()
    #####:   91:      { return *static_cast<_Tp*>(_M_access()); }
    %%%%%:   91-block  0
call    0 never executed
------------------
_ZNSt9_Any_data9_M_accessINSt8__detail11_AnyMatcherINSt7__cxx1112regex_traitsIcEELb0ELb1ELb1EEEEERT_v:
function _ZNSt9_Any_data9_M_accessINSt8__detail11_AnyMatcherINSt7__cxx1112regex_traitsIcEELb0ELb1ELb1EEEEERT_v called 0 returned 0% blocks executed 0%
    #####:   90:      _M_access()
    #####:   91:      { return *static_cast<_Tp*>(_M_access()); }
    %%%%%:   91-block  0
call    0 never executed
------------------
_ZNSt9_Any_data9_M_accessINSt8__detail11_AnyMatcherINSt7__cxx1112regex_traitsIcEELb1ELb0ELb0EEEEERT_v:
function _ZNSt9_Any_data9_M_accessINSt8__detail11_AnyMatcherINSt7__cxx1112regex_traitsIcEELb1ELb0ELb0EEEEERT_v called 0 returned 0% blocks executed 0%
    #####:   90:      _M_access()
    #####:   91:      { return *static_cast<_Tp*>(_M_access()); }
    %%%%%:   91-block  0
call    0 never executed
------------------
_ZNSt9_Any_data9_M_accessINSt8__detail11_AnyMatcherINSt7__cxx1112regex_traitsIcEELb1ELb0ELb1EEEEERT_v:
function _ZNSt9_Any_data9_M_accessINSt8__detail11_AnyMatcherINSt7__cxx1112regex_traitsIcEELb1ELb0ELb1EEEEERT_v called 0 returned 0% blocks executed 0%
    #####:   90:      _M_access()
    #####:   91:      { return *static_cast<_Tp*>(_M_access()); }
    %%%%%:   91-block  0
call    0 never executed
------------------
_ZNSt9_Any_data9_M_accessINSt8__detail11_AnyMatcherINSt7__cxx1112regex_traitsIcEELb1ELb1ELb0EEEEERT_v:
function _ZNSt9_Any_data9_M_accessINSt8__detail11_AnyMatcherINSt7__cxx1112regex_traitsIcEELb1ELb1ELb0EEEEERT_v called 0 returned 0% blocks executed 0%
    #####:   90:      _M_access()
    #####:   91:      { return *static_cast<_Tp*>(_M_access()); }
    %%%%%:   91-block  0
call    0 never executed
------------------
_ZNSt9_Any_data9_M_accessINSt8__detail11_AnyMatcherINSt7__cxx1112regex_traitsIcEELb1ELb1ELb1EEEEERT_v:
function _ZNSt9_Any_data9_M_accessINSt8__detail11_AnyMatcherINSt7__cxx1112regex_traitsIcEELb1ELb1ELb1EEEEERT_v called 0 returned 0% blocks executed 0%
    #####:   90:      _M_access()
    #####:   91:      { return *static_cast<_Tp*>(_M_access()); }
    %%%%%:   91-block  0
call    0 never executed
------------------
_ZNSt9_Any_data9_M_accessINSt8__detail12_CharMatcherINSt7__cxx1112regex_traitsIcEELb0ELb0EEEEERT_v:
function _ZNSt9_Any_data9_M_accessINSt8__detail12_CharMatcherINSt7__cxx1112regex_traitsIcEELb0ELb0EEEEERT_v called 0 returned 0% blocks executed 0%
    #####:   90:      _M_access()
    #####:   91:      { return *static_cast<_Tp*>(_M_access()); }
    %%%%%:   91-block  0
call    0 never executed
------------------
_ZNSt9_Any_data9_M_accessINSt8__detail12_CharMatcherINSt7__cxx1112regex_traitsIcEELb0ELb1EEEEERT_v:
function _ZNSt9_Any_data9_M_accessINSt8__detail12_CharMatcherINSt7__cxx1112regex_traitsIcEELb0ELb1EEEEERT_v called 0 returned 0% blocks executed 0%
    #####:   90:      _M_access()
    #####:   91:      { return *static_cast<_Tp*>(_M_access()); }
    %%%%%:   91-block  0
call    0 never executed
------------------
_ZNSt9_Any_data9_M_accessINSt8__detail12_CharMatcherINSt7__cxx1112regex_traitsIcEELb1ELb0EEEEERT_v:
function _ZNSt9_Any_data9_M_accessINSt8__detail12_CharMatcherINSt7__cxx1112regex_traitsIcEELb1ELb0EEEEERT_v called 0 returned 0% blocks executed 0%
    #####:   90:      _M_access()
    #####:   91:      { return *static_cast<_Tp*>(_M_access()); }
    %%%%%:   91-block  0
call    0 never executed
------------------
        -:   92:
        -:   93:    template<typename _Tp>
        -:   94:      const _Tp&
    #####:   95:      _M_access() const
    #####:   96:      { return *static_cast<const _Tp*>(_M_access()); }
------------------
_ZNKSt9_Any_data9_M_accessINSt8__detail12_CharMatcherINSt7__cxx1112regex_traitsIcEELb0ELb1EEEEERKT_v:
function _ZNKSt9_Any_data9_M_accessINSt8__detail12_CharMatcherINSt7__cxx1112regex_traitsIcEELb0ELb1EEEEERKT_v called 0 returned 0% blocks executed 0%
    #####:   95:      _M_access() const
    #####:   96:      { return *static_cast<const _Tp*>(_M_access()); }
    %%%%%:   96-block  0
call    0 never executed
------------------
_ZNKSt9_Any_data9_M_accessINSt8__detail11_AnyMatcherINSt7__cxx1112regex_traitsIcEELb0ELb0ELb0EEEEERKT_v:
function _ZNKSt9_Any_data9_M_accessINSt8__detail11_AnyMatcherINSt7__cxx1112regex_traitsIcEELb0ELb0ELb0EEEEERKT_v called 0 returned 0% blocks executed 0%
    #####:   95:      _M_access() const
    #####:   96:      { return *static_cast<const _Tp*>(_M_access()); }
    %%%%%:   96-block  0
call    0 never executed
------------------
_ZNKSt9_Any_data9_M_accessINSt8__detail11_AnyMatcherINSt7__cxx1112regex_traitsIcEELb0ELb0ELb1EEEEERKT_v:
function _ZNKSt9_Any_data9_M_accessINSt8__detail11_AnyMatcherINSt7__cxx1112regex_traitsIcEELb0ELb0ELb1EEEEERKT_v called 0 returned 0% blocks executed 0%
    #####:   95:      _M_access() const
    #####:   96:      { return *static_cast<const _Tp*>(_M_access()); }
    %%%%%:   96-block  0
call    0 never executed
------------------
_ZNKSt9_Any_data9_M_accessINSt8__detail11_AnyMatcherINSt7__cxx1112regex_traitsIcEELb0ELb1ELb0EEEEERKT_v:
function _ZNKSt9_Any_data9_M_accessINSt8__detail11_AnyMatcherINSt7__cxx1112regex_traitsIcEELb0ELb1ELb0EEEEERKT_v called 0 returned 0% blocks executed 0%
    #####:   95:      _M_access() const
    #####:   96:      { return *static_cast<const _Tp*>(_M_access()); }
    %%%%%:   96-block  0
call    0 never executed
------------------
_ZNKSt9_Any_data9_M_accessINSt8__detail11_AnyMatcherINSt7__cxx1112regex_traitsIcEELb0ELb1ELb1EEEEERKT_v:
function _ZNKSt9_Any_data9_M_accessINSt8__detail11_AnyMatcherINSt7__cxx1112regex_traitsIcEELb0ELb1ELb1EEEEERKT_v called 0 returned 0% blocks executed 0%
    #####:   95:      _M_access() const
    #####:   96:      { return *static_cast<const _Tp*>(_M_access()); }
    %%%%%:   96-block  0
call    0 never executed
------------------
_ZNKSt9_Any_data9_M_accessINSt8__detail11_AnyMatcherINSt7__cxx1112regex_traitsIcEELb1ELb0ELb0EEEEERKT_v:
function _ZNKSt9_Any_data9_M_accessINSt8__detail11_AnyMatcherINSt7__cxx1112regex_traitsIcEELb1ELb0ELb0EEEEERKT_v called 0 returned 0% blocks executed 0%
    #####:   95:      _M_access() const
    #####:   96:      { return *static_cast<const _Tp*>(_M_access()); }
    %%%%%:   96-block  0
call    0 never executed
------------------
_ZNKSt9_Any_data9_M_accessINSt8__detail11_AnyMatcherINSt7__cxx1112regex_traitsIcEELb1ELb0ELb1EEEEERKT_v:
function _ZNKSt9_Any_data9_M_accessINSt8__detail11_AnyMatcherINSt7__cxx1112regex_traitsIcEELb1ELb0ELb1EEEEERKT_v called 0 returned 0% blocks executed 0%
    #####:   95:      _M_access() const
    #####:   96:      { return *static_cast<const _Tp*>(_M_access()); }
    %%%%%:   96-block  0
call    0 never executed
------------------
_ZNKSt9_Any_data9_M_accessINSt8__detail11_AnyMatcherINSt7__cxx1112regex_traitsIcEELb1ELb1ELb0EEEEERKT_v:
function _ZNKSt9_Any_data9_M_accessINSt8__detail11_AnyMatcherINSt7__cxx1112regex_traitsIcEELb1ELb1ELb0EEEEERKT_v called 0 returned 0% blocks executed 0%
    #####:   95:      _M_access() const
    #####:   96:      { return *static_cast<const _Tp*>(_M_access()); }
    %%%%%:   96-block  0
call    0 never executed
------------------
_ZNKSt9_Any_data9_M_accessINSt8__detail11_AnyMatcherINSt7__cxx1112regex_traitsIcEELb1ELb1ELb1EEEEERKT_v:
function _ZNKSt9_Any_data9_M_accessINSt8__detail11_AnyMatcherINSt7__cxx1112regex_traitsIcEELb1ELb1ELb1EEEEERKT_v called 0 returned 0% blocks executed 0%
    #####:   95:      _M_access() const
    #####:   96:      { return *static_cast<const _Tp*>(_M_access()); }
    %%%%%:   96-block  0
call    0 never executed
------------------
_ZNKSt9_Any_data9_M_accessINSt8__detail12_CharMatcherINSt7__cxx1112regex_traitsIcEELb0ELb0EEEEERKT_v:
function _ZNKSt9_Any_data9_M_accessINSt8__detail12_CharMatcherINSt7__cxx1112regex_traitsIcEELb0ELb0EEEEERKT_v called 0 returned 0% blocks executed 0%
    #####:   95:      _M_access() const
    #####:   96:      { return *static_cast<const _Tp*>(_M_access()); }
    %%%%%:   96-block  0
call    0 never executed
------------------
_ZNKSt9_Any_data9_M_accessIPKNSt8__detail15_BracketMatcherINSt7__cxx1112regex_traitsIcEELb1ELb1EEEEERKT_v:
function _ZNKSt9_Any_data9_M_accessIPKNSt8__detail15_BracketMatcherINSt7__cxx1112regex_traitsIcEELb1ELb1EEEEERKT_v called 0 returned 0% blocks executed 0%
    #####:   95:      _M_access() const
    #####:   96:      { return *static_cast<const _Tp*>(_M_access()); }
    %%%%%:   96-block  0
call    0 never executed
------------------
_ZNKSt9_Any_data9_M_accessINSt8__detail12_CharMatcherINSt7__cxx1112regex_traitsIcEELb1ELb0EEEEERKT_v:
function _ZNKSt9_Any_data9_M_accessINSt8__detail12_CharMatcherINSt7__cxx1112regex_traitsIcEELb1ELb0EEEEERKT_v called 0 returned 0% blocks executed 0%
    #####:   95:      _M_access() const
    #####:   96:      { return *static_cast<const _Tp*>(_M_access()); }
    %%%%%:   96-block  0
call    0 never executed
------------------
_ZNKSt9_Any_data9_M_accessINSt8__detail12_CharMatcherINSt7__cxx1112regex_traitsIcEELb1ELb1EEEEERKT_v:
function _ZNKSt9_Any_data9_M_accessINSt8__detail12_CharMatcherINSt7__cxx1112regex_traitsIcEELb1ELb1EEEEERKT_v called 0 returned 0% blocks executed 0%
    #####:   95:      _M_access() const
    #####:   96:      { return *static_cast<const _Tp*>(_M_access()); }
    %%%%%:   96-block  0
call    0 never executed
------------------
_ZNKSt9_Any_data9_M_accessIPNSt8__detail15_BracketMatcherINSt7__cxx1112regex_traitsIcEELb0ELb0EEEEERKT_v:
function _ZNKSt9_Any_data9_M_accessIPNSt8__detail15_BracketMatcherINSt7__cxx1112regex_traitsIcEELb0ELb0EEEEERKT_v called 0 returned 0% blocks executed 0%
    #####:   95:      _M_access() const
    #####:   96:      { return *static_cast<const _Tp*>(_M_access()); }
    %%%%%:   96-block  0
call    0 never executed
------------------
_ZNKSt9_Any_data9_M_accessIPNSt8__detail15_BracketMatcherINSt7__cxx1112regex_traitsIcEELb0ELb1EEEEERKT_v:
function _ZNKSt9_Any_data9_M_accessIPNSt8__detail15_BracketMatcherINSt7__cxx1112regex_traitsIcEELb0ELb1EEEEERKT_v called 0 returned 0% blocks executed 0%
    #####:   95:      _M_access() const
    #####:   96:      { return *static_cast<const _Tp*>(_M_access()); }
    %%%%%:   96-block  0
call    0 never executed
------------------
_ZNKSt9_Any_data9_M_accessIPNSt8__detail15_BracketMatcherINSt7__cxx1112regex_traitsIcEELb1ELb0EEEEERKT_v:
function _ZNKSt9_Any_data9_M_accessIPNSt8__detail15_BracketMatcherINSt7__cxx1112regex_traitsIcEELb1ELb0EEEEERKT_v called 0 returned 0% blocks executed 0%
    #####:   95:      _M_access() const
    #####:   96:      { return *static_cast<const _Tp*>(_M_access()); }
    %%%%%:   96-block  0
call    0 never executed
------------------
_ZNKSt9_Any_data9_M_accessIPNSt8__detail15_BracketMatcherINSt7__cxx1112regex_traitsIcEELb1ELb1EEEEERKT_v:
function _ZNKSt9_Any_data9_M_accessIPNSt8__detail15_BracketMatcherINSt7__cxx1112regex_traitsIcEELb1ELb1EEEEERKT_v called 0 returned 0% blocks executed 0%
    #####:   95:      _M_access() const
    #####:   96:      { return *static_cast<const _Tp*>(_M_access()); }
    %%%%%:   96-block  0
call    0 never executed
------------------
_ZNKSt9_Any_data9_M_accessIPKNSt8__detail15_BracketMatcherINSt7__cxx1112regex_traitsIcEELb0ELb0EEEEERKT_v:
function _ZNKSt9_Any_data9_M_accessIPKNSt8__detail15_BracketMatcherINSt7__cxx1112regex_traitsIcEELb0ELb0EEEEERKT_v called 0 returned 0% blocks executed 0%
    #####:   95:      _M_access() const
    #####:   96:      { return *static_cast<const _Tp*>(_M_access()); }
    %%%%%:   96-block  0
call    0 never executed
------------------
_ZNKSt9_Any_data9_M_accessIPKNSt8__detail15_BracketMatcherINSt7__cxx1112regex_traitsIcEELb0ELb1EEEEERKT_v:
function _ZNKSt9_Any_data9_M_accessIPKNSt8__detail15_BracketMatcherINSt7__cxx1112regex_traitsIcEELb0ELb1EEEEERKT_v called 0 returned 0% blocks executed 0%
    #####:   95:      _M_access() const
    #####:   96:      { return *static_cast<const _Tp*>(_M_access()); }
    %%%%%:   96-block  0
call    0 never executed
------------------
_ZNKSt9_Any_data9_M_accessIPKNSt8__detail15_BracketMatcherINSt7__cxx1112regex_traitsIcEELb1ELb0EEEEERKT_v:
function _ZNKSt9_Any_data9_M_accessIPKNSt8__detail15_BracketMatcherINSt7__cxx1112regex_traitsIcEELb1ELb0EEEEERKT_v called 0 returned 0% blocks executed 0%
    #####:   95:      _M_access() const
    #####:   96:      { return *static_cast<const _Tp*>(_M_access()); }
    %%%%%:   96-block  0
call    0 never executed
------------------
        -:   97:
        -:   98:    _Nocopy_types _M_unused;
        -:   99:    char _M_pod_data[sizeof(_Nocopy_types)];
        -:  100:  };
        -:  101:
        -:  102:  enum _Manager_operation
        -:  103:  {
        -:  104:    __get_type_info,
        -:  105:    __get_functor_ptr,
        -:  106:    __clone_functor,
        -:  107:    __destroy_functor
        -:  108:  };
        -:  109:
        -:  110:  template<typename _Signature>
        -:  111:    class function;
        -:  112:
        -:  113:  /// Base class of all polymorphic function object wrappers.
        -:  114:  class _Function_base
        -:  115:  {
        -:  116:  public:
        -:  117:    static const size_t _M_max_size = sizeof(_Nocopy_types);
        -:  118:    static const size_t _M_max_align = __alignof__(_Nocopy_types);
        -:  119:
        -:  120:    template<typename _Functor>
        -:  121:      class _Base_manager
        -:  122:      {
        -:  123:      protected:
        -:  124:	static const bool __stored_locally =
        -:  125:	(__is_location_invariant<_Functor>::value
        -:  126:	 && sizeof(_Functor) <= _M_max_size
        -:  127:	 && __alignof__(_Functor) <= _M_max_align
        -:  128:	 && (_M_max_align % __alignof__(_Functor) == 0));
        -:  129:
        -:  130:	typedef integral_constant<bool, __stored_locally> _Local_storage;
        -:  131:
        -:  132:	// Retrieve a pointer to the function object
        -:  133:	static _Functor*
    #####:  134:	_M_get_pointer(const _Any_data& __source)
        -:  135:	{
        -:  136:	  if _GLIBCXX17_CONSTEXPR (__stored_locally)
        -:  137:	    {
    #####:  138:	      const _Functor& __f = __source._M_access<_Functor>();
    #####:  139:	      return const_cast<_Functor*>(std::__addressof(__f));
        -:  140:	    }
        -:  141:	  else // have stored a pointer
    #####:  142:	    return __source._M_access<_Functor*>();
        -:  143:	}
------------------
_ZNSt14_Function_base13_Base_managerINSt8__detail15_BracketMatcherINSt7__cxx1112regex_traitsIcEELb1ELb1EEEE14_M_get_pointerERKSt9_Any_data:
function _ZNSt14_Function_base13_Base_managerINSt8__detail15_BracketMatcherINSt7__cxx1112regex_traitsIcEELb1ELb1EEEE14_M_get_pointerERKSt9_Any_data called 0 returned 0% blocks executed 0%
    #####:  134:	_M_get_pointer(const _Any_data& __source)
    %%%%%:  134-block  0
        -:  135:	{
        -:  136:	  if _GLIBCXX17_CONSTEXPR (__stored_locally)
        -:  137:	    {
        -:  138:	      const _Functor& __f = __source._M_access<_Functor>();
        -:  139:	      return const_cast<_Functor*>(std::__addressof(__f));
        -:  140:	    }
        -:  141:	  else // have stored a pointer
    #####:  142:	    return __source._M_access<_Functor*>();
    %%%%%:  142-block  0
call    0 never executed
        -:  143:	}
------------------
_ZNSt14_Function_base13_Base_managerINSt8__detail15_BracketMatcherINSt7__cxx1112regex_traitsIcEELb1ELb0EEEE14_M_get_pointerERKSt9_Any_data:
function _ZNSt14_Function_base13_Base_managerINSt8__detail15_BracketMatcherINSt7__cxx1112regex_traitsIcEELb1ELb0EEEE14_M_get_pointerERKSt9_Any_data called 0 returned 0% blocks executed 0%
    #####:  134:	_M_get_pointer(const _Any_data& __source)
    %%%%%:  134-block  0
        -:  135:	{
        -:  136:	  if _GLIBCXX17_CONSTEXPR (__stored_locally)
        -:  137:	    {
        -:  138:	      const _Functor& __f = __source._M_access<_Functor>();
        -:  139:	      return const_cast<_Functor*>(std::__addressof(__f));
        -:  140:	    }
        -:  141:	  else // have stored a pointer
    #####:  142:	    return __source._M_access<_Functor*>();
    %%%%%:  142-block  0
call    0 never executed
        -:  143:	}
------------------
_ZNSt14_Function_base13_Base_managerINSt8__detail15_BracketMatcherINSt7__cxx1112regex_traitsIcEELb0ELb1EEEE14_M_get_pointerERKSt9_Any_data:
function _ZNSt14_Function_base13_Base_managerINSt8__detail15_BracketMatcherINSt7__cxx1112regex_traitsIcEELb0ELb1EEEE14_M_get_pointerERKSt9_Any_data called 0 returned 0% blocks executed 0%
    #####:  134:	_M_get_pointer(const _Any_data& __source)
    %%%%%:  134-block  0
        -:  135:	{
        -:  136:	  if _GLIBCXX17_CONSTEXPR (__stored_locally)
        -:  137:	    {
        -:  138:	      const _Functor& __f = __source._M_access<_Functor>();
        -:  139:	      return const_cast<_Functor*>(std::__addressof(__f));
        -:  140:	    }
        -:  141:	  else // have stored a pointer
    #####:  142:	    return __source._M_access<_Functor*>();
    %%%%%:  142-block  0
call    0 never executed
        -:  143:	}
------------------
_ZNSt14_Function_base13_Base_managerINSt8__detail15_BracketMatcherINSt7__cxx1112regex_traitsIcEELb0ELb0EEEE14_M_get_pointerERKSt9_Any_data:
function _ZNSt14_Function_base13_Base_managerINSt8__detail15_BracketMatcherINSt7__cxx1112regex_traitsIcEELb0ELb0EEEE14_M_get_pointerERKSt9_Any_data called 0 returned 0% blocks executed 0%
    #####:  134:	_M_get_pointer(const _Any_data& __source)
    %%%%%:  134-block  0
        -:  135:	{
        -:  136:	  if _GLIBCXX17_CONSTEXPR (__stored_locally)
        -:  137:	    {
        -:  138:	      const _Functor& __f = __source._M_access<_Functor>();
        -:  139:	      return const_cast<_Functor*>(std::__addressof(__f));
        -:  140:	    }
        -:  141:	  else // have stored a pointer
    #####:  142:	    return __source._M_access<_Functor*>();
    %%%%%:  142-block  0
call    0 never executed
        -:  143:	}
------------------
_ZNSt14_Function_base13_Base_managerINSt8__detail12_CharMatcherINSt7__cxx1112regex_traitsIcEELb1ELb1EEEE14_M_get_pointerERKSt9_Any_data:
function _ZNSt14_Function_base13_Base_managerINSt8__detail12_CharMatcherINSt7__cxx1112regex_traitsIcEELb1ELb1EEEE14_M_get_pointerERKSt9_Any_data called 0 returned 0% blocks executed 0%
    #####:  134:	_M_get_pointer(const _Any_data& __source)
    %%%%%:  134-block  0
        -:  135:	{
        -:  136:	  if _GLIBCXX17_CONSTEXPR (__stored_locally)
        -:  137:	    {
    #####:  138:	      const _Functor& __f = __source._M_access<_Functor>();
    %%%%%:  138-block  0
call    0 never executed
    #####:  139:	      return const_cast<_Functor*>(std::__addressof(__f));
call    0 never executed
        -:  140:	    }
        -:  141:	  else // have stored a pointer
        -:  142:	    return __source._M_access<_Functor*>();
        -:  143:	}
------------------
_ZNSt14_Function_base13_Base_managerINSt8__detail12_CharMatcherINSt7__cxx1112regex_traitsIcEELb1ELb0EEEE14_M_get_pointerERKSt9_Any_data:
function _ZNSt14_Function_base13_Base_managerINSt8__detail12_CharMatcherINSt7__cxx1112regex_traitsIcEELb1ELb0EEEE14_M_get_pointerERKSt9_Any_data called 0 returned 0% blocks executed 0%
    #####:  134:	_M_get_pointer(const _Any_data& __source)
    %%%%%:  134-block  0
        -:  135:	{
        -:  136:	  if _GLIBCXX17_CONSTEXPR (__stored_locally)
        -:  137:	    {
    #####:  138:	      const _Functor& __f = __source._M_access<_Functor>();
    %%%%%:  138-block  0
call    0 never executed
    #####:  139:	      return const_cast<_Functor*>(std::__addressof(__f));
call    0 never executed
        -:  140:	    }
        -:  141:	  else // have stored a pointer
        -:  142:	    return __source._M_access<_Functor*>();
        -:  143:	}
------------------
_ZNSt14_Function_base13_Base_managerINSt8__detail12_CharMatcherINSt7__cxx1112regex_traitsIcEELb0ELb1EEEE14_M_get_pointerERKSt9_Any_data:
function _ZNSt14_Function_base13_Base_managerINSt8__detail12_CharMatcherINSt7__cxx1112regex_traitsIcEELb0ELb1EEEE14_M_get_pointerERKSt9_Any_data called 0 returned 0% blocks executed 0%
    #####:  134:	_M_get_pointer(const _Any_data& __source)
    %%%%%:  134-block  0
        -:  135:	{
        -:  136:	  if _GLIBCXX17_CONSTEXPR (__stored_locally)
        -:  137:	    {
    #####:  138:	      const _Functor& __f = __source._M_access<_Functor>();
    %%%%%:  138-block  0
call    0 never executed
    #####:  139:	      return const_cast<_Functor*>(std::__addressof(__f));
call    0 never executed
        -:  140:	    }
        -:  141:	  else // have stored a pointer
        -:  142:	    return __source._M_access<_Functor*>();
        -:  143:	}
------------------
_ZNSt14_Function_base13_Base_managerINSt8__detail12_CharMatcherINSt7__cxx1112regex_traitsIcEELb0ELb0EEEE14_M_get_pointerERKSt9_Any_data:
function _ZNSt14_Function_base13_Base_managerINSt8__detail12_CharMatcherINSt7__cxx1112regex_traitsIcEELb0ELb0EEEE14_M_get_pointerERKSt9_Any_data called 0 returned 0% blocks executed 0%
    #####:  134:	_M_get_pointer(const _Any_data& __source)
    %%%%%:  134-block  0
        -:  135:	{
        -:  136:	  if _GLIBCXX17_CONSTEXPR (__stored_locally)
        -:  137:	    {
    #####:  138:	      const _Functor& __f = __source._M_access<_Functor>();
    %%%%%:  138-block  0
call    0 never executed
    #####:  139:	      return const_cast<_Functor*>(std::__addressof(__f));
call    0 never executed
        -:  140:	    }
        -:  141:	  else // have stored a pointer
        -:  142:	    return __source._M_access<_Functor*>();
        -:  143:	}
------------------
_ZNSt14_Function_base13_Base_managerINSt8__detail11_AnyMatcherINSt7__cxx1112regex_traitsIcEELb1ELb1ELb1EEEE14_M_get_pointerERKSt9_Any_data:
function _ZNSt14_Function_base13_Base_managerINSt8__detail11_AnyMatcherINSt7__cxx1112regex_traitsIcEELb1ELb1ELb1EEEE14_M_get_pointerERKSt9_Any_data called 0 returned 0% blocks executed 0%
    #####:  134:	_M_get_pointer(const _Any_data& __source)
    %%%%%:  134-block  0
        -:  135:	{
        -:  136:	  if _GLIBCXX17_CONSTEXPR (__stored_locally)
        -:  137:	    {
    #####:  138:	      const _Functor& __f = __source._M_access<_Functor>();
    %%%%%:  138-block  0
call    0 never executed
    #####:  139:	      return const_cast<_Functor*>(std::__addressof(__f));
call    0 never executed
        -:  140:	    }
        -:  141:	  else // have stored a pointer
        -:  142:	    return __source._M_access<_Functor*>();
        -:  143:	}
------------------
_ZNSt14_Function_base13_Base_managerINSt8__detail11_AnyMatcherINSt7__cxx1112regex_traitsIcEELb1ELb1ELb0EEEE14_M_get_pointerERKSt9_Any_data:
function _ZNSt14_Function_base13_Base_managerINSt8__detail11_AnyMatcherINSt7__cxx1112regex_traitsIcEELb1ELb1ELb0EEEE14_M_get_pointerERKSt9_Any_data called 0 returned 0% blocks executed 0%
    #####:  134:	_M_get_pointer(const _Any_data& __source)
    %%%%%:  134-block  0
        -:  135:	{
        -:  136:	  if _GLIBCXX17_CONSTEXPR (__stored_locally)
        -:  137:	    {
    #####:  138:	      const _Functor& __f = __source._M_access<_Functor>();
    %%%%%:  138-block  0
call    0 never executed
    #####:  139:	      return const_cast<_Functor*>(std::__addressof(__f));
call    0 never executed
        -:  140:	    }
        -:  141:	  else // have stored a pointer
        -:  142:	    return __source._M_access<_Functor*>();
        -:  143:	}
------------------
_ZNSt14_Function_base13_Base_managerINSt8__detail11_AnyMatcherINSt7__cxx1112regex_traitsIcEELb1ELb0ELb1EEEE14_M_get_pointerERKSt9_Any_data:
function _ZNSt14_Function_base13_Base_managerINSt8__detail11_AnyMatcherINSt7__cxx1112regex_traitsIcEELb1ELb0ELb1EEEE14_M_get_pointerERKSt9_Any_data called 0 returned 0% blocks executed 0%
    #####:  134:	_M_get_pointer(const _Any_data& __source)
    %%%%%:  134-block  0
        -:  135:	{
        -:  136:	  if _GLIBCXX17_CONSTEXPR (__stored_locally)
        -:  137:	    {
    #####:  138:	      const _Functor& __f = __source._M_access<_Functor>();
    %%%%%:  138-block  0
call    0 never executed
    #####:  139:	      return const_cast<_Functor*>(std::__addressof(__f));
call    0 never executed
        -:  140:	    }
        -:  141:	  else // have stored a pointer
        -:  142:	    return __source._M_access<_Functor*>();
        -:  143:	}
------------------
_ZNSt14_Function_base13_Base_managerINSt8__detail11_AnyMatcherINSt7__cxx1112regex_traitsIcEELb1ELb0ELb0EEEE14_M_get_pointerERKSt9_Any_data:
function _ZNSt14_Function_base13_Base_managerINSt8__detail11_AnyMatcherINSt7__cxx1112regex_traitsIcEELb1ELb0ELb0EEEE14_M_get_pointerERKSt9_Any_data called 0 returned 0% blocks executed 0%
    #####:  134:	_M_get_pointer(const _Any_data& __source)
    %%%%%:  134-block  0
        -:  135:	{
        -:  136:	  if _GLIBCXX17_CONSTEXPR (__stored_locally)
        -:  137:	    {
    #####:  138:	      const _Functor& __f = __source._M_access<_Functor>();
    %%%%%:  138-block  0
call    0 never executed
    #####:  139:	      return const_cast<_Functor*>(std::__addressof(__f));
call    0 never executed
        -:  140:	    }
        -:  141:	  else // have stored a pointer
        -:  142:	    return __source._M_access<_Functor*>();
        -:  143:	}
------------------
_ZNSt14_Function_base13_Base_managerINSt8__detail11_AnyMatcherINSt7__cxx1112regex_traitsIcEELb0ELb1ELb1EEEE14_M_get_pointerERKSt9_Any_data:
function _ZNSt14_Function_base13_Base_managerINSt8__detail11_AnyMatcherINSt7__cxx1112regex_traitsIcEELb0ELb1ELb1EEEE14_M_get_pointerERKSt9_Any_data called 0 returned 0% blocks executed 0%
    #####:  134:	_M_get_pointer(const _Any_data& __source)
    %%%%%:  134-block  0
        -:  135:	{
        -:  136:	  if _GLIBCXX17_CONSTEXPR (__stored_locally)
        -:  137:	    {
    #####:  138:	      const _Functor& __f = __source._M_access<_Functor>();
    %%%%%:  138-block  0
call    0 never executed
    #####:  139:	      return const_cast<_Functor*>(std::__addressof(__f));
call    0 never executed
        -:  140:	    }
        -:  141:	  else // have stored a pointer
        -:  142:	    return __source._M_access<_Functor*>();
        -:  143:	}
------------------
_ZNSt14_Function_base13_Base_managerINSt8__detail11_AnyMatcherINSt7__cxx1112regex_traitsIcEELb0ELb1ELb0EEEE14_M_get_pointerERKSt9_Any_data:
function _ZNSt14_Function_base13_Base_managerINSt8__detail11_AnyMatcherINSt7__cxx1112regex_traitsIcEELb0ELb1ELb0EEEE14_M_get_pointerERKSt9_Any_data called 0 returned 0% blocks executed 0%
    #####:  134:	_M_get_pointer(const _Any_data& __source)
    %%%%%:  134-block  0
        -:  135:	{
        -:  136:	  if _GLIBCXX17_CONSTEXPR (__stored_locally)
        -:  137:	    {
    #####:  138:	      const _Functor& __f = __source._M_access<_Functor>();
    %%%%%:  138-block  0
call    0 never executed
    #####:  139:	      return const_cast<_Functor*>(std::__addressof(__f));
call    0 never executed
        -:  140:	    }
        -:  141:	  else // have stored a pointer
        -:  142:	    return __source._M_access<_Functor*>();
        -:  143:	}
------------------
_ZNSt14_Function_base13_Base_managerINSt8__detail11_AnyMatcherINSt7__cxx1112regex_traitsIcEELb0ELb0ELb1EEEE14_M_get_pointerERKSt9_Any_data:
function _ZNSt14_Function_base13_Base_managerINSt8__detail11_AnyMatcherINSt7__cxx1112regex_traitsIcEELb0ELb0ELb1EEEE14_M_get_pointerERKSt9_Any_data called 0 returned 0% blocks executed 0%
    #####:  134:	_M_get_pointer(const _Any_data& __source)
    %%%%%:  134-block  0
        -:  135:	{
        -:  136:	  if _GLIBCXX17_CONSTEXPR (__stored_locally)
        -:  137:	    {
    #####:  138:	      const _Functor& __f = __source._M_access<_Functor>();
    %%%%%:  138-block  0
call    0 never executed
    #####:  139:	      return const_cast<_Functor*>(std::__addressof(__f));
call    0 never executed
        -:  140:	    }
        -:  141:	  else // have stored a pointer
        -:  142:	    return __source._M_access<_Functor*>();
        -:  143:	}
------------------
_ZNSt14_Function_base13_Base_managerINSt8__detail11_AnyMatcherINSt7__cxx1112regex_traitsIcEELb0ELb0ELb0EEEE14_M_get_pointerERKSt9_Any_data:
function _ZNSt14_Function_base13_Base_managerINSt8__detail11_AnyMatcherINSt7__cxx1112regex_traitsIcEELb0ELb0ELb0EEEE14_M_get_pointerERKSt9_Any_data called 0 returned 0% blocks executed 0%
    #####:  134:	_M_get_pointer(const _Any_data& __source)
    %%%%%:  134-block  0
        -:  135:	{
        -:  136:	  if _GLIBCXX17_CONSTEXPR (__stored_locally)
        -:  137:	    {
    #####:  138:	      const _Functor& __f = __source._M_access<_Functor>();
    %%%%%:  138-block  0
call    0 never executed
    #####:  139:	      return const_cast<_Functor*>(std::__addressof(__f));
call    0 never executed
        -:  140:	    }
        -:  141:	  else // have stored a pointer
        -:  142:	    return __source._M_access<_Functor*>();
        -:  143:	}
------------------
        -:  144:
        -:  145:	// Clone a location-invariant function object that fits within
        -:  146:	// an _Any_data structure.
        -:  147:	static void
    #####:  148:	_M_clone(_Any_data& __dest, const _Any_data& __source, true_type)
        -:  149:	{
    #####:  150:	  ::new (__dest._M_access()) _Functor(__source._M_access<_Functor>());
    #####:  151:	}
------------------
_ZNSt14_Function_base13_Base_managerINSt8__detail12_CharMatcherINSt7__cxx1112regex_traitsIcEELb1ELb1EEEE8_M_cloneERSt9_Any_dataRKS8_St17integral_constantIbLb1EE:
function _ZNSt14_Function_base13_Base_managerINSt8__detail12_CharMatcherINSt7__cxx1112regex_traitsIcEELb1ELb1EEEE8_M_cloneERSt9_Any_dataRKS8_St17integral_constantIbLb1EE called 0 returned 0% blocks executed 0%
    #####:  148:	_M_clone(_Any_data& __dest, const _Any_data& __source, true_type)
        -:  149:	{
    #####:  150:	  ::new (__dest._M_access()) _Functor(__source._M_access<_Functor>());
    %%%%%:  150-block  0
call    0 never executed
call    1 never executed
call    2 never executed
    #####:  151:	}
------------------
_ZNSt14_Function_base13_Base_managerINSt8__detail12_CharMatcherINSt7__cxx1112regex_traitsIcEELb1ELb0EEEE8_M_cloneERSt9_Any_dataRKS8_St17integral_constantIbLb1EE:
function _ZNSt14_Function_base13_Base_managerINSt8__detail12_CharMatcherINSt7__cxx1112regex_traitsIcEELb1ELb0EEEE8_M_cloneERSt9_Any_dataRKS8_St17integral_constantIbLb1EE called 0 returned 0% blocks executed 0%
    #####:  148:	_M_clone(_Any_data& __dest, const _Any_data& __source, true_type)
        -:  149:	{
    #####:  150:	  ::new (__dest._M_access()) _Functor(__source._M_access<_Functor>());
    %%%%%:  150-block  0
call    0 never executed
call    1 never executed
call    2 never executed
    #####:  151:	}
------------------
_ZNSt14_Function_base13_Base_managerINSt8__detail12_CharMatcherINSt7__cxx1112regex_traitsIcEELb0ELb1EEEE8_M_cloneERSt9_Any_dataRKS8_St17integral_constantIbLb1EE:
function _ZNSt14_Function_base13_Base_managerINSt8__detail12_CharMatcherINSt7__cxx1112regex_traitsIcEELb0ELb1EEEE8_M_cloneERSt9_Any_dataRKS8_St17integral_constantIbLb1EE called 0 returned 0% blocks executed 0%
    #####:  148:	_M_clone(_Any_data& __dest, const _Any_data& __source, true_type)
        -:  149:	{
    #####:  150:	  ::new (__dest._M_access()) _Functor(__source._M_access<_Functor>());
    %%%%%:  150-block  0
call    0 never executed
call    1 never executed
call    2 never executed
    #####:  151:	}
------------------
_ZNSt14_Function_base13_Base_managerINSt8__detail12_CharMatcherINSt7__cxx1112regex_traitsIcEELb0ELb0EEEE8_M_cloneERSt9_Any_dataRKS8_St17integral_constantIbLb1EE:
function _ZNSt14_Function_base13_Base_managerINSt8__detail12_CharMatcherINSt7__cxx1112regex_traitsIcEELb0ELb0EEEE8_M_cloneERSt9_Any_dataRKS8_St17integral_constantIbLb1EE called 0 returned 0% blocks executed 0%
    #####:  148:	_M_clone(_Any_data& __dest, const _Any_data& __source, true_type)
        -:  149:	{
    #####:  150:	  ::new (__dest._M_access()) _Functor(__source._M_access<_Functor>());
    %%%%%:  150-block  0
call    0 never executed
call    1 never executed
call    2 never executed
    #####:  151:	}
------------------
_ZNSt14_Function_base13_Base_managerINSt8__detail11_AnyMatcherINSt7__cxx1112regex_traitsIcEELb1ELb1ELb1EEEE8_M_cloneERSt9_Any_dataRKS8_St17integral_constantIbLb1EE:
function _ZNSt14_Function_base13_Base_managerINSt8__detail11_AnyMatcherINSt7__cxx1112regex_traitsIcEELb1ELb1ELb1EEEE8_M_cloneERSt9_Any_dataRKS8_St17integral_constantIbLb1EE called 0 returned 0% blocks executed 0%
    #####:  148:	_M_clone(_Any_data& __dest, const _Any_data& __source, true_type)
        -:  149:	{
    #####:  150:	  ::new (__dest._M_access()) _Functor(__source._M_access<_Functor>());
    %%%%%:  150-block  0
call    0 never executed
call    1 never executed
call    2 never executed
    #####:  151:	}
------------------
_ZNSt14_Function_base13_Base_managerINSt8__detail11_AnyMatcherINSt7__cxx1112regex_traitsIcEELb1ELb1ELb0EEEE8_M_cloneERSt9_Any_dataRKS8_St17integral_constantIbLb1EE:
function _ZNSt14_Function_base13_Base_managerINSt8__detail11_AnyMatcherINSt7__cxx1112regex_traitsIcEELb1ELb1ELb0EEEE8_M_cloneERSt9_Any_dataRKS8_St17integral_constantIbLb1EE called 0 returned 0% blocks executed 0%
    #####:  148:	_M_clone(_Any_data& __dest, const _Any_data& __source, true_type)
        -:  149:	{
    #####:  150:	  ::new (__dest._M_access()) _Functor(__source._M_access<_Functor>());
    %%%%%:  150-block  0
call    0 never executed
call    1 never executed
call    2 never executed
    #####:  151:	}
------------------
_ZNSt14_Function_base13_Base_managerINSt8__detail11_AnyMatcherINSt7__cxx1112regex_traitsIcEELb1ELb0ELb1EEEE8_M_cloneERSt9_Any_dataRKS8_St17integral_constantIbLb1EE:
function _ZNSt14_Function_base13_Base_managerINSt8__detail11_AnyMatcherINSt7__cxx1112regex_traitsIcEELb1ELb0ELb1EEEE8_M_cloneERSt9_Any_dataRKS8_St17integral_constantIbLb1EE called 0 returned 0% blocks executed 0%
    #####:  148:	_M_clone(_Any_data& __dest, const _Any_data& __source, true_type)
        -:  149:	{
    #####:  150:	  ::new (__dest._M_access()) _Functor(__source._M_access<_Functor>());
    %%%%%:  150-block  0
call    0 never executed
call    1 never executed
call    2 never executed
    #####:  151:	}
------------------
_ZNSt14_Function_base13_Base_managerINSt8__detail11_AnyMatcherINSt7__cxx1112regex_traitsIcEELb1ELb0ELb0EEEE8_M_cloneERSt9_Any_dataRKS8_St17integral_constantIbLb1EE:
function _ZNSt14_Function_base13_Base_managerINSt8__detail11_AnyMatcherINSt7__cxx1112regex_traitsIcEELb1ELb0ELb0EEEE8_M_cloneERSt9_Any_dataRKS8_St17integral_constantIbLb1EE called 0 returned 0% blocks executed 0%
    #####:  148:	_M_clone(_Any_data& __dest, const _Any_data& __source, true_type)
        -:  149:	{
    #####:  150:	  ::new (__dest._M_access()) _Functor(__source._M_access<_Functor>());
    %%%%%:  150-block  0
call    0 never executed
call    1 never executed
call    2 never executed
    #####:  151:	}
------------------
_ZNSt14_Function_base13_Base_managerINSt8__detail11_AnyMatcherINSt7__cxx1112regex_traitsIcEELb0ELb1ELb1EEEE8_M_cloneERSt9_Any_dataRKS8_St17integral_constantIbLb1EE:
function _ZNSt14_Function_base13_Base_managerINSt8__detail11_AnyMatcherINSt7__cxx1112regex_traitsIcEELb0ELb1ELb1EEEE8_M_cloneERSt9_Any_dataRKS8_St17integral_constantIbLb1EE called 0 returned 0% blocks executed 0%
    #####:  148:	_M_clone(_Any_data& __dest, const _Any_data& __source, true_type)
        -:  149:	{
    #####:  150:	  ::new (__dest._M_access()) _Functor(__source._M_access<_Functor>());
    %%%%%:  150-block  0
call    0 never executed
call    1 never executed
call    2 never executed
    #####:  151:	}
------------------
_ZNSt14_Function_base13_Base_managerINSt8__detail11_AnyMatcherINSt7__cxx1112regex_traitsIcEELb0ELb1ELb0EEEE8_M_cloneERSt9_Any_dataRKS8_St17integral_constantIbLb1EE:
function _ZNSt14_Function_base13_Base_managerINSt8__detail11_AnyMatcherINSt7__cxx1112regex_traitsIcEELb0ELb1ELb0EEEE8_M_cloneERSt9_Any_dataRKS8_St17integral_constantIbLb1EE called 0 returned 0% blocks executed 0%
    #####:  148:	_M_clone(_Any_data& __dest, const _Any_data& __source, true_type)
        -:  149:	{
    #####:  150:	  ::new (__dest._M_access()) _Functor(__source._M_access<_Functor>());
    %%%%%:  150-block  0
call    0 never executed
call    1 never executed
call    2 never executed
    #####:  151:	}
------------------
_ZNSt14_Function_base13_Base_managerINSt8__detail11_AnyMatcherINSt7__cxx1112regex_traitsIcEELb0ELb0ELb1EEEE8_M_cloneERSt9_Any_dataRKS8_St17integral_constantIbLb1EE:
function _ZNSt14_Function_base13_Base_managerINSt8__detail11_AnyMatcherINSt7__cxx1112regex_traitsIcEELb0ELb0ELb1EEEE8_M_cloneERSt9_Any_dataRKS8_St17integral_constantIbLb1EE called 0 returned 0% blocks executed 0%
    #####:  148:	_M_clone(_Any_data& __dest, const _Any_data& __source, true_type)
        -:  149:	{
    #####:  150:	  ::new (__dest._M_access()) _Functor(__source._M_access<_Functor>());
    %%%%%:  150-block  0
call    0 never executed
call    1 never executed
call    2 never executed
    #####:  151:	}
------------------
_ZNSt14_Function_base13_Base_managerINSt8__detail11_AnyMatcherINSt7__cxx1112regex_traitsIcEELb0ELb0ELb0EEEE8_M_cloneERSt9_Any_dataRKS8_St17integral_constantIbLb1EE:
function _ZNSt14_Function_base13_Base_managerINSt8__detail11_AnyMatcherINSt7__cxx1112regex_traitsIcEELb0ELb0ELb0EEEE8_M_cloneERSt9_Any_dataRKS8_St17integral_constantIbLb1EE called 0 returned 0% blocks executed 0%
    #####:  148:	_M_clone(_Any_data& __dest, const _Any_data& __source, true_type)
        -:  149:	{
    #####:  150:	  ::new (__dest._M_access()) _Functor(__source._M_access<_Functor>());
    %%%%%:  150-block  0
call    0 never executed
call    1 never executed
call    2 never executed
    #####:  151:	}
------------------
        -:  152:
        -:  153:	// Clone a function object that is not location-invariant or
        -:  154:	// that cannot fit into an _Any_data structure.
        -:  155:	static void
    #####:  156:	_M_clone(_Any_data& __dest, const _Any_data& __source, false_type)
        -:  157:	{
    #####:  158:	  __dest._M_access<_Functor*>() =
    #####:  159:	    new _Functor(*__source._M_access<const _Functor*>());
    #####:  160:	}
------------------
_ZNSt14_Function_base13_Base_managerINSt8__detail15_BracketMatcherINSt7__cxx1112regex_traitsIcEELb1ELb1EEEE8_M_cloneERSt9_Any_dataRKS8_St17integral_constantIbLb0EE:
function _ZNSt14_Function_base13_Base_managerINSt8__detail15_BracketMatcherINSt7__cxx1112regex_traitsIcEELb1ELb1EEEE8_M_cloneERSt9_Any_dataRKS8_St17integral_constantIbLb0EE called 0 returned 0% blocks executed 0%
    #####:  156:	_M_clone(_Any_data& __dest, const _Any_data& __source, false_type)
        -:  157:	{
    #####:  158:	  __dest._M_access<_Functor*>() =
    %%%%%:  158-block  0
call    0 never executed
    #####:  159:	    new _Functor(*__source._M_access<const _Functor*>());
    %%%%%:  159-block  0
call    0 never executed
call    1 never executed
call    2 never executed
branch  3 never executed
branch  4 never executed
    $$$$$:  159-block  1
call    5 never executed
    #####:  160:	}
------------------
_ZNSt14_Function_base13_Base_managerINSt8__detail15_BracketMatcherINSt7__cxx1112regex_traitsIcEELb1ELb0EEEE8_M_cloneERSt9_Any_dataRKS8_St17integral_constantIbLb0EE:
function _ZNSt14_Function_base13_Base_managerINSt8__detail15_BracketMatcherINSt7__cxx1112regex_traitsIcEELb1ELb0EEEE8_M_cloneERSt9_Any_dataRKS8_St17integral_constantIbLb0EE called 0 returned 0% blocks executed 0%
    #####:  156:	_M_clone(_Any_data& __dest, const _Any_data& __source, false_type)
        -:  157:	{
    #####:  158:	  __dest._M_access<_Functor*>() =
    %%%%%:  158-block  0
call    0 never executed
    #####:  159:	    new _Functor(*__source._M_access<const _Functor*>());
    %%%%%:  159-block  0
call    0 never executed
call    1 never executed
call    2 never executed
branch  3 never executed
branch  4 never executed
    $$$$$:  159-block  1
call    5 never executed
    #####:  160:	}
------------------
_ZNSt14_Function_base13_Base_managerINSt8__detail15_BracketMatcherINSt7__cxx1112regex_traitsIcEELb0ELb1EEEE8_M_cloneERSt9_Any_dataRKS8_St17integral_constantIbLb0EE:
function _ZNSt14_Function_base13_Base_managerINSt8__detail15_BracketMatcherINSt7__cxx1112regex_traitsIcEELb0ELb1EEEE8_M_cloneERSt9_Any_dataRKS8_St17integral_constantIbLb0EE called 0 returned 0% blocks executed 0%
    #####:  156:	_M_clone(_Any_data& __dest, const _Any_data& __source, false_type)
        -:  157:	{
    #####:  158:	  __dest._M_access<_Functor*>() =
    %%%%%:  158-block  0
call    0 never executed
    #####:  159:	    new _Functor(*__source._M_access<const _Functor*>());
    %%%%%:  159-block  0
call    0 never executed
call    1 never executed
call    2 never executed
branch  3 never executed
branch  4 never executed
    $$$$$:  159-block  1
call    5 never executed
    #####:  160:	}
------------------
_ZNSt14_Function_base13_Base_managerINSt8__detail15_BracketMatcherINSt7__cxx1112regex_traitsIcEELb0ELb0EEEE8_M_cloneERSt9_Any_dataRKS8_St17integral_constantIbLb0EE:
function _ZNSt14_Function_base13_Base_managerINSt8__detail15_BracketMatcherINSt7__cxx1112regex_traitsIcEELb0ELb0EEEE8_M_cloneERSt9_Any_dataRKS8_St17integral_constantIbLb0EE called 0 returned 0% blocks executed 0%
    #####:  156:	_M_clone(_Any_data& __dest, const _Any_data& __source, false_type)
        -:  157:	{
    #####:  158:	  __dest._M_access<_Functor*>() =
    %%%%%:  158-block  0
call    0 never executed
    #####:  159:	    new _Functor(*__source._M_access<const _Functor*>());
    %%%%%:  159-block  0
call    0 never executed
call    1 never executed
call    2 never executed
branch  3 never executed
branch  4 never executed
    $$$$$:  159-block  1
call    5 never executed
    #####:  160:	}
------------------
        -:  161:
        -:  162:	// Destroying a location-invariant object may still require
        -:  163:	// destruction.
        -:  164:	static void
    #####:  165:	_M_destroy(_Any_data& __victim, true_type)
        -:  166:	{
    #####:  167:	  __victim._M_access<_Functor>().~_Functor();
    #####:  168:	}
------------------
_ZNSt14_Function_base13_Base_managerINSt8__detail12_CharMatcherINSt7__cxx1112regex_traitsIcEELb1ELb1EEEE10_M_destroyERSt9_Any_dataSt17integral_constantIbLb1EE:
function _ZNSt14_Function_base13_Base_managerINSt8__detail12_CharMatcherINSt7__cxx1112regex_traitsIcEELb1ELb1EEEE10_M_destroyERSt9_Any_dataSt17integral_constantIbLb1EE called 0 returned 0% blocks executed 0%
    #####:  165:	_M_destroy(_Any_data& __victim, true_type)
        -:  166:	{
    #####:  167:	  __victim._M_access<_Functor>().~_Functor();
    %%%%%:  167-block  0
call    0 never executed
    #####:  168:	}
------------------
_ZNSt14_Function_base13_Base_managerINSt8__detail12_CharMatcherINSt7__cxx1112regex_traitsIcEELb1ELb0EEEE10_M_destroyERSt9_Any_dataSt17integral_constantIbLb1EE:
function _ZNSt14_Function_base13_Base_managerINSt8__detail12_CharMatcherINSt7__cxx1112regex_traitsIcEELb1ELb0EEEE10_M_destroyERSt9_Any_dataSt17integral_constantIbLb1EE called 0 returned 0% blocks executed 0%
    #####:  165:	_M_destroy(_Any_data& __victim, true_type)
        -:  166:	{
    #####:  167:	  __victim._M_access<_Functor>().~_Functor();
    %%%%%:  167-block  0
call    0 never executed
    #####:  168:	}
------------------
_ZNSt14_Function_base13_Base_managerINSt8__detail12_CharMatcherINSt7__cxx1112regex_traitsIcEELb0ELb1EEEE10_M_destroyERSt9_Any_dataSt17integral_constantIbLb1EE:
function _ZNSt14_Function_base13_Base_managerINSt8__detail12_CharMatcherINSt7__cxx1112regex_traitsIcEELb0ELb1EEEE10_M_destroyERSt9_Any_dataSt17integral_constantIbLb1EE called 0 returned 0% blocks executed 0%
    #####:  165:	_M_destroy(_Any_data& __victim, true_type)
        -:  166:	{
    #####:  167:	  __victim._M_access<_Functor>().~_Functor();
    %%%%%:  167-block  0
call    0 never executed
    #####:  168:	}
------------------
_ZNSt14_Function_base13_Base_managerINSt8__detail12_CharMatcherINSt7__cxx1112regex_traitsIcEELb0ELb0EEEE10_M_destroyERSt9_Any_dataSt17integral_constantIbLb1EE:
function _ZNSt14_Function_base13_Base_managerINSt8__detail12_CharMatcherINSt7__cxx1112regex_traitsIcEELb0ELb0EEEE10_M_destroyERSt9_Any_dataSt17integral_constantIbLb1EE called 0 returned 0% blocks executed 0%
    #####:  165:	_M_destroy(_Any_data& __victim, true_type)
        -:  166:	{
    #####:  167:	  __victim._M_access<_Functor>().~_Functor();
    %%%%%:  167-block  0
call    0 never executed
    #####:  168:	}
------------------
_ZNSt14_Function_base13_Base_managerINSt8__detail11_AnyMatcherINSt7__cxx1112regex_traitsIcEELb1ELb1ELb1EEEE10_M_destroyERSt9_Any_dataSt17integral_constantIbLb1EE:
function _ZNSt14_Function_base13_Base_managerINSt8__detail11_AnyMatcherINSt7__cxx1112regex_traitsIcEELb1ELb1ELb1EEEE10_M_destroyERSt9_Any_dataSt17integral_constantIbLb1EE called 0 returned 0% blocks executed 0%
    #####:  165:	_M_destroy(_Any_data& __victim, true_type)
        -:  166:	{
    #####:  167:	  __victim._M_access<_Functor>().~_Functor();
    %%%%%:  167-block  0
call    0 never executed
    #####:  168:	}
------------------
_ZNSt14_Function_base13_Base_managerINSt8__detail11_AnyMatcherINSt7__cxx1112regex_traitsIcEELb1ELb1ELb0EEEE10_M_destroyERSt9_Any_dataSt17integral_constantIbLb1EE:
function _ZNSt14_Function_base13_Base_managerINSt8__detail11_AnyMatcherINSt7__cxx1112regex_traitsIcEELb1ELb1ELb0EEEE10_M_destroyERSt9_Any_dataSt17integral_constantIbLb1EE called 0 returned 0% blocks executed 0%
    #####:  165:	_M_destroy(_Any_data& __victim, true_type)
        -:  166:	{
    #####:  167:	  __victim._M_access<_Functor>().~_Functor();
    %%%%%:  167-block  0
call    0 never executed
    #####:  168:	}
------------------
_ZNSt14_Function_base13_Base_managerINSt8__detail11_AnyMatcherINSt7__cxx1112regex_traitsIcEELb1ELb0ELb1EEEE10_M_destroyERSt9_Any_dataSt17integral_constantIbLb1EE:
function _ZNSt14_Function_base13_Base_managerINSt8__detail11_AnyMatcherINSt7__cxx1112regex_traitsIcEELb1ELb0ELb1EEEE10_M_destroyERSt9_Any_dataSt17integral_constantIbLb1EE called 0 returned 0% blocks executed 0%
    #####:  165:	_M_destroy(_Any_data& __victim, true_type)
        -:  166:	{
    #####:  167:	  __victim._M_access<_Functor>().~_Functor();
    %%%%%:  167-block  0
call    0 never executed
    #####:  168:	}
------------------
_ZNSt14_Function_base13_Base_managerINSt8__detail11_AnyMatcherINSt7__cxx1112regex_traitsIcEELb1ELb0ELb0EEEE10_M_destroyERSt9_Any_dataSt17integral_constantIbLb1EE:
function _ZNSt14_Function_base13_Base_managerINSt8__detail11_AnyMatcherINSt7__cxx1112regex_traitsIcEELb1ELb0ELb0EEEE10_M_destroyERSt9_Any_dataSt17integral_constantIbLb1EE called 0 returned 0% blocks executed 0%
    #####:  165:	_M_destroy(_Any_data& __victim, true_type)
        -:  166:	{
    #####:  167:	  __victim._M_access<_Functor>().~_Functor();
    %%%%%:  167-block  0
call    0 never executed
    #####:  168:	}
------------------
_ZNSt14_Function_base13_Base_managerINSt8__detail11_AnyMatcherINSt7__cxx1112regex_traitsIcEELb0ELb1ELb1EEEE10_M_destroyERSt9_Any_dataSt17integral_constantIbLb1EE:
function _ZNSt14_Function_base13_Base_managerINSt8__detail11_AnyMatcherINSt7__cxx1112regex_traitsIcEELb0ELb1ELb1EEEE10_M_destroyERSt9_Any_dataSt17integral_constantIbLb1EE called 0 returned 0% blocks executed 0%
    #####:  165:	_M_destroy(_Any_data& __victim, true_type)
        -:  166:	{
    #####:  167:	  __victim._M_access<_Functor>().~_Functor();
    %%%%%:  167-block  0
call    0 never executed
    #####:  168:	}
------------------
_ZNSt14_Function_base13_Base_managerINSt8__detail11_AnyMatcherINSt7__cxx1112regex_traitsIcEELb0ELb1ELb0EEEE10_M_destroyERSt9_Any_dataSt17integral_constantIbLb1EE:
function _ZNSt14_Function_base13_Base_managerINSt8__detail11_AnyMatcherINSt7__cxx1112regex_traitsIcEELb0ELb1ELb0EEEE10_M_destroyERSt9_Any_dataSt17integral_constantIbLb1EE called 0 returned 0% blocks executed 0%
    #####:  165:	_M_destroy(_Any_data& __victim, true_type)
        -:  166:	{
    #####:  167:	  __victim._M_access<_Functor>().~_Functor();
    %%%%%:  167-block  0
call    0 never executed
    #####:  168:	}
------------------
_ZNSt14_Function_base13_Base_managerINSt8__detail11_AnyMatcherINSt7__cxx1112regex_traitsIcEELb0ELb0ELb1EEEE10_M_destroyERSt9_Any_dataSt17integral_constantIbLb1EE:
function _ZNSt14_Function_base13_Base_managerINSt8__detail11_AnyMatcherINSt7__cxx1112regex_traitsIcEELb0ELb0ELb1EEEE10_M_destroyERSt9_Any_dataSt17integral_constantIbLb1EE called 0 returned 0% blocks executed 0%
    #####:  165:	_M_destroy(_Any_data& __victim, true_type)
        -:  166:	{
    #####:  167:	  __victim._M_access<_Functor>().~_Functor();
    %%%%%:  167-block  0
call    0 never executed
    #####:  168:	}
------------------
_ZNSt14_Function_base13_Base_managerINSt8__detail11_AnyMatcherINSt7__cxx1112regex_traitsIcEELb0ELb0ELb0EEEE10_M_destroyERSt9_Any_dataSt17integral_constantIbLb1EE:
function _ZNSt14_Function_base13_Base_managerINSt8__detail11_AnyMatcherINSt7__cxx1112regex_traitsIcEELb0ELb0ELb0EEEE10_M_destroyERSt9_Any_dataSt17integral_constantIbLb1EE called 0 returned 0% blocks executed 0%
    #####:  165:	_M_destroy(_Any_data& __victim, true_type)
        -:  166:	{
    #####:  167:	  __victim._M_access<_Functor>().~_Functor();
    %%%%%:  167-block  0
call    0 never executed
    #####:  168:	}
------------------
        -:  169:
        -:  170:	// Destroying an object located on the heap.
        -:  171:	static void
    #####:  172:	_M_destroy(_Any_data& __victim, false_type)
        -:  173:	{
    #####:  174:	  delete __victim._M_access<_Functor*>();
    #####:  175:	}
------------------
_ZNSt14_Function_base13_Base_managerINSt8__detail15_BracketMatcherINSt7__cxx1112regex_traitsIcEELb1ELb1EEEE10_M_destroyERSt9_Any_dataSt17integral_constantIbLb0EE:
function _ZNSt14_Function_base13_Base_managerINSt8__detail15_BracketMatcherINSt7__cxx1112regex_traitsIcEELb1ELb1EEEE10_M_destroyERSt9_Any_dataSt17integral_constantIbLb0EE called 0 returned 0% blocks executed 0%
    #####:  172:	_M_destroy(_Any_data& __victim, false_type)
        -:  173:	{
    #####:  174:	  delete __victim._M_access<_Functor*>();
    %%%%%:  174-block  0
call    0 never executed
branch  1 never executed
branch  2 never executed
    %%%%%:  174-block  1
call    3 never executed
call    4 never executed
    #####:  175:	}
------------------
_ZNSt14_Function_base13_Base_managerINSt8__detail15_BracketMatcherINSt7__cxx1112regex_traitsIcEELb1ELb0EEEE10_M_destroyERSt9_Any_dataSt17integral_constantIbLb0EE:
function _ZNSt14_Function_base13_Base_managerINSt8__detail15_BracketMatcherINSt7__cxx1112regex_traitsIcEELb1ELb0EEEE10_M_destroyERSt9_Any_dataSt17integral_constantIbLb0EE called 0 returned 0% blocks executed 0%
    #####:  172:	_M_destroy(_Any_data& __victim, false_type)
        -:  173:	{
    #####:  174:	  delete __victim._M_access<_Functor*>();
    %%%%%:  174-block  0
call    0 never executed
branch  1 never executed
branch  2 never executed
    %%%%%:  174-block  1
call    3 never executed
call    4 never executed
    #####:  175:	}
------------------
_ZNSt14_Function_base13_Base_managerINSt8__detail15_BracketMatcherINSt7__cxx1112regex_traitsIcEELb0ELb1EEEE10_M_destroyERSt9_Any_dataSt17integral_constantIbLb0EE:
function _ZNSt14_Function_base13_Base_managerINSt8__detail15_BracketMatcherINSt7__cxx1112regex_traitsIcEELb0ELb1EEEE10_M_destroyERSt9_Any_dataSt17integral_constantIbLb0EE called 0 returned 0% blocks executed 0%
    #####:  172:	_M_destroy(_Any_data& __victim, false_type)
        -:  173:	{
    #####:  174:	  delete __victim._M_access<_Functor*>();
    %%%%%:  174-block  0
call    0 never executed
branch  1 never executed
branch  2 never executed
    %%%%%:  174-block  1
call    3 never executed
call    4 never executed
    #####:  175:	}
------------------
_ZNSt14_Function_base13_Base_managerINSt8__detail15_BracketMatcherINSt7__cxx1112regex_traitsIcEELb0ELb0EEEE10_M_destroyERSt9_Any_dataSt17integral_constantIbLb0EE:
function _ZNSt14_Function_base13_Base_managerINSt8__detail15_BracketMatcherINSt7__cxx1112regex_traitsIcEELb0ELb0EEEE10_M_destroyERSt9_Any_dataSt17integral_constantIbLb0EE called 0 returned 0% blocks executed 0%
    #####:  172:	_M_destroy(_Any_data& __victim, false_type)
        -:  173:	{
    #####:  174:	  delete __victim._M_access<_Functor*>();
    %%%%%:  174-block  0
call    0 never executed
branch  1 never executed
branch  2 never executed
    %%%%%:  174-block  1
call    3 never executed
call    4 never executed
    #####:  175:	}
------------------
        -:  176:
        -:  177:      public:
        -:  178:	static bool
    #####:  179:	_M_manager(_Any_data& __dest, const _Any_data& __source,
        -:  180:		   _Manager_operation __op)
        -:  181:	{
    #####:  182:	  switch (__op)
        -:  183:	    {
    #####:  184:	    case __get_type_info:
        -:  185:#if __cpp_rtti
    #####:  186:	      __dest._M_access<const type_info*>() = &typeid(_Functor);
        -:  187:#else
        -:  188:	      __dest._M_access<const type_info*>() = nullptr;
        -:  189:#endif
    #####:  190:	      break;
    #####:  191:	    case __get_functor_ptr:
    #####:  192:	      __dest._M_access<_Functor*>() = _M_get_pointer(__source);
    #####:  193:	      break;
        -:  194:
    #####:  195:	    case __clone_functor:
    #####:  196:	      _M_clone(__dest, __source, _Local_storage());
    #####:  197:	      break;
        -:  198:
    #####:  199:	    case __destroy_functor:
    #####:  200:	      _M_destroy(__dest, _Local_storage());
    #####:  201:	      break;
        -:  202:	    }
    #####:  203:	  return false;
        -:  204:	}
------------------
_ZNSt14_Function_base13_Base_managerINSt8__detail15_BracketMatcherINSt7__cxx1112regex_traitsIcEELb1ELb1EEEE10_M_managerERSt9_Any_dataRKS8_St18_Manager_operation:
function _ZNSt14_Function_base13_Base_managerINSt8__detail15_BracketMatcherINSt7__cxx1112regex_traitsIcEELb1ELb1EEEE10_M_managerERSt9_Any_dataRKS8_St18_Manager_operation called 0 returned 0% blocks executed 0%
    #####:  179:	_M_manager(_Any_data& __dest, const _Any_data& __source,
        -:  180:		   _Manager_operation __op)
        -:  181:	{
    #####:  182:	  switch (__op)
    %%%%%:  182-block  0
branch  0 never executed
branch  1 never executed
branch  2 never executed
branch  3 never executed
branch  4 never executed
        -:  183:	    {
    #####:  184:	    case __get_type_info:
        -:  185:#if __cpp_rtti
    #####:  186:	      __dest._M_access<const type_info*>() = &typeid(_Functor);
    %%%%%:  186-block  0
call    0 never executed
        -:  187:#else
        -:  188:	      __dest._M_access<const type_info*>() = nullptr;
        -:  189:#endif
    #####:  190:	      break;
    #####:  191:	    case __get_functor_ptr:
    #####:  192:	      __dest._M_access<_Functor*>() = _M_get_pointer(__source);
    %%%%%:  192-block  0
call    0 never executed
call    1 never executed
    #####:  193:	      break;
        -:  194:
    #####:  195:	    case __clone_functor:
    #####:  196:	      _M_clone(__dest, __source, _Local_storage());
    %%%%%:  196-block  0
call    0 never executed
    #####:  197:	      break;
        -:  198:
    #####:  199:	    case __destroy_functor:
    #####:  200:	      _M_destroy(__dest, _Local_storage());
    %%%%%:  200-block  0
call    0 never executed
    #####:  201:	      break;
        -:  202:	    }
    #####:  203:	  return false;
    %%%%%:  203-block  0
        -:  204:	}
------------------
_ZNSt14_Function_base13_Base_managerINSt8__detail15_BracketMatcherINSt7__cxx1112regex_traitsIcEELb1ELb0EEEE10_M_managerERSt9_Any_dataRKS8_St18_Manager_operation:
function _ZNSt14_Function_base13_Base_managerINSt8__detail15_BracketMatcherINSt7__cxx1112regex_traitsIcEELb1ELb0EEEE10_M_managerERSt9_Any_dataRKS8_St18_Manager_operation called 0 returned 0% blocks executed 0%
    #####:  179:	_M_manager(_Any_data& __dest, const _Any_data& __source,
        -:  180:		   _Manager_operation __op)
        -:  181:	{
    #####:  182:	  switch (__op)
    %%%%%:  182-block  0
branch  0 never executed
branch  1 never executed
branch  2 never executed
branch  3 never executed
branch  4 never executed
        -:  183:	    {
    #####:  184:	    case __get_type_info:
        -:  185:#if __cpp_rtti
    #####:  186:	      __dest._M_access<const type_info*>() = &typeid(_Functor);
    %%%%%:  186-block  0
call    0 never executed
        -:  187:#else
        -:  188:	      __dest._M_access<const type_info*>() = nullptr;
        -:  189:#endif
    #####:  190:	      break;
    #####:  191:	    case __get_functor_ptr:
    #####:  192:	      __dest._M_access<_Functor*>() = _M_get_pointer(__source);
    %%%%%:  192-block  0
call    0 never executed
call    1 never executed
    #####:  193:	      break;
        -:  194:
    #####:  195:	    case __clone_functor:
    #####:  196:	      _M_clone(__dest, __source, _Local_storage());
    %%%%%:  196-block  0
call    0 never executed
    #####:  197:	      break;
        -:  198:
    #####:  199:	    case __destroy_functor:
    #####:  200:	      _M_destroy(__dest, _Local_storage());
    %%%%%:  200-block  0
call    0 never executed
    #####:  201:	      break;
        -:  202:	    }
    #####:  203:	  return false;
    %%%%%:  203-block  0
        -:  204:	}
------------------
_ZNSt14_Function_base13_Base_managerINSt8__detail15_BracketMatcherINSt7__cxx1112regex_traitsIcEELb0ELb1EEEE10_M_managerERSt9_Any_dataRKS8_St18_Manager_operation:
function _ZNSt14_Function_base13_Base_managerINSt8__detail15_BracketMatcherINSt7__cxx1112regex_traitsIcEELb0ELb1EEEE10_M_managerERSt9_Any_dataRKS8_St18_Manager_operation called 0 returned 0% blocks executed 0%
    #####:  179:	_M_manager(_Any_data& __dest, const _Any_data& __source,
        -:  180:		   _Manager_operation __op)
        -:  181:	{
    #####:  182:	  switch (__op)
    %%%%%:  182-block  0
branch  0 never executed
branch  1 never executed
branch  2 never executed
branch  3 never executed
branch  4 never executed
        -:  183:	    {
    #####:  184:	    case __get_type_info:
        -:  185:#if __cpp_rtti
    #####:  186:	      __dest._M_access<const type_info*>() = &typeid(_Functor);
    %%%%%:  186-block  0
call    0 never executed
        -:  187:#else
        -:  188:	      __dest._M_access<const type_info*>() = nullptr;
        -:  189:#endif
    #####:  190:	      break;
    #####:  191:	    case __get_functor_ptr:
    #####:  192:	      __dest._M_access<_Functor*>() = _M_get_pointer(__source);
    %%%%%:  192-block  0
call    0 never executed
call    1 never executed
    #####:  193:	      break;
        -:  194:
    #####:  195:	    case __clone_functor:
    #####:  196:	      _M_clone(__dest, __source, _Local_storage());
    %%%%%:  196-block  0
call    0 never executed
    #####:  197:	      break;
        -:  198:
    #####:  199:	    case __destroy_functor:
    #####:  200:	      _M_destroy(__dest, _Local_storage());
    %%%%%:  200-block  0
call    0 never executed
    #####:  201:	      break;
        -:  202:	    }
    #####:  203:	  return false;
    %%%%%:  203-block  0
        -:  204:	}
------------------
_ZNSt14_Function_base13_Base_managerINSt8__detail15_BracketMatcherINSt7__cxx1112regex_traitsIcEELb0ELb0EEEE10_M_managerERSt9_Any_dataRKS8_St18_Manager_operation:
function _ZNSt14_Function_base13_Base_managerINSt8__detail15_BracketMatcherINSt7__cxx1112regex_traitsIcEELb0ELb0EEEE10_M_managerERSt9_Any_dataRKS8_St18_Manager_operation called 0 returned 0% blocks executed 0%
    #####:  179:	_M_manager(_Any_data& __dest, const _Any_data& __source,
        -:  180:		   _Manager_operation __op)
        -:  181:	{
    #####:  182:	  switch (__op)
    %%%%%:  182-block  0
branch  0 never executed
branch  1 never executed
branch  2 never executed
branch  3 never executed
branch  4 never executed
        -:  183:	    {
    #####:  184:	    case __get_type_info:
        -:  185:#if __cpp_rtti
    #####:  186:	      __dest._M_access<const type_info*>() = &typeid(_Functor);
    %%%%%:  186-block  0
call    0 never executed
        -:  187:#else
        -:  188:	      __dest._M_access<const type_info*>() = nullptr;
        -:  189:#endif
    #####:  190:	      break;
    #####:  191:	    case __get_functor_ptr:
    #####:  192:	      __dest._M_access<_Functor*>() = _M_get_pointer(__source);
    %%%%%:  192-block  0
call    0 never executed
call    1 never executed
    #####:  193:	      break;
        -:  194:
    #####:  195:	    case __clone_functor:
    #####:  196:	      _M_clone(__dest, __source, _Local_storage());
    %%%%%:  196-block  0
call    0 never executed
    #####:  197:	      break;
        -:  198:
    #####:  199:	    case __destroy_functor:
    #####:  200:	      _M_destroy(__dest, _Local_storage());
    %%%%%:  200-block  0
call    0 never executed
    #####:  201:	      break;
        -:  202:	    }
    #####:  203:	  return false;
    %%%%%:  203-block  0
        -:  204:	}
------------------
_ZNSt14_Function_base13_Base_managerINSt8__detail12_CharMatcherINSt7__cxx1112regex_traitsIcEELb1ELb1EEEE10_M_managerERSt9_Any_dataRKS8_St18_Manager_operation:
function _ZNSt14_Function_base13_Base_managerINSt8__detail12_CharMatcherINSt7__cxx1112regex_traitsIcEELb1ELb1EEEE10_M_managerERSt9_Any_dataRKS8_St18_Manager_operation called 0 returned 0% blocks executed 0%
    #####:  179:	_M_manager(_Any_data& __dest, const _Any_data& __source,
        -:  180:		   _Manager_operation __op)
        -:  181:	{
    #####:  182:	  switch (__op)
    %%%%%:  182-block  0
branch  0 never executed
branch  1 never executed
branch  2 never executed
branch  3 never executed
branch  4 never executed
        -:  183:	    {
    #####:  184:	    case __get_type_info:
        -:  185:#if __cpp_rtti
    #####:  186:	      __dest._M_access<const type_info*>() = &typeid(_Functor);
    %%%%%:  186-block  0
call    0 never executed
        -:  187:#else
        -:  188:	      __dest._M_access<const type_info*>() = nullptr;
        -:  189:#endif
    #####:  190:	      break;
    #####:  191:	    case __get_functor_ptr:
    #####:  192:	      __dest._M_access<_Functor*>() = _M_get_pointer(__source);
    %%%%%:  192-block  0
call    0 never executed
call    1 never executed
    #####:  193:	      break;
        -:  194:
    #####:  195:	    case __clone_functor:
    #####:  196:	      _M_clone(__dest, __source, _Local_storage());
    %%%%%:  196-block  0
call    0 never executed
    #####:  197:	      break;
        -:  198:
    #####:  199:	    case __destroy_functor:
    #####:  200:	      _M_destroy(__dest, _Local_storage());
    %%%%%:  200-block  0
call    0 never executed
    #####:  201:	      break;
        -:  202:	    }
    #####:  203:	  return false;
    %%%%%:  203-block  0
        -:  204:	}
------------------
_ZNSt14_Function_base13_Base_managerINSt8__detail12_CharMatcherINSt7__cxx1112regex_traitsIcEELb1ELb0EEEE10_M_managerERSt9_Any_dataRKS8_St18_Manager_operation:
function _ZNSt14_Function_base13_Base_managerINSt8__detail12_CharMatcherINSt7__cxx1112regex_traitsIcEELb1ELb0EEEE10_M_managerERSt9_Any_dataRKS8_St18_Manager_operation called 0 returned 0% blocks executed 0%
    #####:  179:	_M_manager(_Any_data& __dest, const _Any_data& __source,
        -:  180:		   _Manager_operation __op)
        -:  181:	{
    #####:  182:	  switch (__op)
    %%%%%:  182-block  0
branch  0 never executed
branch  1 never executed
branch  2 never executed
branch  3 never executed
branch  4 never executed
        -:  183:	    {
    #####:  184:	    case __get_type_info:
        -:  185:#if __cpp_rtti
    #####:  186:	      __dest._M_access<const type_info*>() = &typeid(_Functor);
    %%%%%:  186-block  0
call    0 never executed
        -:  187:#else
        -:  188:	      __dest._M_access<const type_info*>() = nullptr;
        -:  189:#endif
    #####:  190:	      break;
    #####:  191:	    case __get_functor_ptr:
    #####:  192:	      __dest._M_access<_Functor*>() = _M_get_pointer(__source);
    %%%%%:  192-block  0
call    0 never executed
call    1 never executed
    #####:  193:	      break;
        -:  194:
    #####:  195:	    case __clone_functor:
    #####:  196:	      _M_clone(__dest, __source, _Local_storage());
    %%%%%:  196-block  0
call    0 never executed
    #####:  197:	      break;
        -:  198:
    #####:  199:	    case __destroy_functor:
    #####:  200:	      _M_destroy(__dest, _Local_storage());
    %%%%%:  200-block  0
call    0 never executed
    #####:  201:	      break;
        -:  202:	    }
    #####:  203:	  return false;
    %%%%%:  203-block  0
        -:  204:	}
------------------
_ZNSt14_Function_base13_Base_managerINSt8__detail12_CharMatcherINSt7__cxx1112regex_traitsIcEELb0ELb1EEEE10_M_managerERSt9_Any_dataRKS8_St18_Manager_operation:
function _ZNSt14_Function_base13_Base_managerINSt8__detail12_CharMatcherINSt7__cxx1112regex_traitsIcEELb0ELb1EEEE10_M_managerERSt9_Any_dataRKS8_St18_Manager_operation called 0 returned 0% blocks executed 0%
    #####:  179:	_M_manager(_Any_data& __dest, const _Any_data& __source,
        -:  180:		   _Manager_operation __op)
        -:  181:	{
    #####:  182:	  switch (__op)
    %%%%%:  182-block  0
branch  0 never executed
branch  1 never executed
branch  2 never executed
branch  3 never executed
branch  4 never executed
        -:  183:	    {
    #####:  184:	    case __get_type_info:
        -:  185:#if __cpp_rtti
    #####:  186:	      __dest._M_access<const type_info*>() = &typeid(_Functor);
    %%%%%:  186-block  0
call    0 never executed
        -:  187:#else
        -:  188:	      __dest._M_access<const type_info*>() = nullptr;
        -:  189:#endif
    #####:  190:	      break;
    #####:  191:	    case __get_functor_ptr:
    #####:  192:	      __dest._M_access<_Functor*>() = _M_get_pointer(__source);
    %%%%%:  192-block  0
call    0 never executed
call    1 never executed
    #####:  193:	      break;
        -:  194:
    #####:  195:	    case __clone_functor:
    #####:  196:	      _M_clone(__dest, __source, _Local_storage());
    %%%%%:  196-block  0
call    0 never executed
    #####:  197:	      break;
        -:  198:
    #####:  199:	    case __destroy_functor:
    #####:  200:	      _M_destroy(__dest, _Local_storage());
    %%%%%:  200-block  0
[...]
        -:  416:	{
        -:  417:	  typedef _Function_handler<_Res(_ArgTypes...), _Functor> _My_handler;
        -:  418:
    #####:  419:	  if (_My_handler::_M_not_empty_function(__f))
call    0 never executed
branch  1 never executed
branch  2 never executed
        -:  420:	    {
    #####:  421:	      _My_handler::_M_init_functor(_M_functor, std::move(__f));
    %%%%%:  421-block  0
call    0 never executed
call    1 never executed
branch  2 never executed
branch  3 never executed
    #####:  422:	      _M_invoker = &_My_handler::_M_invoke;
    #####:  423:	      _M_manager = &_My_handler::_M_manager;
    %%%%%:  423-block  0
        -:  424:	    }
    #####:  425:	}
    %%%%%:  425-block  0
    $$$$$:  425-block  1
call    0 never executed
------------------
_ZNSt8functionIFbcEEC1INSt8__detail11_AnyMatcherINSt7__cxx1112regex_traitsIcEELb0ELb1ELb0EEEvvEET_:
function _ZNSt8functionIFbcEEC1INSt8__detail11_AnyMatcherINSt7__cxx1112regex_traitsIcEELb0ELb1ELb0EEEvvEET_ called 0 returned 0% blocks executed 0%
    #####:  414:	function(_Functor __f)
    #####:  415:	: _Function_base()
    %%%%%:  415-block  0
call    0 never executed
        -:  416:	{
        -:  417:	  typedef _Function_handler<_Res(_ArgTypes...), _Functor> _My_handler;
        -:  418:
    #####:  419:	  if (_My_handler::_M_not_empty_function(__f))
call    0 never executed
branch  1 never executed
branch  2 never executed
        -:  420:	    {
    #####:  421:	      _My_handler::_M_init_functor(_M_functor, std::move(__f));
    %%%%%:  421-block  0
call    0 never executed
call    1 never executed
branch  2 never executed
branch  3 never executed
    #####:  422:	      _M_invoker = &_My_handler::_M_invoke;
    #####:  423:	      _M_manager = &_My_handler::_M_manager;
    %%%%%:  423-block  0
        -:  424:	    }
    #####:  425:	}
    %%%%%:  425-block  0
    $$$$$:  425-block  1
call    0 never executed
------------------
_ZNSt8functionIFbcEEC1INSt8__detail11_AnyMatcherINSt7__cxx1112regex_traitsIcEELb0ELb0ELb1EEEvvEET_:
function _ZNSt8functionIFbcEEC1INSt8__detail11_AnyMatcherINSt7__cxx1112regex_traitsIcEELb0ELb0ELb1EEEvvEET_ called 0 returned 0% blocks executed 0%
    #####:  414:	function(_Functor __f)
    #####:  415:	: _Function_base()
    %%%%%:  415-block  0
call    0 never executed
        -:  416:	{
        -:  417:	  typedef _Function_handler<_Res(_ArgTypes...), _Functor> _My_handler;
        -:  418:
    #####:  419:	  if (_My_handler::_M_not_empty_function(__f))
call    0 never executed
branch  1 never executed
branch  2 never executed
        -:  420:	    {
    #####:  421:	      _My_handler::_M_init_functor(_M_functor, std::move(__f));
    %%%%%:  421-block  0
call    0 never executed
call    1 never executed
branch  2 never executed
branch  3 never executed
    #####:  422:	      _M_invoker = &_My_handler::_M_invoke;
    #####:  423:	      _M_manager = &_My_handler::_M_manager;
    %%%%%:  423-block  0
        -:  424:	    }
    #####:  425:	}
    %%%%%:  425-block  0
    $$$$$:  425-block  1
call    0 never executed
------------------
_ZNSt8functionIFbcEEC1INSt8__detail11_AnyMatcherINSt7__cxx1112regex_traitsIcEELb0ELb0ELb0EEEvvEET_:
function _ZNSt8functionIFbcEEC1INSt8__detail11_AnyMatcherINSt7__cxx1112regex_traitsIcEELb0ELb0ELb0EEEvvEET_ called 0 returned 0% blocks executed 0%
    #####:  414:	function(_Functor __f)
    #####:  415:	: _Function_base()
    %%%%%:  415-block  0
call    0 never executed
        -:  416:	{
        -:  417:	  typedef _Function_handler<_Res(_ArgTypes...), _Functor> _My_handler;
        -:  418:
    #####:  419:	  if (_My_handler::_M_not_empty_function(__f))
call    0 never executed
branch  1 never executed
branch  2 never executed
        -:  420:	    {
    #####:  421:	      _My_handler::_M_init_functor(_M_functor, std::move(__f));
    %%%%%:  421-block  0
call    0 never executed
call    1 never executed
branch  2 never executed
branch  3 never executed
    #####:  422:	      _M_invoker = &_My_handler::_M_invoke;
    #####:  423:	      _M_manager = &_My_handler::_M_manager;
    %%%%%:  423-block  0
        -:  424:	    }
    #####:  425:	}
    %%%%%:  425-block  0
    $$$$$:  425-block  1
call    0 never executed
------------------
        -:  426:
        -:  427:      /**
        -:  428:       *  @brief %Function assignment operator.
        -:  429:       *  @param __x A %function with identical call signature.
        -:  430:       *  @post @c (bool)*this == (bool)x
        -:  431:       *  @returns @c *this
        -:  432:       *
        -:  433:       *  The target of @a __x is copied to @c *this. If @a __x has no
        -:  434:       *  target, then @c *this will be empty.
        -:  435:       *
        -:  436:       *  If @a __x targets a function pointer or a reference to a function
        -:  437:       *  object, then this operation will not throw an %exception.
        -:  438:       */
        -:  439:      function&
        -:  440:      operator=(const function& __x)
        -:  441:      {
        -:  442:	function(__x).swap(*this);
        -:  443:	return *this;
        -:  444:      }
        -:  445:
        -:  446:      /**
        -:  447:       *  @brief %Function move-assignment operator.
        -:  448:       *  @param __x A %function rvalue with identical call signature.
        -:  449:       *  @returns @c *this
        -:  450:       *
        -:  451:       *  The target of @a __x is moved to @c *this. If @a __x has no
        -:  452:       *  target, then @c *this will be empty.
        -:  453:       *
        -:  454:       *  If @a __x targets a function pointer or a reference to a function
        -:  455:       *  object, then this operation will not throw an %exception.
        -:  456:       */
        -:  457:      function&
function _ZNSt8functionIFbcEEaSEOS1_ called 0 returned 0% blocks executed 0%
    #####:  458:      operator=(function&& __x) noexcept
        -:  459:      {
    #####:  460:	function(std::move(__x)).swap(*this);
    %%%%%:  460-block  0
call    0 never executed
call    1 never executed
call    2 never executed
call    3 never executed
    #####:  461:	return *this;
        -:  462:      }
        -:  463:
        -:  464:      /**
        -:  465:       *  @brief %Function assignment to zero.
        -:  466:       *  @post @c !(bool)*this
        -:  467:       *  @returns @c *this
        -:  468:       *
        -:  469:       *  The target of @c *this is deallocated, leaving it empty.
        -:  470:       */
        -:  471:      function&
        -:  472:      operator=(nullptr_t) noexcept
        -:  473:      {
        -:  474:	if (_M_manager)
        -:  475:	  {
        -:  476:	    _M_manager(_M_functor, _M_functor, __destroy_functor);
        -:  477:	    _M_manager = nullptr;
        -:  478:	    _M_invoker = nullptr;
        -:  479:	  }
        -:  480:	return *this;
        -:  481:      }
        -:  482:
        -:  483:      /**
        -:  484:       *  @brief %Function assignment to a new target.
        -:  485:       *  @param __f A %function object that is callable with parameters of
        -:  486:       *  type @c T1, @c T2, ..., @c TN and returns a value convertible
        -:  487:       *  to @c Res.
        -:  488:       *  @return @c *this
        -:  489:       *
        -:  490:       *  This  %function object wrapper will target a copy of @a
        -:  491:       *  __f. If @a __f is @c reference_wrapper<F>, then this function
        -:  492:       *  object will contain a reference to the function object @c
        -:  493:       *  __f.get(). If @a __f is a NULL function pointer or NULL
        -:  494:       *  pointer-to-member, @c this object will be empty.
        -:  495:       *
        -:  496:       *  If @a __f is a non-NULL function pointer or an object of type @c
        -:  497:       *  reference_wrapper<F>, this function will not throw.
        -:  498:       */
        -:  499:      template<typename _Functor>
        -:  500:	_Requires<_Callable<typename decay<_Functor>::type>, function&>
        -:  501:	operator=(_Functor&& __f)
        -:  502:	{
        -:  503:	  function(std::forward<_Functor>(__f)).swap(*this);
        -:  504:	  return *this;
        -:  505:	}
        -:  506:
        -:  507:      /// @overload
        -:  508:      template<typename _Functor>
        -:  509:	function&
        -:  510:	operator=(reference_wrapper<_Functor> __f) noexcept
        -:  511:	{
        -:  512:	  function(__f).swap(*this);
        -:  513:	  return *this;
        -:  514:	}
        -:  515:
        -:  516:      // [3.7.2.2] function modifiers
        -:  517:
        -:  518:      /**
        -:  519:       *  @brief Swap the targets of two %function objects.
        -:  520:       *  @param __x A %function with identical call signature.
        -:  521:       *
        -:  522:       *  Swap the targets of @c this function object and @a __f. This
        -:  523:       *  function will not throw an %exception.
        -:  524:       */
function _ZNSt8functionIFbcEE4swapERS1_ called 0 returned 0% blocks executed 0%
    #####:  525:      void swap(function& __x) noexcept
        -:  526:      {
    #####:  527:	std::swap(_M_functor, __x._M_functor);
    %%%%%:  527-block  0
call    0 never executed
    #####:  528:	std::swap(_M_manager, __x._M_manager);
call    0 never executed
    #####:  529:	std::swap(_M_invoker, __x._M_invoker);
call    0 never executed
    #####:  530:      }
        -:  531:
        -:  532:      // [3.7.2.3] function capacity
        -:  533:
        -:  534:      /**
        -:  535:       *  @brief Determine if the %function wrapper has a target.
        -:  536:       *
        -:  537:       *  @return @c true when this %function object contains a target,
        -:  538:       *  or @c false when it is empty.
        -:  539:       *
        -:  540:       *  This function will not throw an %exception.
        -:  541:       */
function _ZNKSt8functionIFbcEEcvbEv called 0 returned 0% blocks executed 0%
    #####:  542:      explicit operator bool() const noexcept
    #####:  543:      { return !_M_empty(); }
    %%%%%:  543-block  0
call    0 never executed
        -:  544:
        -:  545:      // [3.7.2.4] function invocation
        -:  546:
        -:  547:      /**
        -:  548:       *  @brief Invokes the function targeted by @c *this.
        -:  549:       *  @returns the result of the target.
        -:  550:       *  @throws bad_function_call when @c !(bool)*this
        -:  551:       *
        -:  552:       *  The function call operator invokes the target function object
        -:  553:       *  stored by @c this.
        -:  554:       */
        -:  555:      _Res
function _ZNKSt8functionIFbcEEclEc called 0 returned 0% blocks executed 0%
    #####:  556:      operator()(_ArgTypes... __args) const
        -:  557:      {
    #####:  558:	if (_M_empty())
    %%%%%:  558-block  0
call    0 never executed
branch  1 never executed
branch  2 never executed
    #####:  559:	  __throw_bad_function_call();
    %%%%%:  559-block  0
call    0 never executed
    #####:  560:	return _M_invoker(_M_functor, std::forward<_ArgTypes>(__args)...);
    %%%%%:  560-block  0
call    0 never executed
call    1 never executed
        -:  561:      }
        -:  562:
        -:  563:#if __cpp_rtti
        -:  564:      // [3.7.2.5] function target access
        -:  565:      /**
        -:  566:       *  @brief Determine the type of the target of this function object
        -:  567:       *  wrapper.
        -:  568:       *
        -:  569:       *  @returns the type identifier of the target function object, or
        -:  570:       *  @c typeid(void) if @c !(bool)*this.
        -:  571:       *
        -:  572:       *  This function will not throw an %exception.
        -:  573:       */
        -:  574:      const type_info&
        -:  575:      target_type() const noexcept
        -:  576:      {
        -:  577:	if (_M_manager)
        -:  578:	  {
        -:  579:	    _Any_data __typeinfo_result;
        -:  580:	    _M_manager(__typeinfo_result, _M_functor, __get_type_info);
        -:  581:	    if (auto __ti =  __typeinfo_result._M_access<const type_info*>())
        -:  582:	      return *__ti;
        -:  583:	  }
        -:  584:	return typeid(void);
        -:  585:      }
        -:  586:#endif
        -:  587:
        -:  588:      /**
        -:  589:       *  @brief Access the stored target function object.
        -:  590:       *
        -:  591:       *  @return Returns a pointer to the stored target function object,
        -:  592:       *  if @c typeid(_Functor).equals(target_type()); otherwise, a null
        -:  593:       *  pointer.
        -:  594:       *
        -:  595:       * This function does not throw exceptions.
        -:  596:       *
        -:  597:       * @{
        -:  598:       */
        -:  599:      template<typename _Functor>
        -:  600:	_Functor*
        -:  601:	target() noexcept
        -:  602:	{
        -:  603:	  const function* __const_this = this;
        -:  604:	  const _Functor* __func = __const_this->template target<_Functor>();
        -:  605:	  // If is_function_v<_Functor> is true then const_cast<_Functor*>
        -:  606:	  // would be ill-formed, so use *const_cast<_Functor**> instead.
        -:  607:	  return *const_cast<_Functor**>(&__func);
        -:  608:	}
        -:  609:
        -:  610:      template<typename _Functor>
        -:  611:	const _Functor*
        -:  612:	target() const noexcept
        -:  613:	{
        -:  614:	  if _GLIBCXX17_CONSTEXPR (is_object<_Functor>::value)
        -:  615:	    {
        -:  616:	      // For C++11 and C++14 if-constexpr is not used above, so
        -:  617:	      // _Target_handler avoids ill-formed _Function_handler types.
        -:  618:	      using _Handler = _Target_handler<_Res(_ArgTypes...), _Functor>;
        -:  619:
        -:  620:	      if (_M_manager == &_Handler::_M_manager
        -:  621:#if __cpp_rtti
        -:  622:		  || (_M_manager && typeid(_Functor) == target_type())
        -:  623:#endif
        -:  624:		 )
        -:  625:		{
        -:  626:		  _Any_data __ptr;
        -:  627:		  _M_manager(__ptr, _M_functor, __get_functor_ptr);
        -:  628:		  return __ptr._M_access<const _Functor*>();
        -:  629:		}
        -:  630:	    }
        -:  631:	  return nullptr;
        -:  632:	}
        -:  633:      /// @}
        -:  634:
        -:  635:    private:
        -:  636:      using _Invoker_type = _Res (*)(const _Any_data&, _ArgTypes&&...);
        -:  637:      _Invoker_type _M_invoker;
        -:  638:  };
        -:  639:
        -:  640:#if __cpp_deduction_guides >= 201606
        -:  641:  template<typename>
        -:  642:    struct __function_guide_helper
        -:  643:    { };
        -:  644:
        -:  645:  template<typename _Res, typename _Tp, bool _Nx, typename... _Args>
        -:  646:    struct __function_guide_helper<
        -:  647:      _Res (_Tp::*) (_Args...) noexcept(_Nx)
        -:  648:    >
        -:  649:    { using type = _Res(_Args...); };
        -:  650:
        -:  651:  template<typename _Res, typename _Tp, bool _Nx, typename... _Args>
        -:  652:    struct __function_guide_helper<
        -:  653:      _Res (_Tp::*) (_Args...) & noexcept(_Nx)
        -:  654:    >
        -:  655:    { using type = _Res(_Args...); };
        -:  656:
        -:  657:  template<typename _Res, typename _Tp, bool _Nx, typename... _Args>
        -:  658:    struct __function_guide_helper<
        -:  659:      _Res (_Tp::*) (_Args...) const noexcept(_Nx)
        -:  660:    >
        -:  661:    { using type = _Res(_Args...); };
        -:  662:
        -:  663:  template<typename _Res, typename _Tp, bool _Nx, typename... _Args>
        -:  664:    struct __function_guide_helper<
        -:  665:      _Res (_Tp::*) (_Args...) const & noexcept(_Nx)
        -:  666:    >
        -:  667:    { using type = _Res(_Args...); };
        -:  668:
        -:  669:  template<typename _Res, typename... _ArgTypes>
        -:  670:    function(_Res(*)(_ArgTypes...)) -> function<_Res(_ArgTypes...)>;
        -:  671:
        -:  672:  template<typename _Functor, typename _Signature = typename
        -:  673:	   __function_guide_helper<decltype(&_Functor::operator())>::type>
        -:  674:    function(_Functor) -> function<_Signature>;
        -:  675:#endif
        -:  676:
        -:  677:  // [20.7.15.2.6] null pointer comparisons
        -:  678:
        -:  679:  /**
        -:  680:   *  @brief Compares a polymorphic function object wrapper against 0
        -:  681:   *  (the NULL pointer).
        -:  682:   *  @returns @c true if the wrapper has no target, @c false otherwise
        -:  683:   *
        -:  684:   *  This function will not throw an %exception.
        -:  685:   */
        -:  686:  template<typename _Res, typename... _Args>
        -:  687:    inline bool
        -:  688:    operator==(const function<_Res(_Args...)>& __f, nullptr_t) noexcept
        -:  689:    { return !static_cast<bool>(__f); }
        -:  690:
        -:  691:#if __cpp_impl_three_way_comparison < 201907L
        -:  692:  /// @overload
        -:  693:  template<typename _Res, typename... _Args>
        -:  694:    inline bool
        -:  695:    operator==(nullptr_t, const function<_Res(_Args...)>& __f) noexcept
        -:  696:    { return !static_cast<bool>(__f); }
        -:  697:
        -:  698:  /**
        -:  699:   *  @brief Compares a polymorphic function object wrapper against 0
        -:  700:   *  (the NULL pointer).
        -:  701:   *  @returns @c false if the wrapper has no target, @c true otherwise
        -:  702:   *
        -:  703:   *  This function will not throw an %exception.
        -:  704:   */
        -:  705:  template<typename _Res, typename... _Args>
        -:  706:    inline bool
        -:  707:    operator!=(const function<_Res(_Args...)>& __f, nullptr_t) noexcept
        -:  708:    { return static_cast<bool>(__f); }
        -:  709:
        -:  710:  /// @overload
        -:  711:  template<typename _Res, typename... _Args>
        -:  712:    inline bool
        -:  713:    operator!=(nullptr_t, const function<_Res(_Args...)>& __f) noexcept
        -:  714:    { return static_cast<bool>(__f); }
        -:  715:#endif
        -:  716:
        -:  717:  // [20.7.15.2.7] specialized algorithms
        -:  718:
        -:  719:  /**
        -:  720:   *  @brief Swap the targets of two polymorphic function object wrappers.
        -:  721:   *
        -:  722:   *  This function will not throw an %exception.
        -:  723:   */
        -:  724:  // _GLIBCXX_RESOLVE_LIB_DEFECTS
        -:  725:  // 2062. Effect contradictions w/o no-throw guarantee of std::function swaps
        -:  726:  template<typename _Res, typename... _Args>
        -:  727:    inline void
        -:  728:    swap(function<_Res(_Args...)>& __x, function<_Res(_Args...)>& __y) noexcept
        -:  729:    { __x.swap(__y); }
        -:  730:
        -:  731:#if __cplusplus >= 201703L
        -:  732:  namespace __detail::__variant
        -:  733:  {
        -:  734:    template<typename> struct _Never_valueless_alt; // see <variant>
        -:  735:
        -:  736:    // Provide the strong exception-safety guarantee when emplacing a
        -:  737:    // function into a variant.
        -:  738:    template<typename _Signature>
        -:  739:      struct _Never_valueless_alt<std::function<_Signature>>
        -:  740:      : std::true_type
        -:  741:      { };
        -:  742:  }  // namespace __detail::__variant
        -:  743:#endif // C++17
        -:  744:
        -:  745:_GLIBCXX_END_NAMESPACE_VERSION
        -:  746:} // namespace std
        -:  747:
        -:  748:#endif // C++11
        -:  749:#endif // _GLIBCXX_STD_FUNCTION_H
